<<< Welcome to the RAWSimO CLI >>>
The time is: 04/08/2019 05:18:38
Starting RAWSimO wrapper with the following arguments:
Instance: 1-1-2-12-0.85-4.xlayo
Setting: Letter-Fixed-30000-1000.xsett
ControlConfig: PPFAR-TAFCFS-SAConstantRatio-ISEmptiest-PSFixed-RPDummy-OBDefault-RBSamePod-MMNoChange.xconf
StatisticsDir: fcfs-1000\2_12\4
Seed: 5
Adding handler for unhandled exceptions ...
Initializing ... 
LayoutConfiguration recognized!
Parsing setting config ...
Parsing control config ...
Parsing layout config ...
Generating instance...
Info about all directions within the generated instance:
# # # # e p e e e e e p p p p p p p p p e p p p p p p p p p e p p p p p e e e e e s # # # # 
# # # # n q w w w w ^ + + + + v + + + + ^ + + + + v + + + + ^ + + + + q w w w w d q # # # # 
# # # # b p e e e e b + + + + v + + + + ^ + + + + v + + + + ^ + + + + v e e e e b s # # # # 
# # # # n q w w w w d < < < < q < < < < d < < < < q < < < < d < < < < q w w w w d q w w w w 
# # # # b p e e e e b + + + + v + + + + ^ + + + + v + + + + ^ + + + + v e e e e b p e e e n 
# # # # n q w w w w ^ + + + + v + + + + ^ + + + + v + + + + ^ + + + + q w w w w d q n w w d 
# # # # b p e e e e b > > > > p > > > > b > > > > p > > > > b > > > > p e e e e b p e e e n 
# # # # n q w w w w ^ + + + + v + + + + ^ + + + + v + + + + ^ + + + + q w w w w d q # # # # 
# # # # b p e e e e b + + + + v + + + + ^ + + + + v + + + + ^ + + + + v e e e e b s # # # # 
s w w w d q w w w w d < < < < q < < < < d < < < < q < < < < d < < < < q w w w w d q w w w w 
p e e s b p e e e e b + + + + v + + + + ^ + + + + v + + + + ^ + + + + v e e e e b p e e e n 
s w w w d q w w w w ^ + + + + v + + + + ^ + + + + v + + + + ^ + + + + q w w w w d q n w w d 
e e e e b p e e e e b > > > > p > > > > b > > > > p > > > > b > > > > p e e e e b p e e e n 
# # # # n q w w w w ^ + + + + v + + + + ^ + + + + v + + + + ^ + + + + q w w w w d q # # # # 
# # # # b p e e e e b + + + + v + + + + ^ + + + + v + + + + ^ + + + + v e e e e b s # # # # 
# # # # n q w w w w d < < < < q < < < < d < < < < q < < < < d < < < < q w w w w d q # # # # 
# # # # b p e e e e b + + + + v + + + + ^ + + + + v + + + + ^ + + + + v e e e e b s # # # # 
# # # # n q w w w w ^ + + + + v + + + + ^ + + + + v + + + + ^ + + + + q w w w w d q # # # # 
# # # # b p e e e e b > > > > p > > > > b > > > > p > > > > b > > > > p e e e e b s # # # # 
# # # # n q w w w w ^ + + + + v + + + + ^ + + + + v + + + + ^ + + + + q w w w w d q # # # # 
# # # # b p e e e e b + + + + v + + + + ^ + + + + v + + + + ^ + + + + v e e e e b s # # # # 
# # # # n w w w w w d d d d d w d d d d d d d d d w d d d d d d d d d w w w w w d w # # # # 


Info about all types within the generated instance:
# # # # r r r r r r r r r r r r r r r r r r r r r r r r r r r r r r r r r r r r r r # # # # 
# # # # r r r r r r r s s s s r s s s s r s s s s r s s s s r s s s s r r r r r r r # # # # 
# # # # r r r r r r r s s s s r s s s s r s s s s r s s s s r s s s s r r r r r r r # # # # 
# # # # r r r r r r r r r r r r r r r r r r r r r r r r r r r r r r r r r r r r r r b b b o 
# # # # r r r r r r r s s s s r s s s s r s s s s r s s s s r s s s s r r r r r r r b b b b 
# # # # r r r r r r r s s s s r s s s s r s s s s r s s s s r s s s s r r r r r r r b b b b 
# # # # r r r r r r r r r r r r r r r r r r r r r r r r r r r r r r r r r r r r r r b b b b 
# # # # r r r r r r r s s s s r s s s s r s s s s r s s s s r s s s s r r r r r r r # # # # 
# # # # r r r r r r r s s s s r s s s s r s s s s r s s s s r s s s s r r r r r r r # # # # 
b b b b r r r r r r r r r r r r r r r r r r r r r r r r r r r r r r r r r r r r r r b b b o 
b b b b r r r r r r r s s s s r s s s s r s s s s r s s s s r s s s s r r r r r r r b b b b 
b b b b r r r r r r r s s s s r s s s s r s s s s r s s s s r s s s s r r r r r r r b b b b 
i b b b r r r r r r r r r r r r r r r r r r r r r r r r r r r r r r r r r r r r r r b b b b 
# # # # r r r r r r r s s s s r s s s s r s s s s r s s s s r s s s s r r r r r r r # # # # 
# # # # r r r r r r r s s s s r s s s s r s s s s r s s s s r s s s s r r r r r r r # # # # 
# # # # r r r r r r r r r r r r r r r r r r r r r r r r r r r r r r r r r r r r r r # # # # 
# # # # r r r r r r r s s s s r s s s s r s s s s r s s s s r s s s s r r r r r r r # # # # 
# # # # r r r r r r r s s s s r s s s s r s s s s r s s s s r s s s s r r r r r r r # # # # 
# # # # r r r r r r r r r r r r r r r r r r r r r r r r r r r r r r r r r r r r r r # # # # 
# # # # r r r r r r r s s s s r s s s s r s s s s r s s s s r s s s s r r r r r r r # # # # 
# # # # r r r r r r r s s s s r s s s s r s s s s r s s s s r s s s s r r r r r r r # # # # 
# # # # r r r r r r r r r r r r r r r r r r r r r r r r r r r r r r r r r r r r r r # # # # 


StatisticsFolder: 1-1-2-6-0.85-Letter-Fixed-30000-PPFAR-TAFCFS-SAConstantRatio-ISEmptiest-PSFixed-RPDummy-OBDefault-RBSamePod-MMNoChange-5
Done!
Executing ... 
 05:18:39 | >>> Warming up ...
 00:00:00 | >>> Warmup finished - starting simulation ...
 Realtime |   ETA    |  Sim.Time  | Progress | #Orders | #Bundles | Inv. | Distance | #Coll. |   Memory    
 00:00:00 |   n/a    | 0.00:00:00 |  0.00%   |    0    |    0     | 100% |    0     |   0    |  37.72MB  
 00:00:05 | 00:00:31 | 0.01:09:28 |  13.89%  |   223   |    0     | 97%  |  11616   |   0    |  43.34MB  
 00:00:10 | 00:00:20 | 0.02:45:14 |  33.05%  |   544   |    0     | 92%  |  26778   |   0    |  45.37MB  
 00:00:15 | 00:00:11 | 0.04:41:10 |  56.23%  |   936   |    0     | 87%  |  45011   |   0    |  47.37MB  
 00:00:20 | 00:00:08 | 0.05:52:26 |  70.49%  |  1000   |    0     | 86%  |  48590   |   0    |  47.89MB  
 00:00:25 | 00:00:05 | 0.06:54:27 |  82.89%  |  1000   |    0     | 86%  |  48590   |   0    |  47.96MB  
 00:00:30 | 00:00:01 | 0.07:58:46 |  95.75%  |  1000   |    0     | 86%  |  48590   |   0    |  48.21MB  
 00:00:31 | 00:00:00 | 0.08:20:00 | 100.00%  |  1000   |    0     | 86%  |  48590   |   0    |  48.10MB  
 00:00:31 | >>> Simulation finished - writing results ...
 00:00:32 | >>> Results written
Simulation finished.
>>> Timings
StatTimingPathPlanningAverage: 0.000207201137429643
StatTimingPathPlanningOverall: 1.7670113
StatTimingPathPlanningCount: 8528
StatTimingTaskAllocationAverage: 0.000488773536507938
StatTimingTaskAllocationOverall: 15.3963664
StatTimingTaskAllocationCount: 31500
StatTimingItemStorageAverage: 0.00127128360251848
StatTimingItemStorageOverall: 4.643999
StatTimingItemStorageCount: 3653
StatTimingPodStorageAverage: 6.58980891719745E-06
StatTimingPodStorageOverall: 0.0010346
StatTimingPodStorageCount: 157
StatTimingReplenishmentBatchingAverage: 2.27164461247637E-05
StatTimingReplenishmentBatchingOverall: 0.012017
StatTimingReplenishmentBatchingCount: 529
StatTimingOrderBatchingAverage: 0.000314553484848485
StatTimingOrderBatchingOverall: 0.6228159
StatTimingOrderBatchingCount: 1980
>>> Overall
StatOverallBundlesPlaced: 298
StatOverallItemsOrdered: 3368
StatOverallOrdersPlaced: 1000
StatOverallBundlesRejected: 0
StatOverallOrdersRejected: 0
StatOverallBundlesHandled: 0
StatOverallItemsHandled: 3368
StatOverallLinesHandled: 3212
StatOverallOrdersHandled: 1000
StatOverallCollisions: 0
StatOverallDistanceEstimated: 36988
StatOverallAssignedTasks: 31500
StatMaxMemoryUsed: 48.53515625
StatRealTimeUsed: 31.652765
StatMedianTurnoverTime: 8952.20165669505
StatLowerQuartileTurnoverTime: 4506.52889489882
StatUpperQuartileTurnoverTime: 13244.6043915459
StatAverageThroughputTime: 426.756798138971
StatMedianThroughputTime: 422.383614707522
StatLowerQuartileThroughputTime: 362.613239541907
StatUpperQuartileThroughputTime: 483.386298693955
StatOverallTotalTimeQueueing: 144870.948277538
StatAverageTurnoverTime: 8896.14820448518
StatAverageThroughputTime: 426.756798138971
StatOverallDistanceTraveled: 48589.9999999995

Marked tag finished after 1 tries!
.Fin. - SUCCESS
