<<< Welcome to the RAWSimO CLI >>>
The time is: 04/08/2019 08:56:56
Starting RAWSimO wrapper with the following arguments:
Instance: 1-1-1-6-0.85-6.xlayo
Setting: Letter-Fixed-30000-500.xsett
ControlConfig: PPFAR-TAShortestDistance-SAConstantRatio-ISEmptiest-PSFixed-RPDummy-OBDefault-RBSamePod-MMNoChange.xconf
StatisticsDir: ShortestDistance\ShortestDistance-500\1_6\6
Seed: 5
Adding handler for unhandled exceptions ...
Initializing ... 
LayoutConfiguration recognized!
Parsing setting config ...
Parsing control config ...
Parsing layout config ...
Generating instance...
Info about all directions within the generated instance:
# # # # e p e e e e e p p p p p p p p p e p p p p p p p p p e p p p p p p p p p e p p p p p e e e e e s # # # # 
# # # # n q w w w w ^ + + + + v + + + + ^ + + + + v + + + + ^ + + + + v + + + + ^ + + + + q w w w w d q # # # # 
# # # # b p e e e e b + + + + v + + + + ^ + + + + v + + + + ^ + + + + v + + + + ^ + + + + v e e e e b s # # # # 
# # # # n q w w w w d < < < < q < < < < d < < < < q < < < < d < < < < q < < < < d < < < < q w w w w d q w w w w 
# # # # b p e e e e b + + + + v + + + + ^ + + + + v + + + + ^ + + + + v + + + + ^ + + + + v e e e e b p e e e n 
# # # # n q w w w w ^ + + + + v + + + + ^ + + + + v + + + + ^ + + + + v + + + + ^ + + + + q w w w w d q n w w d 
# # # # b p e e e e b > > > > p > > > > b > > > > p > > > > b > > > > p > > > > b > > > > p e e e e b p e e e n 
# # # # n q w w w w ^ + + + + v + + + + ^ + + + + v + + + + ^ + + + + v + + + + ^ + + + + q w w w w d q # # # # 
# # # # b p e e e e b + + + + v + + + + ^ + + + + v + + + + ^ + + + + v + + + + ^ + + + + v e e e e b s # # # # 
s w w w d q w w w w d < < < < q < < < < d < < < < q < < < < d < < < < q < < < < d < < < < q w w w w d q w w w w 
p e e s b p e e e e b + + + + v + + + + ^ + + + + v + + + + ^ + + + + v + + + + ^ + + + + v e e e e b p e e e n 
s w w w d q w w w w ^ + + + + v + + + + ^ + + + + v + + + + ^ + + + + v + + + + ^ + + + + q w w w w d q n w w d 
e e e e b p e e e e b > > > > p > > > > b > > > > p > > > > b > > > > p > > > > b > > > > p e e e e b p e e e n 
# # # # n q w w w w ^ + + + + v + + + + ^ + + + + v + + + + ^ + + + + v + + + + ^ + + + + q w w w w d q # # # # 
# # # # b p e e e e b + + + + v + + + + ^ + + + + v + + + + ^ + + + + v + + + + ^ + + + + v e e e e b s # # # # 
# # # # n q w w w w d < < < < q < < < < d < < < < q < < < < d < < < < q < < < < d < < < < q w w w w d q # # # # 
# # # # b p e e e e b + + + + v + + + + ^ + + + + v + + + + ^ + + + + v + + + + ^ + + + + v e e e e b s # # # # 
# # # # n q w w w w ^ + + + + v + + + + ^ + + + + v + + + + ^ + + + + v + + + + ^ + + + + q w w w w d q # # # # 
# # # # b p e e e e b > > > > p > > > > b > > > > p > > > > b > > > > p > > > > b > > > > p e e e e b s # # # # 
# # # # n q w w w w ^ + + + + v + + + + ^ + + + + v + + + + ^ + + + + v + + + + ^ + + + + q w w w w d q # # # # 
# # # # b p e e e e b + + + + v + + + + ^ + + + + v + + + + ^ + + + + v + + + + ^ + + + + v e e e e b s # # # # 
# # # # n w w w w w d d d d d w d d d d d d d d d w d d d d d d d d d w d d d d d d d d d w w w w w d w # # # # 


Info about all types within the generated instance:
# # # # r r r r r r r r r r r r r r r r r r r r r r r r r r r r r r r r r r r r r r r r r r r r r r r r # # # # 
# # # # r r r r r r r s s s s r s s s s r s s s s r s s s s r s s s s r s s s s r s s s s r r r r r r r # # # # 
# # # # r r r r r r r s s s s r s s s s r s s s s r s s s s r s s s s r s s s s r s s s s r r r r r r r # # # # 
# # # # r r r r r r r r r r r r r r r r r r r r r r r r r r r r r r r r r r r r r r r r r r r r r r r r b b b o 
# # # # r r r r r r r s s s s r s s s s r s s s s r s s s s r s s s s r s s s s r s s s s r r r r r r r b b b b 
# # # # r r r r r r r s s s s r s s s s r s s s s r s s s s r s s s s r s s s s r s s s s r r r r r r r b b b b 
# # # # r r r r r r r r r r r r r r r r r r r r r r r r r r r r r r r r r r r r r r r r r r r r r r r r b b b b 
# # # # r r r r r r r s s s s r s s s s r s s s s r s s s s r s s s s r s s s s r s s s s r r r r r r r # # # # 
# # # # r r r r r r r s s s s r s s s s r s s s s r s s s s r s s s s r s s s s r s s s s r r r r r r r # # # # 
b b b b r r r r r r r r r r r r r r r r r r r r r r r r r r r r r r r r r r r r r r r r r r r r r r r r b b b o 
b b b b r r r r r r r s s s s r s s s s r s s s s r s s s s r s s s s r s s s s r s s s s r r r r r r r b b b b 
b b b b r r r r r r r s s s s r s s s s r s s s s r s s s s r s s s s r s s s s r s s s s r r r r r r r b b b b 
i b b b r r r r r r r r r r r r r r r r r r r r r r r r r r r r r r r r r r r r r r r r r r r r r r r r b b b b 
# # # # r r r r r r r s s s s r s s s s r s s s s r s s s s r s s s s r s s s s r s s s s r r r r r r r # # # # 
# # # # r r r r r r r s s s s r s s s s r s s s s r s s s s r s s s s r s s s s r s s s s r r r r r r r # # # # 
# # # # r r r r r r r r r r r r r r r r r r r r r r r r r r r r r r r r r r r r r r r r r r r r r r r r # # # # 
# # # # r r r r r r r s s s s r s s s s r s s s s r s s s s r s s s s r s s s s r s s s s r r r r r r r # # # # 
# # # # r r r r r r r s s s s r s s s s r s s s s r s s s s r s s s s r s s s s r s s s s r r r r r r r # # # # 
# # # # r r r r r r r r r r r r r r r r r r r r r r r r r r r r r r r r r r r r r r r r r r r r r r r r # # # # 
# # # # r r r r r r r s s s s r s s s s r s s s s r s s s s r s s s s r s s s s r s s s s r r r r r r r # # # # 
# # # # r r r r r r r s s s s r s s s s r s s s s r s s s s r s s s s r s s s s r s s s s r r r r r r r # # # # 
# # # # r r r r r r r r r r r r r r r r r r r r r r r r r r r r r r r r r r r r r r r r r r r r r r r r # # # # 


StatisticsFolder: 1-1-1-6-0.85-Letter-Fixed-30000-PPFAR-TAShortestDistance-SAConstantRatio-ISEmptiest-PSFixed-RPDummy-OBDefault-RBSamePod-MMNoChange-5
Done!
Executing ... 
 08:56:57 | >>> Warming up ...
 00:00:00 | >>> Warmup finished - starting simulation ...
 Realtime |   ETA    |  Sim.Time  | Progress | #Orders | #Bundles | Inv. | Distance | #Coll. |   Memory    
 00:00:00 |   n/a    | 0.00:00:00 |  0.00%   |    0    |    0     | 100% |    0     |   0    |  38.37MB  
 00:00:05 | 00:01:14 | 0.00:21:39 |  6.34%   |   56    |    0     | 99%  |   389    |   0    |  41.77MB  
 00:00:10 | 00:00:58 | 0.00:50:20 |  14.73%  |   131   |    0     | 99%  |   1098   |   0    |  41.73MB  
 00:00:15 | 00:00:43 | 0.01:27:53 |  25.73%  |   218   |    0     | 98%  |   1859   |   0    |  42.11MB  
 00:00:20 | 00:00:34 | 0.02:04:33 |  36.46%  |   324   |    0     | 97%  |   3213   |   0    |  42.70MB  
 00:00:25 | 00:00:20 | 0.03:06:49 |  54.68%  |   456   |    0     | 95%  |   5377   |   0    |  43.33MB  
 00:00:26 | 00:00:00 | 0.05:41:40 | 100.00%  |   500   |    0     | 95%  |   5946   |   0    |  44.18MB  
 00:00:26 | >>> Simulation finished - writing results ...
 00:00:27 | >>> Results written
Simulation finished.
>>> Timings
StatTimingPathPlanningAverage: 0.000215228846153846
StatTimingPathPlanningOverall: 0.5484031
StatTimingPathPlanningCount: 2548
StatTimingTaskAllocationAverage: 0.00198560708393113
StatTimingTaskAllocationOverall: 22.1434902
StatTimingTaskAllocationCount: 11152
StatTimingItemStorageAverage: 0.000706421471718836
StatTimingItemStorageOverall: 1.2863935
StatTimingItemStorageCount: 1821
StatTimingPodStorageAverage: 0
StatTimingPodStorageOverall: 0
StatTimingPodStorageCount: 0
StatTimingReplenishmentBatchingAverage: 5.83186813186813E-05
StatTimingReplenishmentBatchingOverall: 0.015921
StatTimingReplenishmentBatchingCount: 273
StatTimingOrderBatchingAverage: 0.000156482882882883
StatTimingOrderBatchingOverall: 0.1563264
StatTimingOrderBatchingCount: 999
>>> Overall
StatOverallBundlesPlaced: 148
StatOverallItemsOrdered: 1676
StatOverallOrdersPlaced: 500
StatOverallBundlesRejected: 0
StatOverallOrdersRejected: 0
StatOverallBundlesHandled: 0
StatOverallItemsHandled: 1676
StatOverallLinesHandled: 1604
StatOverallOrdersHandled: 500
StatOverallCollisions: 0
StatOverallDistanceEstimated: 4688
StatOverallAssignedTasks: 11152
StatMaxMemoryUsed: 44.1796875
StatRealTimeUsed: 26.9313496
StatMedianTurnoverTime: 5587.60875574168
StatLowerQuartileTurnoverTime: 2842.25518313695
StatUpperQuartileTurnoverTime: 8545.58096842898
StatAverageThroughputTime: 567.287198715611
StatMedianThroughputTime: 353.288333333338
StatLowerQuartileThroughputTime: 202.960555555562
StatUpperQuartileThroughputTime: 665.363520916157
StatOverallTotalTimeQueueing: 49491.2099236898
StatAverageTurnoverTime: 5749.67192575843
StatAverageThroughputTime: 567.287198715611
StatOverallDistanceTraveled: 5945.99999999998

Marked tag finished after 1 tries!
.Fin. - SUCCESS
