<<< Welcome to the RAWSimO CLI >>>
The time is: 04/08/2019 05:27:49
Starting RAWSimO wrapper with the following arguments:
Instance: 1-1-3-18-0.85-12.xlayo
Setting: Letter-Fixed-30000-1000.xsett
ControlConfig: PPFAR-TAFCFS-SAConstantRatio-ISEmptiest-PSFixed-RPDummy-OBDefault-RBSamePod-MMNoChange.xconf
StatisticsDir: fcfs-1000\3-18\12
Seed: 5
Adding handler for unhandled exceptions ...
Initializing ... 
LayoutConfiguration recognized!
Parsing setting config ...
Parsing control config ...
Parsing layout config ...
Generating instance...
Info about all directions within the generated instance:
# # # # e p e e e e e p p p p p p p p p e p p p p p p p p p e p p p p p p p p p e p p p p p e e e e e s # # # # 
# # # # n q w w w w ^ + + + + v + + + + ^ + + + + v + + + + ^ + + + + v + + + + ^ + + + + q w w w w d q # # # # 
# # # # b p e e e e b + + + + v + + + + ^ + + + + v + + + + ^ + + + + v + + + + ^ + + + + v e e e e b s # # # # 
# # # # n q w w w w d < < < < q < < < < d < < < < q < < < < d < < < < q < < < < d < < < < q w w w w d q w w w w 
# # # # b p e e e e b + + + + v + + + + ^ + + + + v + + + + ^ + + + + v + + + + ^ + + + + v e e e e b p e e e n 
# # # # n q w w w w ^ + + + + v + + + + ^ + + + + v + + + + ^ + + + + v + + + + ^ + + + + q w w w w d q n w w d 
# # # # b p e e e e b > > > > p > > > > b > > > > p > > > > b > > > > p > > > > b > > > > p e e e e b p e e e n 
# # # # n q w w w w ^ + + + + v + + + + ^ + + + + v + + + + ^ + + + + v + + + + ^ + + + + q w w w w d q # # # # 
# # # # b p e e e e b + + + + v + + + + ^ + + + + v + + + + ^ + + + + v + + + + ^ + + + + v e e e e b s # # # # 
s w w w d q w w w w d < < < < q < < < < d < < < < q < < < < d < < < < q < < < < d < < < < q w w w w d q w w w w 
p e e s b p e e e e b + + + + v + + + + ^ + + + + v + + + + ^ + + + + v + + + + ^ + + + + v e e e e b p e e e n 
s w w w d q w w w w ^ + + + + v + + + + ^ + + + + v + + + + ^ + + + + v + + + + ^ + + + + q w w w w d q n w w d 
e e e e b p e e e e b > > > > p > > > > b > > > > p > > > > b > > > > p > > > > b > > > > p e e e e b p e e e n 
# # # # n q w w w w ^ + + + + v + + + + ^ + + + + v + + + + ^ + + + + v + + + + ^ + + + + q w w w w d q # # # # 
# # # # b p e e e e b + + + + v + + + + ^ + + + + v + + + + ^ + + + + v + + + + ^ + + + + v e e e e b s # # # # 
# # # # n q w w w w d < < < < q < < < < d < < < < q < < < < d < < < < q < < < < d < < < < q w w w w d q w w w w 
# # # # b p e e e e b + + + + v + + + + ^ + + + + v + + + + ^ + + + + v + + + + ^ + + + + v e e e e b p e e e n 
# # # # n q w w w w ^ + + + + v + + + + ^ + + + + v + + + + ^ + + + + v + + + + ^ + + + + q w w w w d q n w w d 
# # # # b p e e e e b > > > > p > > > > b > > > > p > > > > b > > > > p > > > > b > > > > p e e e e b p e e e n 
# # # # n q w w w w ^ + + + + v + + + + ^ + + + + v + + + + ^ + + + + v + + + + ^ + + + + q w w w w d q # # # # 
# # # # b p e e e e b + + + + v + + + + ^ + + + + v + + + + ^ + + + + v + + + + ^ + + + + v e e e e b s # # # # 
# # # # n q w w w w d < < < < q < < < < d < < < < q < < < < d < < < < q < < < < d < < < < q w w w w d q # # # # 
# # # # b p e e e e b + + + + v + + + + ^ + + + + v + + + + ^ + + + + v + + + + ^ + + + + v e e e e b s # # # # 
# # # # n q w w w w ^ + + + + v + + + + ^ + + + + v + + + + ^ + + + + v + + + + ^ + + + + q w w w w d q # # # # 
# # # # b p e e e e b > > > > p > > > > b > > > > p > > > > b > > > > p > > > > b > > > > p e e e e b s # # # # 
# # # # n q w w w w ^ + + + + v + + + + ^ + + + + v + + + + ^ + + + + v + + + + ^ + + + + q w w w w d q # # # # 
# # # # b p e e e e b + + + + v + + + + ^ + + + + v + + + + ^ + + + + v + + + + ^ + + + + v e e e e b s # # # # 
# # # # n w w w w w d d d d d w d d d d d d d d d w d d d d d d d d d w d d d d d d d d d w w w w w d w # # # # 


Info about all types within the generated instance:
# # # # r r r r r r r r r r r r r r r r r r r r r r r r r r r r r r r r r r r r r r r r r r r r r r r r # # # # 
# # # # r r r r r r r s s s s r s s s s r s s s s r s s s s r s s s s r s s s s r s s s s r r r r r r r # # # # 
# # # # r r r r r r r s s s s r s s s s r s s s s r s s s s r s s s s r s s s s r s s s s r r r r r r r # # # # 
# # # # r r r r r r r r r r r r r r r r r r r r r r r r r r r r r r r r r r r r r r r r r r r r r r r r b b b o 
# # # # r r r r r r r s s s s r s s s s r s s s s r s s s s r s s s s r s s s s r s s s s r r r r r r r b b b b 
# # # # r r r r r r r s s s s r s s s s r s s s s r s s s s r s s s s r s s s s r s s s s r r r r r r r b b b b 
# # # # r r r r r r r r r r r r r r r r r r r r r r r r r r r r r r r r r r r r r r r r r r r r r r r r b b b b 
# # # # r r r r r r r s s s s r s s s s r s s s s r s s s s r s s s s r s s s s r s s s s r r r r r r r # # # # 
# # # # r r r r r r r s s s s r s s s s r s s s s r s s s s r s s s s r s s s s r s s s s r r r r r r r # # # # 
b b b b r r r r r r r r r r r r r r r r r r r r r r r r r r r r r r r r r r r r r r r r r r r r r r r r b b b o 
b b b b r r r r r r r s s s s r s s s s r s s s s r s s s s r s s s s r s s s s r s s s s r r r r r r r b b b b 
b b b b r r r r r r r s s s s r s s s s r s s s s r s s s s r s s s s r s s s s r s s s s r r r r r r r b b b b 
i b b b r r r r r r r r r r r r r r r r r r r r r r r r r r r r r r r r r r r r r r r r r r r r r r r r b b b b 
# # # # r r r r r r r s s s s r s s s s r s s s s r s s s s r s s s s r s s s s r s s s s r r r r r r r # # # # 
# # # # r r r r r r r s s s s r s s s s r s s s s r s s s s r s s s s r s s s s r s s s s r r r r r r r # # # # 
# # # # r r r r r r r r r r r r r r r r r r r r r r r r r r r r r r r r r r r r r r r r r r r r r r r r b b b o 
# # # # r r r r r r r s s s s r s s s s r s s s s r s s s s r s s s s r s s s s r s s s s r r r r r r r b b b b 
# # # # r r r r r r r s s s s r s s s s r s s s s r s s s s r s s s s r s s s s r s s s s r r r r r r r b b b b 
# # # # r r r r r r r r r r r r r r r r r r r r r r r r r r r r r r r r r r r r r r r r r r r r r r r r b b b b 
# # # # r r r r r r r s s s s r s s s s r s s s s r s s s s r s s s s r s s s s r s s s s r r r r r r r # # # # 
# # # # r r r r r r r s s s s r s s s s r s s s s r s s s s r s s s s r s s s s r s s s s r r r r r r r # # # # 
# # # # r r r r r r r r r r r r r r r r r r r r r r r r r r r r r r r r r r r r r r r r r r r r r r r r # # # # 
# # # # r r r r r r r s s s s r s s s s r s s s s r s s s s r s s s s r s s s s r s s s s r r r r r r r # # # # 
# # # # r r r r r r r s s s s r s s s s r s s s s r s s s s r s s s s r s s s s r s s s s r r r r r r r # # # # 
# # # # r r r r r r r r r r r r r r r r r r r r r r r r r r r r r r r r r r r r r r r r r r r r r r r r # # # # 
# # # # r r r r r r r s s s s r s s s s r s s s s r s s s s r s s s s r s s s s r s s s s r r r r r r r # # # # 
# # # # r r r r r r r s s s s r s s s s r s s s s r s s s s r s s s s r s s s s r s s s s r r r r r r r # # # # 
# # # # r r r r r r r r r r r r r r r r r r r r r r r r r r r r r r r r r r r r r r r r r r r r r r r r # # # # 


StatisticsFolder: 1-1-2-6-0.85-Letter-Fixed-30000-PPFAR-TAFCFS-SAConstantRatio-ISEmptiest-PSFixed-RPDummy-OBDefault-RBSamePod-MMNoChange-5
Done!
Executing ... 
 05:27:51 | >>> Warming up ...
 00:00:00 | >>> Warmup finished - starting simulation ...
 Realtime |   ETA    |  Sim.Time  | Progress | #Orders | #Bundles | Inv. | Distance | #Coll. |   Memory    
 00:00:00 |   n/a    | 0.00:00:00 |  0.00%   |    0    |    0     | 100% |    0     |   0    |  39.72MB  
 00:00:05 | 00:01:51 | 0.00:21:30 |  4.30%   |   97    |    0     | 99%  |   8671   |   0    |  48.01MB  
 00:00:10 | 00:01:19 | 0.00:55:57 |  11.19%  |   259   |    0     | 98%  |  19851   |   0    |  49.67MB  
 00:00:15 | 00:01:06 | 0.01:31:43 |  18.35%  |   432   |    0     | 97%  |  32284   |   0    |  51.83MB  
 00:00:20 | 00:00:55 | 0.02:12:00 |  26.40%  |   628   |    0     | 95%  |  45735   |   0    |  53.82MB  
 00:00:25 | 00:00:46 | 0.02:54:13 |  34.85%  |   836   |    0     | 93%  |  60964   |   0    |  56.13MB  
 00:00:30 | 00:00:40 | 0.03:32:08 |  42.43%  |  1000   |    0     | 92%  |  73151   |   0    |  58.81MB  
 00:00:35 | 00:00:41 | 0.03:48:10 |  45.64%  |  1000   |    0     | 92%  |  73151   |   0    |  58.84MB  
 00:00:40 | 00:00:41 | 0.04:06:34 |  49.31%  |  1000   |    0     | 92%  |  73151   |   0    |  58.68MB  
 00:00:45 | 00:00:40 | 0.04:24:34 |  52.91%  |  1000   |    0     | 92%  |  73151   |   0    |  58.85MB  
 00:00:50 | 00:00:38 | 0.04:42:55 |  56.58%  |  1000   |    0     | 92%  |  73151   |   0    |  58.95MB  
 00:00:55 | 00:00:36 | 0.05:01:12 |  60.24%  |  1000   |    0     | 92%  |  73151   |   0    |  59.13MB  
 00:01:00 | 00:00:34 | 0.05:19:00 |  63.80%  |  1000   |    0     | 92%  |  73151   |   0    |  57.72MB  
 00:01:05 | 00:00:31 | 0.05:37:50 |  67.57%  |  1000   |    0     | 92%  |  73151   |   0    |  58.04MB  
 00:01:10 | 00:00:28 | 0.05:56:15 |  71.25%  |  1000   |    0     | 92%  |  73151   |   0    |  58.09MB  
 00:01:15 | 00:00:25 | 0.06:14:49 |  74.96%  |  1000   |    0     | 92%  |  73151   |   0    |  58.18MB  
 00:01:20 | 00:00:21 | 0.06:33:33 |  78.71%  |  1000   |    0     | 92%  |  73151   |   0    |  58.01MB  
 00:01:25 | 00:00:17 | 0.06:52:43 |  82.55%  |  1000   |    0     | 92%  |  73151   |   0    |  58.11MB  
 00:01:30 | 00:00:14 | 0.07:11:38 |  86.33%  |  1000   |    0     | 92%  |  73151   |   0    |  58.13MB  
 00:01:35 | 00:00:10 | 0.07:30:38 |  90.13%  |  1000   |    0     | 92%  |  73151   |   0    |  58.33MB  
 00:01:40 | 00:00:06 | 0.07:49:33 |  93.91%  |  1000   |    0     | 92%  |  73151   |   0    |  58.44MB  
 00:01:45 | 00:00:02 | 0.08:08:17 |  97.66%  |  1000   |    0     | 92%  |  73151   |   0    |  58.48MB  
 00:01:48 | 00:00:00 | 0.08:20:00 | 100.00%  |  1000   |    0     | 92%  |  73151   |   0    |  58.37MB  
 00:01:48 | >>> Simulation finished - writing results ...
 00:01:48 | >>> Results written
Simulation finished.
>>> Timings
StatTimingPathPlanningAverage: 0.000410438495620814
StatTimingPathPlanningOverall: 3.9833056
StatTimingPathPlanningCount: 9705
StatTimingTaskAllocationAverage: 0.00120904049782385
StatTimingTaskAllocationOverall: 79.1740169999951
StatTimingTaskAllocationCount: 65485
StatTimingItemStorageAverage: 0.00229660690226395
StatTimingItemStorageOverall: 8.31831020000003
StatTimingItemStorageCount: 3622
StatTimingPodStorageAverage: 0
StatTimingPodStorageOverall: 0
StatTimingPodStorageCount: 202
StatTimingReplenishmentBatchingAverage: 1.5512015503876E-05
StatTimingReplenishmentBatchingOverall: 0.0080042
StatTimingReplenishmentBatchingCount: 516
StatTimingOrderBatchingAverage: 0.000275809796954315
StatTimingOrderBatchingOverall: 0.5433453
StatTimingOrderBatchingCount: 1970
>>> Overall
StatOverallBundlesPlaced: 298
StatOverallItemsOrdered: 3368
StatOverallOrdersPlaced: 1000
StatOverallBundlesRejected: 0
StatOverallOrdersRejected: 0
StatOverallBundlesHandled: 0
StatOverallItemsHandled: 3368
StatOverallLinesHandled: 3212
StatOverallOrdersHandled: 1000
StatOverallCollisions: 0
StatOverallDistanceEstimated: 56779
StatOverallAssignedTasks: 65485
StatMaxMemoryUsed: 59.15625
StatRealTimeUsed: 108.1872982
StatMedianTurnoverTime: 6142.07001243204
StatLowerQuartileTurnoverTime: 3210.98520704495
StatUpperQuartileTurnoverTime: 9125.93673223178
StatAverageThroughputTime: 442.62610283283
StatMedianThroughputTime: 432.533434317604
StatLowerQuartileThroughputTime: 386.029451637373
StatUpperQuartileThroughputTime: 497.614891822906
StatOverallTotalTimeQueueing: 127822.396956984
StatAverageTurnoverTime: 6129.77279229555
StatAverageThroughputTime: 442.62610283283
StatOverallDistanceTraveled: 73150.9999999996

Marked tag finished after 1 tries!
.Fin. - SUCCESS
