<<< Welcome to the RAWSimO CLI >>>
The time is: 04/08/2019 09:24:45
Starting RAWSimO wrapper with the following arguments:
Instance: 1-1-3-18-0.85-12.xlayo
Setting: Letter-Fixed-30000-1000.xsett
ControlConfig: PPFAR-TAShortestDistance-SAConstantRatio-ISEmptiest-PSFixed-RPDummy-OBDefault-RBSamePod-MMNoChange.xconf
StatisticsDir: ShortestDistance\ShortestDistance-1000\3-18\12
Seed: 5
Adding handler for unhandled exceptions ...
Initializing ... 
LayoutConfiguration recognized!
Parsing setting config ...
Parsing control config ...
Parsing layout config ...
Generating instance...
Info about all directions within the generated instance:
# # # # e p e e e e e p p p p p p p p p e p p p p p p p p p e p p p p p p p p p e p p p p p e e e e e s # # # # 
# # # # n q w w w w ^ + + + + v + + + + ^ + + + + v + + + + ^ + + + + v + + + + ^ + + + + q w w w w d q # # # # 
# # # # b p e e e e b + + + + v + + + + ^ + + + + v + + + + ^ + + + + v + + + + ^ + + + + v e e e e b s # # # # 
# # # # n q w w w w d < < < < q < < < < d < < < < q < < < < d < < < < q < < < < d < < < < q w w w w d q w w w w 
# # # # b p e e e e b + + + + v + + + + ^ + + + + v + + + + ^ + + + + v + + + + ^ + + + + v e e e e b p e e e n 
# # # # n q w w w w ^ + + + + v + + + + ^ + + + + v + + + + ^ + + + + v + + + + ^ + + + + q w w w w d q n w w d 
# # # # b p e e e e b > > > > p > > > > b > > > > p > > > > b > > > > p > > > > b > > > > p e e e e b p e e e n 
# # # # n q w w w w ^ + + + + v + + + + ^ + + + + v + + + + ^ + + + + v + + + + ^ + + + + q w w w w d q # # # # 
# # # # b p e e e e b + + + + v + + + + ^ + + + + v + + + + ^ + + + + v + + + + ^ + + + + v e e e e b s # # # # 
s w w w d q w w w w d < < < < q < < < < d < < < < q < < < < d < < < < q < < < < d < < < < q w w w w d q w w w w 
p e e s b p e e e e b + + + + v + + + + ^ + + + + v + + + + ^ + + + + v + + + + ^ + + + + v e e e e b p e e e n 
s w w w d q w w w w ^ + + + + v + + + + ^ + + + + v + + + + ^ + + + + v + + + + ^ + + + + q w w w w d q n w w d 
e e e e b p e e e e b > > > > p > > > > b > > > > p > > > > b > > > > p > > > > b > > > > p e e e e b p e e e n 
# # # # n q w w w w ^ + + + + v + + + + ^ + + + + v + + + + ^ + + + + v + + + + ^ + + + + q w w w w d q # # # # 
# # # # b p e e e e b + + + + v + + + + ^ + + + + v + + + + ^ + + + + v + + + + ^ + + + + v e e e e b s # # # # 
# # # # n q w w w w d < < < < q < < < < d < < < < q < < < < d < < < < q < < < < d < < < < q w w w w d q w w w w 
# # # # b p e e e e b + + + + v + + + + ^ + + + + v + + + + ^ + + + + v + + + + ^ + + + + v e e e e b p e e e n 
# # # # n q w w w w ^ + + + + v + + + + ^ + + + + v + + + + ^ + + + + v + + + + ^ + + + + q w w w w d q n w w d 
# # # # b p e e e e b > > > > p > > > > b > > > > p > > > > b > > > > p > > > > b > > > > p e e e e b p e e e n 
# # # # n q w w w w ^ + + + + v + + + + ^ + + + + v + + + + ^ + + + + v + + + + ^ + + + + q w w w w d q # # # # 
# # # # b p e e e e b + + + + v + + + + ^ + + + + v + + + + ^ + + + + v + + + + ^ + + + + v e e e e b s # # # # 
# # # # n q w w w w d < < < < q < < < < d < < < < q < < < < d < < < < q < < < < d < < < < q w w w w d q # # # # 
# # # # b p e e e e b + + + + v + + + + ^ + + + + v + + + + ^ + + + + v + + + + ^ + + + + v e e e e b s # # # # 
# # # # n q w w w w ^ + + + + v + + + + ^ + + + + v + + + + ^ + + + + v + + + + ^ + + + + q w w w w d q # # # # 
# # # # b p e e e e b > > > > p > > > > b > > > > p > > > > b > > > > p > > > > b > > > > p e e e e b s # # # # 
# # # # n q w w w w ^ + + + + v + + + + ^ + + + + v + + + + ^ + + + + v + + + + ^ + + + + q w w w w d q # # # # 
# # # # b p e e e e b + + + + v + + + + ^ + + + + v + + + + ^ + + + + v + + + + ^ + + + + v e e e e b s # # # # 
# # # # n w w w w w d d d d d w d d d d d d d d d w d d d d d d d d d w d d d d d d d d d w w w w w d w # # # # 


Info about all types within the generated instance:
# # # # r r r r r r r r r r r r r r r r r r r r r r r r r r r r r r r r r r r r r r r r r r r r r r r r # # # # 
# # # # r r r r r r r s s s s r s s s s r s s s s r s s s s r s s s s r s s s s r s s s s r r r r r r r # # # # 
# # # # r r r r r r r s s s s r s s s s r s s s s r s s s s r s s s s r s s s s r s s s s r r r r r r r # # # # 
# # # # r r r r r r r r r r r r r r r r r r r r r r r r r r r r r r r r r r r r r r r r r r r r r r r r b b b o 
# # # # r r r r r r r s s s s r s s s s r s s s s r s s s s r s s s s r s s s s r s s s s r r r r r r r b b b b 
# # # # r r r r r r r s s s s r s s s s r s s s s r s s s s r s s s s r s s s s r s s s s r r r r r r r b b b b 
# # # # r r r r r r r r r r r r r r r r r r r r r r r r r r r r r r r r r r r r r r r r r r r r r r r r b b b b 
# # # # r r r r r r r s s s s r s s s s r s s s s r s s s s r s s s s r s s s s r s s s s r r r r r r r # # # # 
# # # # r r r r r r r s s s s r s s s s r s s s s r s s s s r s s s s r s s s s r s s s s r r r r r r r # # # # 
b b b b r r r r r r r r r r r r r r r r r r r r r r r r r r r r r r r r r r r r r r r r r r r r r r r r b b b o 
b b b b r r r r r r r s s s s r s s s s r s s s s r s s s s r s s s s r s s s s r s s s s r r r r r r r b b b b 
b b b b r r r r r r r s s s s r s s s s r s s s s r s s s s r s s s s r s s s s r s s s s r r r r r r r b b b b 
i b b b r r r r r r r r r r r r r r r r r r r r r r r r r r r r r r r r r r r r r r r r r r r r r r r r b b b b 
# # # # r r r r r r r s s s s r s s s s r s s s s r s s s s r s s s s r s s s s r s s s s r r r r r r r # # # # 
# # # # r r r r r r r s s s s r s s s s r s s s s r s s s s r s s s s r s s s s r s s s s r r r r r r r # # # # 
# # # # r r r r r r r r r r r r r r r r r r r r r r r r r r r r r r r r r r r r r r r r r r r r r r r r b b b o 
# # # # r r r r r r r s s s s r s s s s r s s s s r s s s s r s s s s r s s s s r s s s s r r r r r r r b b b b 
# # # # r r r r r r r s s s s r s s s s r s s s s r s s s s r s s s s r s s s s r s s s s r r r r r r r b b b b 
# # # # r r r r r r r r r r r r r r r r r r r r r r r r r r r r r r r r r r r r r r r r r r r r r r r r b b b b 
# # # # r r r r r r r s s s s r s s s s r s s s s r s s s s r s s s s r s s s s r s s s s r r r r r r r # # # # 
# # # # r r r r r r r s s s s r s s s s r s s s s r s s s s r s s s s r s s s s r s s s s r r r r r r r # # # # 
# # # # r r r r r r r r r r r r r r r r r r r r r r r r r r r r r r r r r r r r r r r r r r r r r r r r # # # # 
# # # # r r r r r r r s s s s r s s s s r s s s s r s s s s r s s s s r s s s s r s s s s r r r r r r r # # # # 
# # # # r r r r r r r s s s s r s s s s r s s s s r s s s s r s s s s r s s s s r s s s s r r r r r r r # # # # 
# # # # r r r r r r r r r r r r r r r r r r r r r r r r r r r r r r r r r r r r r r r r r r r r r r r r # # # # 
# # # # r r r r r r r s s s s r s s s s r s s s s r s s s s r s s s s r s s s s r s s s s r r r r r r r # # # # 
# # # # r r r r r r r s s s s r s s s s r s s s s r s s s s r s s s s r s s s s r s s s s r r r r r r r # # # # 
# # # # r r r r r r r r r r r r r r r r r r r r r r r r r r r r r r r r r r r r r r r r r r r r r r r r # # # # 


StatisticsFolder: 1-1-2-6-0.85-Letter-Fixed-30000-PPFAR-TAShortestDistance-SAConstantRatio-ISEmptiest-PSFixed-RPDummy-OBDefault-RBSamePod-MMNoChange-5
Done!
Executing ... 
 09:24:47 | >>> Warming up ...
 00:00:00 | >>> Warmup finished - starting simulation ...
 Realtime |   ETA    |  Sim.Time  | Progress | #Orders | #Bundles | Inv. | Distance | #Coll. |   Memory    
 00:00:00 |   n/a    | 0.00:00:00 |  0.00%   |    0    |    0     | 100% |    0     |   0    |  39.71MB  
 00:00:05 | 00:04:03 | 0.00:06:52 |  2.01%   |   15    |    0     | 100% |   875    |   0    |  44.61MB  
 00:00:10 | 00:04:17 | 0.00:12:46 |  3.74%   |   51    |    0     | 100% |   959    |   0    |  44.97MB  
 00:00:15 | 00:04:14 | 0.00:19:01 |  5.57%   |   74    |    0     | 99%  |   1070   |   0    |  44.00MB  
 00:00:20 | 00:04:00 | 0.00:26:17 |  7.69%   |   113   |    0     | 99%  |   1246   |   0    |  44.22MB  
 00:00:25 | 00:03:54 | 0.00:33:02 |  9.67%   |   144   |    0     | 99%  |   1520   |   0    |  44.40MB  
 00:00:30 | 00:03:40 | 0.00:41:04 |  12.02%  |   179   |    0     | 98%  |   1788   |   0    |  44.70MB  
 00:00:35 | 00:03:23 | 0.00:50:18 |  14.72%  |   210   |    0     | 98%  |   2153   |   0    |  44.89MB  
 00:00:40 | 00:03:15 | 0.00:58:06 |  17.01%  |   249   |    0     | 98%  |   2479   |   0    |  45.25MB  
 00:00:45 | 00:03:11 | 0.01:05:05 |  19.05%  |   289   |    0     | 98%  |   2975   |   0    |  45.53MB  
 00:00:50 | 00:03:05 | 0.01:12:31 |  21.22%  |   323   |    0     | 97%  |   3686   |   0    |  45.80MB  
 00:00:55 | 00:02:54 | 0.01:21:52 |  23.96%  |   358   |    0     | 97%  |   4372   |   0    |  46.60MB  
 00:01:00 | 00:02:49 | 0.01:29:31 |  26.20%  |   406   |    0     | 97%  |   5127   |   0    |  46.83MB  
 00:01:05 | 00:02:41 | 0.01:38:04 |  28.71%  |   440   |    0     | 96%  |   5586   |   0    |  46.84MB  
 00:01:10 | 00:02:30 | 0.01:48:35 |  31.78%  |   485   |    0     | 96%  |   6399   |   0    |  47.37MB  
 00:01:15 | 00:02:22 | 0.01:57:56 |  34.52%  |   532   |    0     | 96%  |   7285   |   0    |  47.74MB  
 00:01:20 | 00:02:14 | 0.02:07:28 |  37.31%  |   579   |    0     | 95%  |   8137   |   0    |  48.07MB  
 00:01:25 | 00:02:06 | 0.02:17:36 |  40.28%  |   635   |    0     | 95%  |   9103   |   0    |  48.59MB  
 00:01:30 | 00:01:56 | 0.02:29:21 |  43.72%  |   689   |    0     | 94%  |   9912   |   0    |  49.06MB  
 00:01:35 | 00:01:44 | 0.02:42:54 |  47.68%  |   745   |    0     | 94%  |  11715   |   0    |  49.77MB  
 00:01:40 | 00:01:33 | 0.02:56:57 |  51.79%  |   817   |    0     | 93%  |  12589   |   0    |  50.43MB  
 00:01:45 | 00:01:18 | 0.03:16:04 |  57.39%  |   885   |    0     | 93%  |  14509   |   0    |  51.49MB  
 00:01:50 | 00:01:01 | 0.03:38:55 |  64.07%  |   959   |    0     | 92%  |  17367   |   0    |  53.29MB  
 00:01:53 | 00:00:00 | 0.05:41:40 | 100.00%  |  1000   |    0     | 92%  |  19268   |   0    |  51.80MB  
 00:01:53 | >>> Simulation finished - writing results ...
 00:01:53 | >>> Results written
Simulation finished.
>>> Timings
StatTimingPathPlanningAverage: 0.00025598774724313
StatTimingPathPlanningOverall: 1.462458
StatTimingPathPlanningCount: 5713
StatTimingTaskAllocationAverage: 0.00360988956589668
StatTimingTaskAllocationOverall: 97.0446612000003
StatTimingTaskAllocationCount: 26883
StatTimingItemStorageAverage: 0.00202621926760563
StatTimingItemStorageOverall: 7.1930784
StatTimingItemStorageCount: 3550
StatTimingPodStorageAverage: 0
StatTimingPodStorageOverall: 0
StatTimingPodStorageCount: 0
StatTimingReplenishmentBatchingAverage: 2.87133944954128E-05
StatTimingReplenishmentBatchingOverall: 0.0156488
StatTimingReplenishmentBatchingCount: 545
StatTimingOrderBatchingAverage: 0.000334389198782961
StatTimingOrderBatchingOverall: 0.6594155
StatTimingOrderBatchingCount: 1972
>>> Overall
StatOverallBundlesPlaced: 298
StatOverallItemsOrdered: 3368
StatOverallOrdersPlaced: 1000
StatOverallBundlesRejected: 0
StatOverallOrdersRejected: 0
StatOverallBundlesHandled: 0
StatOverallItemsHandled: 3368
StatOverallLinesHandled: 3212
StatOverallOrdersHandled: 1000
StatOverallCollisions: 0
StatOverallDistanceEstimated: 14404
StatOverallAssignedTasks: 26883
StatMaxMemoryUsed: 54.1171875
StatRealTimeUsed: 113.2196113
StatMedianTurnoverTime: 6570.55397082265
StatLowerQuartileTurnoverTime: 3393.28204061992
StatUpperQuartileTurnoverTime: 9520.45813602954
StatAverageThroughputTime: 480.925082043505
StatMedianThroughputTime: 381.761760458034
StatLowerQuartileThroughputTime: 180.687871569183
StatUpperQuartileThroughputTime: 622.288239541916
StatOverallTotalTimeQueueing: 190476.025701927
StatAverageTurnoverTime: 6477.77966361229
StatAverageThroughputTime: 480.925082043505
StatOverallDistanceTraveled: 19268

Marked tag finished after 1 tries!
.Fin. - SUCCESS
