<<< Welcome to the RAWSimO CLI >>>
The time is: 04/08/2019 06:37:48
Starting RAWSimO wrapper with the following arguments:
Instance: 1-1-3-18-0.85-10.xlayo
Setting: Letter-Fixed-30000-500.xsett
ControlConfig: PPFAR-TARandom-SAConstantRatio-ISEmptiest-PSFixed-RPDummy-OBDefault-RBSamePod-MMNoChange.xconf
StatisticsDir: Random\Random-500\3-18\10
Seed: 5
Adding handler for unhandled exceptions ...
Initializing ... 
LayoutConfiguration recognized!
Parsing setting config ...
Parsing control config ...
Parsing layout config ...
Generating instance...
Info about all directions within the generated instance:
# # # # e p e e e e e p p p p p p p p p e p p p p p p p p p e p p p p p e e e e e s # # # # 
# # # # n q w w w w ^ + + + + v + + + + ^ + + + + v + + + + ^ + + + + q w w w w d q # # # # 
# # # # b p e e e e b + + + + v + + + + ^ + + + + v + + + + ^ + + + + v e e e e b s # # # # 
# # # # n q w w w w d < < < < q < < < < d < < < < q < < < < d < < < < q w w w w d q w w w w 
# # # # b p e e e e b + + + + v + + + + ^ + + + + v + + + + ^ + + + + v e e e e b p e e e n 
# # # # n q w w w w ^ + + + + v + + + + ^ + + + + v + + + + ^ + + + + q w w w w d q n w w d 
# # # # b p e e e e b > > > > p > > > > b > > > > p > > > > b > > > > p e e e e b p e e e n 
# # # # n q w w w w ^ + + + + v + + + + ^ + + + + v + + + + ^ + + + + q w w w w d q # # # # 
# # # # b p e e e e b + + + + v + + + + ^ + + + + v + + + + ^ + + + + v e e e e b s # # # # 
s w w w d q w w w w d < < < < q < < < < d < < < < q < < < < d < < < < q w w w w d q w w w w 
p e e s b p e e e e b + + + + v + + + + ^ + + + + v + + + + ^ + + + + v e e e e b p e e e n 
s w w w d q w w w w ^ + + + + v + + + + ^ + + + + v + + + + ^ + + + + q w w w w d q n w w d 
e e e e b p e e e e b > > > > p > > > > b > > > > p > > > > b > > > > p e e e e b p e e e n 
# # # # n q w w w w ^ + + + + v + + + + ^ + + + + v + + + + ^ + + + + q w w w w d q # # # # 
# # # # b p e e e e b + + + + v + + + + ^ + + + + v + + + + ^ + + + + v e e e e b s # # # # 
# # # # n q w w w w d < < < < q < < < < d < < < < q < < < < d < < < < q w w w w d q w w w w 
# # # # b p e e e e b + + + + v + + + + ^ + + + + v + + + + ^ + + + + v e e e e b p e e e n 
# # # # n q w w w w ^ + + + + v + + + + ^ + + + + v + + + + ^ + + + + q w w w w d q n w w d 
# # # # b p e e e e b > > > > p > > > > b > > > > p > > > > b > > > > p e e e e b p e e e n 
# # # # n q w w w w ^ + + + + v + + + + ^ + + + + v + + + + ^ + + + + q w w w w d q # # # # 
# # # # b p e e e e b + + + + v + + + + ^ + + + + v + + + + ^ + + + + v e e e e b s # # # # 
# # # # n q w w w w d < < < < q < < < < d < < < < q < < < < d < < < < q w w w w d q # # # # 
# # # # b p e e e e b + + + + v + + + + ^ + + + + v + + + + ^ + + + + v e e e e b s # # # # 
# # # # n q w w w w ^ + + + + v + + + + ^ + + + + v + + + + ^ + + + + q w w w w d q # # # # 
# # # # b p e e e e b > > > > p > > > > b > > > > p > > > > b > > > > p e e e e b s # # # # 
# # # # n q w w w w ^ + + + + v + + + + ^ + + + + v + + + + ^ + + + + q w w w w d q # # # # 
# # # # b p e e e e b + + + + v + + + + ^ + + + + v + + + + ^ + + + + v e e e e b s # # # # 
# # # # n w w w w w d d d d d w d d d d d d d d d w d d d d d d d d d w w w w w d w # # # # 


Info about all types within the generated instance:
# # # # r r r r r r r r r r r r r r r r r r r r r r r r r r r r r r r r r r r r r r # # # # 
# # # # r r r r r r r s s s s r s s s s r s s s s r s s s s r s s s s r r r r r r r # # # # 
# # # # r r r r r r r s s s s r s s s s r s s s s r s s s s r s s s s r r r r r r r # # # # 
# # # # r r r r r r r r r r r r r r r r r r r r r r r r r r r r r r r r r r r r r r b b b o 
# # # # r r r r r r r s s s s r s s s s r s s s s r s s s s r s s s s r r r r r r r b b b b 
# # # # r r r r r r r s s s s r s s s s r s s s s r s s s s r s s s s r r r r r r r b b b b 
# # # # r r r r r r r r r r r r r r r r r r r r r r r r r r r r r r r r r r r r r r b b b b 
# # # # r r r r r r r s s s s r s s s s r s s s s r s s s s r s s s s r r r r r r r # # # # 
# # # # r r r r r r r s s s s r s s s s r s s s s r s s s s r s s s s r r r r r r r # # # # 
b b b b r r r r r r r r r r r r r r r r r r r r r r r r r r r r r r r r r r r r r r b b b o 
b b b b r r r r r r r s s s s r s s s s r s s s s r s s s s r s s s s r r r r r r r b b b b 
b b b b r r r r r r r s s s s r s s s s r s s s s r s s s s r s s s s r r r r r r r b b b b 
i b b b r r r r r r r r r r r r r r r r r r r r r r r r r r r r r r r r r r r r r r b b b b 
# # # # r r r r r r r s s s s r s s s s r s s s s r s s s s r s s s s r r r r r r r # # # # 
# # # # r r r r r r r s s s s r s s s s r s s s s r s s s s r s s s s r r r r r r r # # # # 
# # # # r r r r r r r r r r r r r r r r r r r r r r r r r r r r r r r r r r r r r r b b b o 
# # # # r r r r r r r s s s s r s s s s r s s s s r s s s s r s s s s r r r r r r r b b b b 
# # # # r r r r r r r s s s s r s s s s r s s s s r s s s s r s s s s r r r r r r r b b b b 
# # # # r r r r r r r r r r r r r r r r r r r r r r r r r r r r r r r r r r r r r r b b b b 
# # # # r r r r r r r s s s s r s s s s r s s s s r s s s s r s s s s r r r r r r r # # # # 
# # # # r r r r r r r s s s s r s s s s r s s s s r s s s s r s s s s r r r r r r r # # # # 
# # # # r r r r r r r r r r r r r r r r r r r r r r r r r r r r r r r r r r r r r r # # # # 
# # # # r r r r r r r s s s s r s s s s r s s s s r s s s s r s s s s r r r r r r r # # # # 
# # # # r r r r r r r s s s s r s s s s r s s s s r s s s s r s s s s r r r r r r r # # # # 
# # # # r r r r r r r r r r r r r r r r r r r r r r r r r r r r r r r r r r r r r r # # # # 
# # # # r r r r r r r s s s s r s s s s r s s s s r s s s s r s s s s r r r r r r r # # # # 
# # # # r r r r r r r s s s s r s s s s r s s s s r s s s s r s s s s r r r r r r r # # # # 
# # # # r r r r r r r r r r r r r r r r r r r r r r r r r r r r r r r r r r r r r r # # # # 


StatisticsFolder: 1-1-2-6-0.85-Letter-Fixed-30000-PPFAR-TARandom-SAConstantRatio-ISEmptiest-PSFixed-RPDummy-OBDefault-RBSamePod-MMNoChange-5
Done!
Executing ... 
 06:37:49 | >>> Warming up ...
 00:00:00 | >>> Warmup finished - starting simulation ...
 Realtime |   ETA    |  Sim.Time  | Progress | #Orders | #Bundles | Inv. | Distance | #Coll. |   Memory    
 00:00:00 |   n/a    | 0.00:00:00 |  0.00%   |    0    |    0     | 100% |    0     |   0    |  38.37MB  
 00:00:05 | 00:00:45 | 0.00:49:50 |  9.97%   |   223   |    0     | 97%  |  17387   |   0    |  44.13MB  
 00:00:10 | 00:00:36 | 0.01:47:05 |  21.42%  |   500   |    0     | 95%  |  39475   |   0    |  47.61MB  
 00:00:15 | 00:00:38 | 0.02:21:05 |  28.22%  |   500   |    0     | 95%  |  62668   |   0    |  50.68MB  
 00:00:20 | 00:00:36 | 0.02:57:35 |  35.52%  |   500   |    0     | 95%  |  87694   |   0    |  51.33MB  
 00:00:25 | 00:00:33 | 0.03:32:36 |  42.52%  |   500   |    0     | 95%  |  111573  |   0    |  52.25MB  
 00:00:30 | 00:00:30 | 0.04:07:11 |  49.44%  |   500   |    0     | 95%  |  135214  |   0    |  52.25MB  
 00:00:35 | 00:00:26 | 0.04:42:47 |  56.56%  |   500   |    0     | 95%  |  159498  |   0    |  52.54MB  
 00:00:40 | 00:00:22 | 0.05:19:52 |  63.98%  |   500   |    0     | 95%  |  184244  |   0    |  52.20MB  
 00:00:45 | 00:00:18 | 0.05:56:32 |  71.31%  |   500   |    0     | 95%  |  208934  |   0    |  52.66MB  
 00:00:50 | 00:00:13 | 0.06:33:25 |  78.68%  |   500   |    0     | 95%  |  233786  |   0    |  52.29MB  
 00:00:55 | 00:00:08 | 0.07:10:22 |  86.08%  |   500   |    0     | 95%  |  259008  |   0    |  52.70MB  
 00:01:00 | 00:00:03 | 0.07:49:19 |  93.86%  |   500   |    0     | 95%  |  285422  |   0    |  52.51MB  
 00:01:04 | 00:00:00 | 0.08:20:00 | 100.00%  |   500   |    0     | 95%  |  306398  |   0    |  52.95MB  
 00:01:04 | >>> Simulation finished - writing results ...
 00:01:04 | >>> Results written
Simulation finished.
>>> Timings
StatTimingPathPlanningAverage: 0.000651555966573814
StatTimingPathPlanningOverall: 17.5431443999999
StatTimingPathPlanningCount: 26925
StatTimingTaskAllocationAverage: 0.0010331793205844
StatTimingTaskAllocationOverall: 17.3966734000001
StatTimingTaskAllocationCount: 16838
StatTimingItemStorageAverage: 0.00084482519379845
StatTimingItemStorageOverall: 1.5257543
StatTimingItemStorageCount: 1806
StatTimingPodStorageAverage: 0
StatTimingPodStorageOverall: 0
StatTimingPodStorageCount: 100
StatTimingReplenishmentBatchingAverage: 2.74145098039216E-05
StatTimingReplenishmentBatchingOverall: 0.0069907
StatTimingReplenishmentBatchingCount: 255
StatTimingOrderBatchingAverage: 0.000155716901408451
StatTimingOrderBatchingOverall: 0.1547826
StatTimingOrderBatchingCount: 994
>>> Overall
StatOverallBundlesPlaced: 148
StatOverallItemsOrdered: 1676
StatOverallOrdersPlaced: 500
StatOverallBundlesRejected: 0
StatOverallOrdersRejected: 0
StatOverallBundlesHandled: 0
StatOverallItemsHandled: 1676
StatOverallLinesHandled: 1604
StatOverallOrdersHandled: 500
StatOverallCollisions: 0
StatOverallDistanceEstimated: 286043
StatOverallAssignedTasks: 16838
StatMaxMemoryUsed: 52.94140625
StatRealTimeUsed: 64.0385105
StatMedianTurnoverTime: 3134.67785971149
StatLowerQuartileTurnoverTime: 1742.68211495141
StatUpperQuartileTurnoverTime: 4540.83580089931
StatAverageThroughputTime: 434.793710035651
StatMedianThroughputTime: 378.294632027274
StatLowerQuartileThroughputTime: 273.389256861603
StatUpperQuartileThroughputTime: 542.551666666675
StatOverallTotalTimeQueueing: 62593.8954620644
StatAverageTurnoverTime: 3128.45853428531
StatAverageThroughputTime: 434.793710035651
StatOverallDistanceTraveled: 306397.611756818

Marked tag finished after 1 tries!
.Fin. - SUCCESS
