<<< Welcome to the RAWSimO CLI >>>
The time is: 04/08/2019 02:35:26
Starting RAWSimO wrapper with the following arguments:
Instance: 1-1-3-18-0.85-4.xlayo
Setting: Letter-Fixed-7200-100.xsett
ControlConfig: PPFAR-TAFCFS-SAConstantRatio-ISEmptiest-PSFixed-RPDummy-OBDefault-RBSamePod-MMNoChange.xconf
StatisticsDir: fcfs-100\3-18\4
Seed: 5
Adding handler for unhandled exceptions ...
Initializing ... 
LayoutConfiguration recognized!
Parsing setting config ...
Parsing control config ...
Parsing layout config ...
Generating instance...
Info about all directions within the generated instance:
# # # # e p e e e e e p p p p p p p p p e p p p p p p p p p e p p p p p e e e e e s # # # # 
# # # # n q w w w w ^ + + + + v + + + + ^ + + + + v + + + + ^ + + + + q w w w w d q # # # # 
# # # # b p e e e e b + + + + v + + + + ^ + + + + v + + + + ^ + + + + v e e e e b s # # # # 
# # # # n q w w w w d < < < < q < < < < d < < < < q < < < < d < < < < q w w w w d q w w w w 
# # # # b p e e e e b + + + + v + + + + ^ + + + + v + + + + ^ + + + + v e e e e b p e e e n 
# # # # n q w w w w ^ + + + + v + + + + ^ + + + + v + + + + ^ + + + + q w w w w d q n w w d 
# # # # b p e e e e b > > > > p > > > > b > > > > p > > > > b > > > > p e e e e b p e e e n 
# # # # n q w w w w ^ + + + + v + + + + ^ + + + + v + + + + ^ + + + + q w w w w d q # # # # 
# # # # b p e e e e b + + + + v + + + + ^ + + + + v + + + + ^ + + + + v e e e e b s # # # # 
s w w w d q w w w w d < < < < q < < < < d < < < < q < < < < d < < < < q w w w w d q w w w w 
p e e s b p e e e e b + + + + v + + + + ^ + + + + v + + + + ^ + + + + v e e e e b p e e e n 
s w w w d q w w w w ^ + + + + v + + + + ^ + + + + v + + + + ^ + + + + q w w w w d q n w w d 
e e e e b p e e e e b > > > > p > > > > b > > > > p > > > > b > > > > p e e e e b p e e e n 
# # # # n q w w w w ^ + + + + v + + + + ^ + + + + v + + + + ^ + + + + q w w w w d q # # # # 
# # # # b p e e e e b + + + + v + + + + ^ + + + + v + + + + ^ + + + + v e e e e b s # # # # 
# # # # n q w w w w d < < < < q < < < < d < < < < q < < < < d < < < < q w w w w d q w w w w 
# # # # b p e e e e b + + + + v + + + + ^ + + + + v + + + + ^ + + + + v e e e e b p e e e n 
# # # # n q w w w w ^ + + + + v + + + + ^ + + + + v + + + + ^ + + + + q w w w w d q n w w d 
# # # # b p e e e e b > > > > p > > > > b > > > > p > > > > b > > > > p e e e e b p e e e n 
# # # # n q w w w w ^ + + + + v + + + + ^ + + + + v + + + + ^ + + + + q w w w w d q # # # # 
# # # # b p e e e e b + + + + v + + + + ^ + + + + v + + + + ^ + + + + v e e e e b s # # # # 
# # # # n w w w w w d d d d d w d d d d d d d d d w d d d d d d d d d w w w w w d w # # # # 


Info about all types within the generated instance:
# # # # r r r r r r r r r r r r r r r r r r r r r r r r r r r r r r r r r r r r r r # # # # 
# # # # r r r r r r r s s s s r s s s s r s s s s r s s s s r s s s s r r r r r r r # # # # 
# # # # r r r r r r r s s s s r s s s s r s s s s r s s s s r s s s s r r r r r r r # # # # 
# # # # r r r r r r r r r r r r r r r r r r r r r r r r r r r r r r r r r r r r r r b b b o 
# # # # r r r r r r r s s s s r s s s s r s s s s r s s s s r s s s s r r r r r r r b b b b 
# # # # r r r r r r r s s s s r s s s s r s s s s r s s s s r s s s s r r r r r r r b b b b 
# # # # r r r r r r r r r r r r r r r r r r r r r r r r r r r r r r r r r r r r r r b b b b 
# # # # r r r r r r r s s s s r s s s s r s s s s r s s s s r s s s s r r r r r r r # # # # 
# # # # r r r r r r r s s s s r s s s s r s s s s r s s s s r s s s s r r r r r r r # # # # 
b b b b r r r r r r r r r r r r r r r r r r r r r r r r r r r r r r r r r r r r r r b b b o 
b b b b r r r r r r r s s s s r s s s s r s s s s r s s s s r s s s s r r r r r r r b b b b 
b b b b r r r r r r r s s s s r s s s s r s s s s r s s s s r s s s s r r r r r r r b b b b 
i b b b r r r r r r r r r r r r r r r r r r r r r r r r r r r r r r r r r r r r r r b b b b 
# # # # r r r r r r r s s s s r s s s s r s s s s r s s s s r s s s s r r r r r r r # # # # 
# # # # r r r r r r r s s s s r s s s s r s s s s r s s s s r s s s s r r r r r r r # # # # 
# # # # r r r r r r r r r r r r r r r r r r r r r r r r r r r r r r r r r r r r r r b b b o 
# # # # r r r r r r r s s s s r s s s s r s s s s r s s s s r s s s s r r r r r r r b b b b 
# # # # r r r r r r r s s s s r s s s s r s s s s r s s s s r s s s s r r r r r r r b b b b 
# # # # r r r r r r r r r r r r r r r r r r r r r r r r r r r r r r r r r r r r r r b b b b 
# # # # r r r r r r r s s s s r s s s s r s s s s r s s s s r s s s s r r r r r r r # # # # 
# # # # r r r r r r r s s s s r s s s s r s s s s r s s s s r s s s s r r r r r r r # # # # 
# # # # r r r r r r r r r r r r r r r r r r r r r r r r r r r r r r r r r r r r r r # # # # 


StatisticsFolder: 1-1-2-6-0.85-Letter-Fixed-7200-PPFAR-TAFCFS-SAConstantRatio-ISEmptiest-PSFixed-RPDummy-OBDefault-RBSamePod-MMNoChange-5
Done!
Executing ... 
 02:35:27 | >>> Warming up ...
 00:00:00 | >>> Warmup finished - starting simulation ...
 Realtime |   ETA    |  Sim.Time  | Progress | #Orders | #Bundles | Inv. | Distance | #Coll. |   Memory    
 00:00:00 |   n/a    | 0.00:00:00 |  0.00%   |    0    |    0     | 100% |    0     |   0    |  36.99MB  
 00:00:05 | 00:00:09 | 0.00:42:20 |  35.28%  |   100   |    0     | 99%  |   8541   |   0    |  41.77MB  
 00:00:10 | 00:00:05 | 0.01:15:50 |  63.20%  |   100   |    0     | 99%  |   8541   |   0    |  41.88MB  
 00:00:15 | 00:00:01 | 0.01:48:59 |  90.83%  |   100   |    0     | 99%  |   8541   |   0    |  42.14MB  
 00:00:16 | 00:00:00 | 0.02:00:00 | 100.00%  |   100   |    0     | 99%  |   8541   |   0    |  42.35MB  
 00:00:16 | >>> Simulation finished - writing results ...
 00:00:16 | >>> Results written
Simulation finished.
>>> Timings
StatTimingPathPlanningAverage: 0.00035823734939759
StatTimingPathPlanningOverall: 0.3865381
StatTimingPathPlanningCount: 1079
StatTimingTaskAllocationAverage: 0.000647532309948436
StatTimingTaskAllocationOverall: 13.6881855
StatTimingTaskAllocationCount: 21139
StatTimingItemStorageAverage: 0.000175656020942408
StatTimingItemStorageOverall: 0.0671006
StatTimingItemStorageCount: 382
StatTimingPodStorageAverage: 3.44896551724138E-05
StatTimingPodStorageOverall: 0.0010002
StatTimingPodStorageCount: 29
StatTimingReplenishmentBatchingAverage: 0.000103806896551724
StatTimingReplenishmentBatchingOverall: 0.0060208
StatTimingReplenishmentBatchingCount: 58
StatTimingOrderBatchingAverage: 9.0412E-05
StatTimingOrderBatchingOverall: 0.0180824
StatTimingOrderBatchingCount: 200
>>> Overall
StatOverallBundlesPlaced: 34
StatOverallItemsOrdered: 348
StatOverallOrdersPlaced: 100
StatOverallBundlesRejected: 0
StatOverallOrdersRejected: 0
StatOverallBundlesHandled: 0
StatOverallItemsHandled: 348
StatOverallLinesHandled: 333
StatOverallOrdersHandled: 100
StatOverallCollisions: 0
StatOverallDistanceEstimated: 6329
StatOverallAssignedTasks: 21139
StatMaxMemoryUsed: 42.38671875
StatRealTimeUsed: 16.6469063
StatMedianTurnoverTime: 575.166256754341
StatLowerQuartileTurnoverTime: 381.027490527279
StatUpperQuartileTurnoverTime: 775.870509386163
StatAverageThroughputTime: 390.598557949718
StatMedianThroughputTime: 412.569362347585
StatLowerQuartileThroughputTime: 359.332546243887
StatUpperQuartileThroughputTime: 462.434448946079
StatOverallTotalTimeQueueing: 12424.5212409996
StatAverageTurnoverTime: 569.117143111205
StatAverageThroughputTime: 390.598557949718
StatOverallDistanceTraveled: 8540.99999999998

Marked tag finished after 1 tries!
.Fin. - SUCCESS
