<<< Welcome to the RAWSimO CLI >>>
The time is: 04/08/2019 05:22:09
Starting RAWSimO wrapper with the following arguments:
Instance: 1-1-3-18-0.85-4.xlayo
Setting: Letter-Fixed-30000-1000.xsett
ControlConfig: PPFAR-TAFCFS-SAConstantRatio-ISEmptiest-PSFixed-RPDummy-OBDefault-RBSamePod-MMNoChange.xconf
StatisticsDir: fcfs-1000\3-18\4
Seed: 5
Adding handler for unhandled exceptions ...
Initializing ... 
LayoutConfiguration recognized!
Parsing setting config ...
Parsing control config ...
Parsing layout config ...
Generating instance...
Info about all directions within the generated instance:
# # # # e p e e e e e p p p p p p p p p e p p p p p p p p p e p p p p p e e e e e s # # # # 
# # # # n q w w w w ^ + + + + v + + + + ^ + + + + v + + + + ^ + + + + q w w w w d q # # # # 
# # # # b p e e e e b + + + + v + + + + ^ + + + + v + + + + ^ + + + + v e e e e b s # # # # 
# # # # n q w w w w d < < < < q < < < < d < < < < q < < < < d < < < < q w w w w d q w w w w 
# # # # b p e e e e b + + + + v + + + + ^ + + + + v + + + + ^ + + + + v e e e e b p e e e n 
# # # # n q w w w w ^ + + + + v + + + + ^ + + + + v + + + + ^ + + + + q w w w w d q n w w d 
# # # # b p e e e e b > > > > p > > > > b > > > > p > > > > b > > > > p e e e e b p e e e n 
# # # # n q w w w w ^ + + + + v + + + + ^ + + + + v + + + + ^ + + + + q w w w w d q # # # # 
# # # # b p e e e e b + + + + v + + + + ^ + + + + v + + + + ^ + + + + v e e e e b s # # # # 
s w w w d q w w w w d < < < < q < < < < d < < < < q < < < < d < < < < q w w w w d q w w w w 
p e e s b p e e e e b + + + + v + + + + ^ + + + + v + + + + ^ + + + + v e e e e b p e e e n 
s w w w d q w w w w ^ + + + + v + + + + ^ + + + + v + + + + ^ + + + + q w w w w d q n w w d 
e e e e b p e e e e b > > > > p > > > > b > > > > p > > > > b > > > > p e e e e b p e e e n 
# # # # n q w w w w ^ + + + + v + + + + ^ + + + + v + + + + ^ + + + + q w w w w d q # # # # 
# # # # b p e e e e b + + + + v + + + + ^ + + + + v + + + + ^ + + + + v e e e e b s # # # # 
# # # # n q w w w w d < < < < q < < < < d < < < < q < < < < d < < < < q w w w w d q w w w w 
# # # # b p e e e e b + + + + v + + + + ^ + + + + v + + + + ^ + + + + v e e e e b p e e e n 
# # # # n q w w w w ^ + + + + v + + + + ^ + + + + v + + + + ^ + + + + q w w w w d q n w w d 
# # # # b p e e e e b > > > > p > > > > b > > > > p > > > > b > > > > p e e e e b p e e e n 
# # # # n q w w w w ^ + + + + v + + + + ^ + + + + v + + + + ^ + + + + q w w w w d q # # # # 
# # # # b p e e e e b + + + + v + + + + ^ + + + + v + + + + ^ + + + + v e e e e b s # # # # 
# # # # n w w w w w d d d d d w d d d d d d d d d w d d d d d d d d d w w w w w d w # # # # 


Info about all types within the generated instance:
# # # # r r r r r r r r r r r r r r r r r r r r r r r r r r r r r r r r r r r r r r # # # # 
# # # # r r r r r r r s s s s r s s s s r s s s s r s s s s r s s s s r r r r r r r # # # # 
# # # # r r r r r r r s s s s r s s s s r s s s s r s s s s r s s s s r r r r r r r # # # # 
# # # # r r r r r r r r r r r r r r r r r r r r r r r r r r r r r r r r r r r r r r b b b o 
# # # # r r r r r r r s s s s r s s s s r s s s s r s s s s r s s s s r r r r r r r b b b b 
# # # # r r r r r r r s s s s r s s s s r s s s s r s s s s r s s s s r r r r r r r b b b b 
# # # # r r r r r r r r r r r r r r r r r r r r r r r r r r r r r r r r r r r r r r b b b b 
# # # # r r r r r r r s s s s r s s s s r s s s s r s s s s r s s s s r r r r r r r # # # # 
# # # # r r r r r r r s s s s r s s s s r s s s s r s s s s r s s s s r r r r r r r # # # # 
b b b b r r r r r r r r r r r r r r r r r r r r r r r r r r r r r r r r r r r r r r b b b o 
b b b b r r r r r r r s s s s r s s s s r s s s s r s s s s r s s s s r r r r r r r b b b b 
b b b b r r r r r r r s s s s r s s s s r s s s s r s s s s r s s s s r r r r r r r b b b b 
i b b b r r r r r r r r r r r r r r r r r r r r r r r r r r r r r r r r r r r r r r b b b b 
# # # # r r r r r r r s s s s r s s s s r s s s s r s s s s r s s s s r r r r r r r # # # # 
# # # # r r r r r r r s s s s r s s s s r s s s s r s s s s r s s s s r r r r r r r # # # # 
# # # # r r r r r r r r r r r r r r r r r r r r r r r r r r r r r r r r r r r r r r b b b o 
# # # # r r r r r r r s s s s r s s s s r s s s s r s s s s r s s s s r r r r r r r b b b b 
# # # # r r r r r r r s s s s r s s s s r s s s s r s s s s r s s s s r r r r r r r b b b b 
# # # # r r r r r r r r r r r r r r r r r r r r r r r r r r r r r r r r r r r r r r b b b b 
# # # # r r r r r r r s s s s r s s s s r s s s s r s s s s r s s s s r r r r r r r # # # # 
# # # # r r r r r r r s s s s r s s s s r s s s s r s s s s r s s s s r r r r r r r # # # # 
# # # # r r r r r r r r r r r r r r r r r r r r r r r r r r r r r r r r r r r r r r # # # # 


StatisticsFolder: 1-1-2-6-0.85-Letter-Fixed-30000-PPFAR-TAFCFS-SAConstantRatio-ISEmptiest-PSFixed-RPDummy-OBDefault-RBSamePod-MMNoChange-5
Done!
Executing ... 
 05:22:10 | >>> Warming up ...
 00:00:00 | >>> Warmup finished - starting simulation ...
 Realtime |   ETA    |  Sim.Time  | Progress | #Orders | #Bundles | Inv. | Distance | #Coll. |   Memory    
 00:00:00 |   n/a    | 0.00:00:00 |  0.00%   |    0    |    0     | 100% |    0     |   0    |  37.73MB  
 00:00:05 | 00:01:03 | 0.00:36:27 |  7.29%   |   165   |    0     | 98%  |  12181   |   0    |  43.69MB  
 00:00:10 | 00:00:48 | 0.01:25:10 |  17.04%  |   395   |    0     | 94%  |  28228   |   0    |  45.98MB  
 00:00:15 | 00:00:38 | 0.02:18:59 |  27.80%  |   657   |    0     | 91%  |  45487   |   0    |  47.67MB  
 00:00:20 | 00:00:30 | 0.03:16:19 |  39.27%  |   932   |    0     | 87%  |  64657   |   0    |  49.66MB  
 00:00:25 | 00:00:27 | 0.03:57:02 |  47.41%  |  1000   |    0     | 86%  |  69667   |   0    |  49.20MB  
 00:00:30 | 00:00:25 | 0.04:31:58 |  54.39%  |  1000   |    0     | 86%  |  69667   |   0    |  49.16MB  
 00:00:35 | 00:00:22 | 0.05:06:36 |  61.32%  |  1000   |    0     | 86%  |  69667   |   0    |  49.51MB  
 00:00:40 | 00:00:18 | 0.05:41:18 |  68.26%  |  1000   |    0     | 86%  |  69667   |   0    |  49.47MB  
 00:00:45 | 00:00:14 | 0.06:15:36 |  75.12%  |  1000   |    0     | 86%  |  69667   |   0    |  49.60MB  
 00:00:50 | 00:00:10 | 0.06:49:59 |  82.00%  |  1000   |    0     | 86%  |  69667   |   0    |  50.32MB  
 00:00:55 | 00:00:06 | 0.07:23:35 |  88.72%  |  1000   |    0     | 86%  |  69667   |   0    |  50.48MB  
 00:01:00 | 00:00:02 | 0.07:58:24 |  95.68%  |  1000   |    0     | 86%  |  69667   |   0    |  50.64MB  
 00:01:03 | 00:00:00 | 0.08:20:00 | 100.00%  |  1000   |    0     | 86%  |  69667   |   0    |  50.95MB  
 00:01:03 | >>> Simulation finished - writing results ...
 00:01:03 | >>> Results written
Simulation finished.
>>> Timings
StatTimingPathPlanningAverage: 0.000305648530451469
StatTimingPathPlanningOverall: 3.0262261
StatTimingPathPlanningCount: 9901
StatTimingTaskAllocationAverage: 0.000667851946790936
StatTimingTaskAllocationOverall: 41.2692431999991
StatTimingTaskAllocationCount: 61794
StatTimingItemStorageAverage: 0.00127138029136888
StatTimingItemStorageOverall: 4.6252815
StatTimingItemStorageCount: 3638
StatTimingPodStorageAverage: 0
StatTimingPodStorageOverall: 0
StatTimingPodStorageCount: 193
StatTimingReplenishmentBatchingAverage: 1.89842205323194E-05
StatTimingReplenishmentBatchingOverall: 0.0099857
StatTimingReplenishmentBatchingCount: 526
StatTimingOrderBatchingAverage: 0.00028812531709792
StatTimingOrderBatchingOverall: 0.567895
StatTimingOrderBatchingCount: 1971
>>> Overall
StatOverallBundlesPlaced: 298
StatOverallItemsOrdered: 3368
StatOverallOrdersPlaced: 1000
StatOverallBundlesRejected: 0
StatOverallOrdersRejected: 0
StatOverallBundlesHandled: 0
StatOverallItemsHandled: 3368
StatOverallLinesHandled: 3212
StatOverallOrdersHandled: 1000
StatOverallCollisions: 0
StatOverallDistanceEstimated: 53487
StatOverallAssignedTasks: 61794
StatMaxMemoryUsed: 50.9375
StatRealTimeUsed: 63.1336254
StatMedianTurnoverTime: 6171.56664177501
StatLowerQuartileTurnoverTime: 3166.03421217913
StatUpperQuartileTurnoverTime: 9226.40680135085
StatAverageThroughputTime: 447.535949448659
StatMedianThroughputTime: 435.43824673487
StatLowerQuartileThroughputTime: 392.711118304036
StatUpperQuartileThroughputTime: 501.950281374218
StatOverallTotalTimeQueueing: 132394.773418179
StatAverageTurnoverTime: 6186.25150211688
StatAverageThroughputTime: 447.535949448659
StatOverallDistanceTraveled: 69666.9999999996

Marked tag finished after 1 tries!
.Fin. - SUCCESS
