<<< Welcome to the RAWSimO CLI >>>
The time is: 04/08/2019 00:51:53
Starting RAWSimO wrapper with the following arguments:
Instance: 1-1-1-6-0.85-4.xlayo
Setting: Letter-Fixed-7200-50.xsett
ControlConfig: PPFAR-TAFCFS-SAConstantRatio-ISEmptiest-PSFixed-RPDummy-OBDefault-RBSamePod-MMNoChange.xconf
StatisticsDir: fcfs_50\1_6\4
Seed: 5
Adding handler for unhandled exceptions ...
Initializing ... 
LayoutConfiguration recognized!
Parsing setting config ...
Parsing control config ...
Parsing layout config ...
Generating instance...
Info about all directions within the generated instance:
# # # # e p e e e e e p p p p p p p p p e p p p p p p p p p e p p p p p e e e e e s # # # # 
# # # # n q w w w w ^ + + + + v + + + + ^ + + + + v + + + + ^ + + + + q w w w w d q # # # # 
# # # # b p e e e e b + + + + v + + + + ^ + + + + v + + + + ^ + + + + v e e e e b s # # # # 
# # # # n q w w w w d < < < < q < < < < d < < < < q < < < < d < < < < q w w w w d q w w w w 
# # # # b p e e e e b + + + + v + + + + ^ + + + + v + + + + ^ + + + + v e e e e b p e e e n 
# # # # n q w w w w ^ + + + + v + + + + ^ + + + + v + + + + ^ + + + + q w w w w d q n w w d 
# # # # b p e e e e b > > > > p > > > > b > > > > p > > > > b > > > > p e e e e b p e e e n 
# # # # n q w w w w ^ + + + + v + + + + ^ + + + + v + + + + ^ + + + + q w w w w d q # # # # 
# # # # b p e e e e b + + + + v + + + + ^ + + + + v + + + + ^ + + + + v e e e e b s # # # # 
s w w w d q w w w w d < < < < q < < < < d < < < < q < < < < d < < < < q w w w w d q w w w w 
p e e s b p e e e e b + + + + v + + + + ^ + + + + v + + + + ^ + + + + v e e e e b p e e e n 
s w w w d q w w w w ^ + + + + v + + + + ^ + + + + v + + + + ^ + + + + q w w w w d q n w w d 
e e e e b p e e e e b > > > > p > > > > b > > > > p > > > > b > > > > p e e e e b p e e e n 
# # # # n q w w w w ^ + + + + v + + + + ^ + + + + v + + + + ^ + + + + q w w w w d q # # # # 
# # # # b p e e e e b + + + + v + + + + ^ + + + + v + + + + ^ + + + + v e e e e b s # # # # 
# # # # n q w w w w d < < < < q < < < < d < < < < q < < < < d < < < < q w w w w d q # # # # 
# # # # b p e e e e b + + + + v + + + + ^ + + + + v + + + + ^ + + + + v e e e e b s # # # # 
# # # # n q w w w w ^ + + + + v + + + + ^ + + + + v + + + + ^ + + + + q w w w w d q # # # # 
# # # # b p e e e e b > > > > p > > > > b > > > > p > > > > b > > > > p e e e e b s # # # # 
# # # # n q w w w w ^ + + + + v + + + + ^ + + + + v + + + + ^ + + + + q w w w w d q # # # # 
# # # # b p e e e e b + + + + v + + + + ^ + + + + v + + + + ^ + + + + v e e e e b s # # # # 
# # # # n w w w w w d d d d d w d d d d d d d d d w d d d d d d d d d w w w w w d w # # # # 


Info about all types within the generated instance:
# # # # r r r r r r r r r r r r r r r r r r r r r r r r r r r r r r r r r r r r r r # # # # 
# # # # r r r r r r r s s s s r s s s s r s s s s r s s s s r s s s s r r r r r r r # # # # 
# # # # r r r r r r r s s s s r s s s s r s s s s r s s s s r s s s s r r r r r r r # # # # 
# # # # r r r r r r r r r r r r r r r r r r r r r r r r r r r r r r r r r r r r r r b b b o 
# # # # r r r r r r r s s s s r s s s s r s s s s r s s s s r s s s s r r r r r r r b b b b 
# # # # r r r r r r r s s s s r s s s s r s s s s r s s s s r s s s s r r r r r r r b b b b 
# # # # r r r r r r r r r r r r r r r r r r r r r r r r r r r r r r r r r r r r r r b b b b 
# # # # r r r r r r r s s s s r s s s s r s s s s r s s s s r s s s s r r r r r r r # # # # 
# # # # r r r r r r r s s s s r s s s s r s s s s r s s s s r s s s s r r r r r r r # # # # 
b b b b r r r r r r r r r r r r r r r r r r r r r r r r r r r r r r r r r r r r r r b b b o 
b b b b r r r r r r r s s s s r s s s s r s s s s r s s s s r s s s s r r r r r r r b b b b 
b b b b r r r r r r r s s s s r s s s s r s s s s r s s s s r s s s s r r r r r r r b b b b 
i b b b r r r r r r r r r r r r r r r r r r r r r r r r r r r r r r r r r r r r r r b b b b 
# # # # r r r r r r r s s s s r s s s s r s s s s r s s s s r s s s s r r r r r r r # # # # 
# # # # r r r r r r r s s s s r s s s s r s s s s r s s s s r s s s s r r r r r r r # # # # 
# # # # r r r r r r r r r r r r r r r r r r r r r r r r r r r r r r r r r r r r r r # # # # 
# # # # r r r r r r r s s s s r s s s s r s s s s r s s s s r s s s s r r r r r r r # # # # 
# # # # r r r r r r r s s s s r s s s s r s s s s r s s s s r s s s s r r r r r r r # # # # 
# # # # r r r r r r r r r r r r r r r r r r r r r r r r r r r r r r r r r r r r r r # # # # 
# # # # r r r r r r r s s s s r s s s s r s s s s r s s s s r s s s s r r r r r r r # # # # 
# # # # r r r r r r r s s s s r s s s s r s s s s r s s s s r s s s s r r r r r r r # # # # 
# # # # r r r r r r r r r r r r r r r r r r r r r r r r r r r r r r r r r r r r r r # # # # 


StatisticsFolder: 1-1-1-6-0.85-Letter-Fixed-7200-PPFAR-TAFCFS-SAConstantRatio-ISEmptiest-PSFixed-RPDummy-OBDefault-RBSamePod-MMNoChange-5
Done!
Executing ... 
 00:51:54 | >>> Warming up ...
 00:00:00 | >>> Warmup finished - starting simulation ...
 Realtime |   ETA    |  Sim.Time  | Progress | #Orders | #Bundles | Inv. | Distance | #Coll. |   Memory    
 00:00:00 |   n/a    | 0.00:00:00 |  0.00%   |    0    |    0     | 100% |    0     |   0    |  37.11MB  
 00:00:04 | 00:00:00 | 0.02:00:00 | 100.00%  |   50    |    0     | 99%  |   2463   |   0    |  40.52MB  
 00:00:04 | >>> Simulation finished - writing results ...
 00:00:05 | >>> Results written
Simulation finished.
>>> Timings
StatTimingPathPlanningAverage: 0.000235677734375
StatTimingPathPlanningOverall: 0.120667
StatTimingPathPlanningCount: 512
StatTimingTaskAllocationAverage: 0.000522206513575969
StatTimingTaskAllocationOverall: 3.61575790000001
StatTimingTaskAllocationCount: 6924
StatTimingItemStorageAverage: 7.47005025125628E-05
StatTimingItemStorageOverall: 0.0148654
StatTimingItemStorageCount: 199
StatTimingPodStorageAverage: 0
StatTimingPodStorageOverall: 0
StatTimingPodStorageCount: 12
StatTimingReplenishmentBatchingAverage: 0.000259755555555556
StatTimingReplenishmentBatchingOverall: 0.0070134
StatTimingReplenishmentBatchingCount: 27
StatTimingOrderBatchingAverage: 0.000158435643564356
StatTimingOrderBatchingOverall: 0.016002
StatTimingOrderBatchingCount: 101
>>> Overall
StatOverallBundlesPlaced: 16
StatOverallItemsOrdered: 182
StatOverallOrdersPlaced: 50
StatOverallBundlesRejected: 0
StatOverallOrdersRejected: 0
StatOverallBundlesHandled: 0
StatOverallItemsHandled: 182
StatOverallLinesHandled: 173
StatOverallOrdersHandled: 50
StatOverallCollisions: 0
StatOverallDistanceEstimated: 2159
StatOverallAssignedTasks: 6924
StatMaxMemoryUsed: 40.51171875
StatRealTimeUsed: 4.795315
StatMedianTurnoverTime: 479.218441092365
StatLowerQuartileTurnoverTime: 309.78995643497
StatUpperQuartileTurnoverTime: 640.463711342718
StatAverageThroughputTime: 401.029693276828
StatMedianThroughputTime: 417.620575838457
StatLowerQuartileThroughputTime: 297.366643121567
StatUpperQuartileThroughputTime: 506.57785677021
StatOverallTotalTimeQueueing: 3186.3463203518
StatAverageTurnoverTime: 479.02095599904
StatAverageThroughputTime: 401.029693276828
StatOverallDistanceTraveled: 2463

Marked tag finished after 1 tries!
.Fin. - SUCCESS
