<<< Welcome to the RAWSimO CLI >>>
The time is: 04/08/2019 04:16:51
Starting RAWSimO wrapper with the following arguments:
Instance: 1-1-1-6-0.85-8.xlayo
Setting: Letter-Fixed-30000-500.xsett
ControlConfig: PPFAR-TAFCFS-SAConstantRatio-ISEmptiest-PSFixed-RPDummy-OBDefault-RBSamePod-MMNoChange.xconf
StatisticsDir: fcfs-500\1_6\8
Seed: 5
Adding handler for unhandled exceptions ...
Initializing ... 
LayoutConfiguration recognized!
Parsing setting config ...
Parsing control config ...
Parsing layout config ...
Generating instance...
Info about all directions within the generated instance:
# # # # e p e e e e e p p p p p p p p p e p p p p p p p p p e p p p p p p p p p e p p p p p p p p p e p p p p p e e e e e s # # # # 
# # # # n q w w w w ^ + + + + v + + + + ^ + + + + v + + + + ^ + + + + v + + + + ^ + + + + v + + + + ^ + + + + q w w w w d q # # # # 
# # # # b p e e e e b + + + + v + + + + ^ + + + + v + + + + ^ + + + + v + + + + ^ + + + + v + + + + ^ + + + + v e e e e b s # # # # 
# # # # n q w w w w d < < < < q < < < < d < < < < q < < < < d < < < < q < < < < d < < < < q < < < < d < < < < q w w w w d q w w w w 
# # # # b p e e e e b + + + + v + + + + ^ + + + + v + + + + ^ + + + + v + + + + ^ + + + + v + + + + ^ + + + + v e e e e b p e e e n 
# # # # n q w w w w ^ + + + + v + + + + ^ + + + + v + + + + ^ + + + + v + + + + ^ + + + + v + + + + ^ + + + + q w w w w d q n w w d 
# # # # b p e e e e b > > > > p > > > > b > > > > p > > > > b > > > > p > > > > b > > > > p > > > > b > > > > p e e e e b p e e e n 
# # # # n q w w w w ^ + + + + v + + + + ^ + + + + v + + + + ^ + + + + v + + + + ^ + + + + v + + + + ^ + + + + q w w w w d q # # # # 
# # # # b p e e e e b + + + + v + + + + ^ + + + + v + + + + ^ + + + + v + + + + ^ + + + + v + + + + ^ + + + + v e e e e b s # # # # 
s w w w d q w w w w d < < < < q < < < < d < < < < q < < < < d < < < < q < < < < d < < < < q < < < < d < < < < q w w w w d q w w w w 
p e e s b p e e e e b + + + + v + + + + ^ + + + + v + + + + ^ + + + + v + + + + ^ + + + + v + + + + ^ + + + + v e e e e b p e e e n 
s w w w d q w w w w ^ + + + + v + + + + ^ + + + + v + + + + ^ + + + + v + + + + ^ + + + + v + + + + ^ + + + + q w w w w d q n w w d 
e e e e b p e e e e b > > > > p > > > > b > > > > p > > > > b > > > > p > > > > b > > > > p > > > > b > > > > p e e e e b p e e e n 
# # # # n q w w w w ^ + + + + v + + + + ^ + + + + v + + + + ^ + + + + v + + + + ^ + + + + v + + + + ^ + + + + q w w w w d q # # # # 
# # # # b p e e e e b + + + + v + + + + ^ + + + + v + + + + ^ + + + + v + + + + ^ + + + + v + + + + ^ + + + + v e e e e b s # # # # 
# # # # n q w w w w d < < < < q < < < < d < < < < q < < < < d < < < < q < < < < d < < < < q < < < < d < < < < q w w w w d q # # # # 
# # # # b p e e e e b + + + + v + + + + ^ + + + + v + + + + ^ + + + + v + + + + ^ + + + + v + + + + ^ + + + + v e e e e b s # # # # 
# # # # n q w w w w ^ + + + + v + + + + ^ + + + + v + + + + ^ + + + + v + + + + ^ + + + + v + + + + ^ + + + + q w w w w d q # # # # 
# # # # b p e e e e b > > > > p > > > > b > > > > p > > > > b > > > > p > > > > b > > > > p > > > > b > > > > p e e e e b s # # # # 
# # # # n q w w w w ^ + + + + v + + + + ^ + + + + v + + + + ^ + + + + v + + + + ^ + + + + v + + + + ^ + + + + q w w w w d q # # # # 
# # # # b p e e e e b + + + + v + + + + ^ + + + + v + + + + ^ + + + + v + + + + ^ + + + + v + + + + ^ + + + + v e e e e b s # # # # 
# # # # n w w w w w d d d d d w d d d d d d d d d w d d d d d d d d d w d d d d d d d d d w d d d d d d d d d w w w w w d w # # # # 


Info about all types within the generated instance:
# # # # r r r r r r r r r r r r r r r r r r r r r r r r r r r r r r r r r r r r r r r r r r r r r r r r r r r r r r r r r r # # # # 
# # # # r r r r r r r s s s s r s s s s r s s s s r s s s s r s s s s r s s s s r s s s s r s s s s r s s s s r r r r r r r # # # # 
# # # # r r r r r r r s s s s r s s s s r s s s s r s s s s r s s s s r s s s s r s s s s r s s s s r s s s s r r r r r r r # # # # 
# # # # r r r r r r r r r r r r r r r r r r r r r r r r r r r r r r r r r r r r r r r r r r r r r r r r r r r r r r r r r r b b b o 
# # # # r r r r r r r s s s s r s s s s r s s s s r s s s s r s s s s r s s s s r s s s s r s s s s r s s s s r r r r r r r b b b b 
# # # # r r r r r r r s s s s r s s s s r s s s s r s s s s r s s s s r s s s s r s s s s r s s s s r s s s s r r r r r r r b b b b 
# # # # r r r r r r r r r r r r r r r r r r r r r r r r r r r r r r r r r r r r r r r r r r r r r r r r r r r r r r r r r r b b b b 
# # # # r r r r r r r s s s s r s s s s r s s s s r s s s s r s s s s r s s s s r s s s s r s s s s r s s s s r r r r r r r # # # # 
# # # # r r r r r r r s s s s r s s s s r s s s s r s s s s r s s s s r s s s s r s s s s r s s s s r s s s s r r r r r r r # # # # 
b b b b r r r r r r r r r r r r r r r r r r r r r r r r r r r r r r r r r r r r r r r r r r r r r r r r r r r r r r r r r r b b b o 
b b b b r r r r r r r s s s s r s s s s r s s s s r s s s s r s s s s r s s s s r s s s s r s s s s r s s s s r r r r r r r b b b b 
b b b b r r r r r r r s s s s r s s s s r s s s s r s s s s r s s s s r s s s s r s s s s r s s s s r s s s s r r r r r r r b b b b 
i b b b r r r r r r r r r r r r r r r r r r r r r r r r r r r r r r r r r r r r r r r r r r r r r r r r r r r r r r r r r r b b b b 
# # # # r r r r r r r s s s s r s s s s r s s s s r s s s s r s s s s r s s s s r s s s s r s s s s r s s s s r r r r r r r # # # # 
# # # # r r r r r r r s s s s r s s s s r s s s s r s s s s r s s s s r s s s s r s s s s r s s s s r s s s s r r r r r r r # # # # 
# # # # r r r r r r r r r r r r r r r r r r r r r r r r r r r r r r r r r r r r r r r r r r r r r r r r r r r r r r r r r r # # # # 
# # # # r r r r r r r s s s s r s s s s r s s s s r s s s s r s s s s r s s s s r s s s s r s s s s r s s s s r r r r r r r # # # # 
# # # # r r r r r r r s s s s r s s s s r s s s s r s s s s r s s s s r s s s s r s s s s r s s s s r s s s s r r r r r r r # # # # 
# # # # r r r r r r r r r r r r r r r r r r r r r r r r r r r r r r r r r r r r r r r r r r r r r r r r r r r r r r r r r r # # # # 
# # # # r r r r r r r s s s s r s s s s r s s s s r s s s s r s s s s r s s s s r s s s s r s s s s r s s s s r r r r r r r # # # # 
# # # # r r r r r r r s s s s r s s s s r s s s s r s s s s r s s s s r s s s s r s s s s r s s s s r s s s s r r r r r r r # # # # 
# # # # r r r r r r r r r r r r r r r r r r r r r r r r r r r r r r r r r r r r r r r r r r r r r r r r r r r r r r r r r r # # # # 


StatisticsFolder: 1-1-1-6-0.85-Letter-Fixed-30000-PPFAR-TAFCFS-SAConstantRatio-ISEmptiest-PSFixed-RPDummy-OBDefault-RBSamePod-MMNoChange-5
Done!
Executing ... 
 04:16:53 | >>> Warming up ...
 00:00:00 | >>> Warmup finished - starting simulation ...
 Realtime |   ETA    |  Sim.Time  | Progress | #Orders | #Bundles | Inv. | Distance | #Coll. |   Memory    
 00:00:00 |   n/a    | 0.00:00:00 |  0.00%   |    0    |    0     | 100% |    0     |   0    |  39.21MB  
 00:00:05 | 00:00:22 | 0.01:32:15 |  18.45%  |   267   |    0     | 98%  |  13114   |   0    |  44.20MB  
 00:00:10 | 00:00:15 | 0.03:14:19 |  38.87%  |   500   |    0     | 96%  |  23357   |   0    |  45.66MB  
 00:00:15 | 00:00:13 | 0.04:26:55 |  53.39%  |   500   |    0     | 96%  |  23357   |   0    |  46.04MB  
 00:00:20 | 00:00:09 | 0.05:39:36 |  67.92%  |   500   |    0     | 96%  |  23357   |   0    |  46.63MB  
 00:00:25 | 00:00:05 | 0.06:52:27 |  82.49%  |   500   |    0     | 96%  |  23357   |   0    |  47.08MB  
 00:00:30 | 00:00:00 | 0.08:05:43 |  97.15%  |   500   |    0     | 96%  |  23357   |   0    |  47.81MB  
 00:00:31 | 00:00:00 | 0.08:20:00 | 100.00%  |   500   |    0     | 96%  |  23357   |   0    |  47.75MB  
 00:00:31 | >>> Simulation finished - writing results ...
 00:00:31 | >>> Results written
Simulation finished.
>>> Timings
StatTimingPathPlanningAverage: 0.000272812422093273
StatTimingPathPlanningOverall: 1.2693962
StatTimingPathPlanningCount: 4653
StatTimingTaskAllocationAverage: 0.000878097422928722
StatTimingTaskAllocationOverall: 21.8751630000003
StatTimingTaskAllocationCount: 24912
StatTimingItemStorageAverage: 0.00119368082191781
StatTimingItemStorageOverall: 2.1784675
StatTimingItemStorageCount: 1825
StatTimingPodStorageAverage: 0
StatTimingPodStorageOverall: 0
StatTimingPodStorageCount: 83
StatTimingReplenishmentBatchingAverage: 3.07323076923077E-05
StatTimingReplenishmentBatchingOverall: 0.0079904
StatTimingReplenishmentBatchingCount: 260
StatTimingOrderBatchingAverage: 0.000149684884884885
StatTimingOrderBatchingOverall: 0.1495352
StatTimingOrderBatchingCount: 999
>>> Overall
StatOverallBundlesPlaced: 148
StatOverallItemsOrdered: 1676
StatOverallOrdersPlaced: 500
StatOverallBundlesRejected: 0
StatOverallOrdersRejected: 0
StatOverallBundlesHandled: 0
StatOverallItemsHandled: 1676
StatOverallLinesHandled: 1604
StatOverallOrdersHandled: 500
StatOverallCollisions: 0
StatOverallDistanceEstimated: 21005
StatOverallAssignedTasks: 24912
StatMaxMemoryUsed: 47.8359375
StatRealTimeUsed: 31.002784
StatMedianTurnoverTime: 5085.38368073471
StatLowerQuartileTurnoverTime: 2566.19790792636
StatUpperQuartileTurnoverTime: 7394.99013965817
StatAverageThroughputTime: 475.469286495718
StatMedianThroughputTime: 467.198982680295
StatLowerQuartileThroughputTime: 397.607683986338
StatUpperQuartileThroughputTime: 531.834709386299
StatOverallTotalTimeQueueing: 23653.9735939063
StatAverageTurnoverTime: 5005.53098294068
StatAverageThroughputTime: 475.469286495718
StatOverallDistanceTraveled: 23356.9999999999

Marked tag finished after 1 tries!
.Fin. - SUCCESS
