<<< Welcome to the RAWSimO CLI >>>
The time is: 04/08/2019 06:31:09
Starting RAWSimO wrapper with the following arguments:
Instance: 1-1-2-12-0.85-4.xlayo
Setting: Letter-Fixed-30000-500.xsett
ControlConfig: PPFAR-TARandom-SAConstantRatio-ISEmptiest-PSFixed-RPDummy-OBDefault-RBSamePod-MMNoChange.xconf
StatisticsDir: Random\Random-500\2_12\4
Seed: 5
Adding handler for unhandled exceptions ...
Initializing ... 
LayoutConfiguration recognized!
Parsing setting config ...
Parsing control config ...
Parsing layout config ...
Generating instance...
Info about all directions within the generated instance:
# # # # e p e e e e e p p p p p p p p p e p p p p p p p p p e p p p p p e e e e e s # # # # 
# # # # n q w w w w ^ + + + + v + + + + ^ + + + + v + + + + ^ + + + + q w w w w d q # # # # 
# # # # b p e e e e b + + + + v + + + + ^ + + + + v + + + + ^ + + + + v e e e e b s # # # # 
# # # # n q w w w w d < < < < q < < < < d < < < < q < < < < d < < < < q w w w w d q w w w w 
# # # # b p e e e e b + + + + v + + + + ^ + + + + v + + + + ^ + + + + v e e e e b p e e e n 
# # # # n q w w w w ^ + + + + v + + + + ^ + + + + v + + + + ^ + + + + q w w w w d q n w w d 
# # # # b p e e e e b > > > > p > > > > b > > > > p > > > > b > > > > p e e e e b p e e e n 
# # # # n q w w w w ^ + + + + v + + + + ^ + + + + v + + + + ^ + + + + q w w w w d q # # # # 
# # # # b p e e e e b + + + + v + + + + ^ + + + + v + + + + ^ + + + + v e e e e b s # # # # 
s w w w d q w w w w d < < < < q < < < < d < < < < q < < < < d < < < < q w w w w d q w w w w 
p e e s b p e e e e b + + + + v + + + + ^ + + + + v + + + + ^ + + + + v e e e e b p e e e n 
s w w w d q w w w w ^ + + + + v + + + + ^ + + + + v + + + + ^ + + + + q w w w w d q n w w d 
e e e e b p e e e e b > > > > p > > > > b > > > > p > > > > b > > > > p e e e e b p e e e n 
# # # # n q w w w w ^ + + + + v + + + + ^ + + + + v + + + + ^ + + + + q w w w w d q # # # # 
# # # # b p e e e e b + + + + v + + + + ^ + + + + v + + + + ^ + + + + v e e e e b s # # # # 
# # # # n q w w w w d < < < < q < < < < d < < < < q < < < < d < < < < q w w w w d q # # # # 
# # # # b p e e e e b + + + + v + + + + ^ + + + + v + + + + ^ + + + + v e e e e b s # # # # 
# # # # n q w w w w ^ + + + + v + + + + ^ + + + + v + + + + ^ + + + + q w w w w d q # # # # 
# # # # b p e e e e b > > > > p > > > > b > > > > p > > > > b > > > > p e e e e b s # # # # 
# # # # n q w w w w ^ + + + + v + + + + ^ + + + + v + + + + ^ + + + + q w w w w d q # # # # 
# # # # b p e e e e b + + + + v + + + + ^ + + + + v + + + + ^ + + + + v e e e e b s # # # # 
# # # # n w w w w w d d d d d w d d d d d d d d d w d d d d d d d d d w w w w w d w # # # # 


Info about all types within the generated instance:
# # # # r r r r r r r r r r r r r r r r r r r r r r r r r r r r r r r r r r r r r r # # # # 
# # # # r r r r r r r s s s s r s s s s r s s s s r s s s s r s s s s r r r r r r r # # # # 
# # # # r r r r r r r s s s s r s s s s r s s s s r s s s s r s s s s r r r r r r r # # # # 
# # # # r r r r r r r r r r r r r r r r r r r r r r r r r r r r r r r r r r r r r r b b b o 
# # # # r r r r r r r s s s s r s s s s r s s s s r s s s s r s s s s r r r r r r r b b b b 
# # # # r r r r r r r s s s s r s s s s r s s s s r s s s s r s s s s r r r r r r r b b b b 
# # # # r r r r r r r r r r r r r r r r r r r r r r r r r r r r r r r r r r r r r r b b b b 
# # # # r r r r r r r s s s s r s s s s r s s s s r s s s s r s s s s r r r r r r r # # # # 
# # # # r r r r r r r s s s s r s s s s r s s s s r s s s s r s s s s r r r r r r r # # # # 
b b b b r r r r r r r r r r r r r r r r r r r r r r r r r r r r r r r r r r r r r r b b b o 
b b b b r r r r r r r s s s s r s s s s r s s s s r s s s s r s s s s r r r r r r r b b b b 
b b b b r r r r r r r s s s s r s s s s r s s s s r s s s s r s s s s r r r r r r r b b b b 
i b b b r r r r r r r r r r r r r r r r r r r r r r r r r r r r r r r r r r r r r r b b b b 
# # # # r r r r r r r s s s s r s s s s r s s s s r s s s s r s s s s r r r r r r r # # # # 
# # # # r r r r r r r s s s s r s s s s r s s s s r s s s s r s s s s r r r r r r r # # # # 
# # # # r r r r r r r r r r r r r r r r r r r r r r r r r r r r r r r r r r r r r r # # # # 
# # # # r r r r r r r s s s s r s s s s r s s s s r s s s s r s s s s r r r r r r r # # # # 
# # # # r r r r r r r s s s s r s s s s r s s s s r s s s s r s s s s r r r r r r r # # # # 
# # # # r r r r r r r r r r r r r r r r r r r r r r r r r r r r r r r r r r r r r r # # # # 
# # # # r r r r r r r s s s s r s s s s r s s s s r s s s s r s s s s r r r r r r r # # # # 
# # # # r r r r r r r s s s s r s s s s r s s s s r s s s s r s s s s r r r r r r r # # # # 
# # # # r r r r r r r r r r r r r r r r r r r r r r r r r r r r r r r r r r r r r r # # # # 


StatisticsFolder: 1-1-2-6-0.85-Letter-Fixed-30000-PPFAR-TARandom-SAConstantRatio-ISEmptiest-PSFixed-RPDummy-OBDefault-RBSamePod-MMNoChange-5
Done!
Executing ... 
 06:31:10 | >>> Warming up ...
 00:00:00 | >>> Warmup finished - starting simulation ...
 Realtime |   ETA    |  Sim.Time  | Progress | #Orders | #Bundles | Inv. | Distance | #Coll. |   Memory    
 00:00:00 |   n/a    | 0.00:00:00 |  0.00%   |    0    |    0     | 100% |    0     |   0    |  37.55MB  
 00:00:05 | 00:00:17 | 0.01:51:07 |  22.22%  |   361   |    0     | 95%  |  19011   |   0    |  42.16MB  
 00:00:10 | 00:00:14 | 0.03:21:50 |  40.37%  |   500   |    0     | 93%  |  47958   |   0    |  45.80MB  
 00:00:15 | 00:00:12 | 0.04:32:36 |  54.52%  |   500   |    0     | 93%  |  78631   |   0    |  47.44MB  
 00:00:20 | 00:00:08 | 0.05:45:40 |  69.13%  |   500   |    0     | 93%  |  109982  |   0    |  49.14MB  
 00:00:25 | 00:00:05 | 0.06:54:56 |  82.99%  |   500   |    0     | 93%  |  140133  |   0    |  49.22MB  
 00:00:30 | 00:00:00 | 0.08:09:33 |  97.91%  |   500   |    0     | 93%  |  172383  |   0    |  49.89MB  
 00:00:30 | 00:00:00 | 0.08:20:00 | 100.00%  |   500   |    0     | 93%  |  176823  |   0    |  49.95MB  
 00:00:30 | >>> Simulation finished - writing results ...
 00:00:31 | >>> Results written
Simulation finished.
>>> Timings
StatTimingPathPlanningAverage: 0.00037448384335075
StatTimingPathPlanningOverall: 8.52961850000004
StatTimingPathPlanningCount: 22777
StatTimingTaskAllocationAverage: 0.000568373428914838
StatTimingTaskAllocationOverall: 6.62041370000003
StatTimingTaskAllocationCount: 11648
StatTimingItemStorageAverage: 0.000648638670360111
StatTimingItemStorageOverall: 1.1707928
StatTimingItemStorageCount: 1805
StatTimingPodStorageAverage: 1.0267E-05
StatTimingPodStorageOverall: 0.0010267
StatTimingPodStorageCount: 100
StatTimingReplenishmentBatchingAverage: 3.46846743295019E-05
StatTimingReplenishmentBatchingOverall: 0.0090527
StatTimingReplenishmentBatchingCount: 261
StatTimingOrderBatchingAverage: 0.000175785542168675
StatTimingOrderBatchingOverall: 0.1750824
StatTimingOrderBatchingCount: 996
>>> Overall
StatOverallBundlesPlaced: 148
StatOverallItemsOrdered: 1676
StatOverallOrdersPlaced: 500
StatOverallBundlesRejected: 0
StatOverallOrdersRejected: 0
StatOverallBundlesHandled: 0
StatOverallItemsHandled: 1676
StatOverallLinesHandled: 1604
StatOverallOrdersHandled: 500
StatOverallCollisions: 0
StatOverallDistanceEstimated: 165191
StatOverallAssignedTasks: 11648
StatMaxMemoryUsed: 49.953125
StatRealTimeUsed: 30.7488051
StatMedianTurnoverTime: 4528.41569161381
StatLowerQuartileTurnoverTime: 2431.79450986171
StatUpperQuartileTurnoverTime: 6637.37917836769
StatAverageThroughputTime: 426.137050321015
StatMedianThroughputTime: 372.100555555542
StatLowerQuartileThroughputTime: 261.62305195907
StatUpperQuartileThroughputTime: 544.001861442447
StatOverallTotalTimeQueueing: 70955.7106339775
StatAverageTurnoverTime: 4530.45958515416
StatAverageThroughputTime: 426.137050321015
StatOverallDistanceTraveled: 176822.703313932

Marked tag finished after 1 tries!
.Fin. - SUCCESS
