<<< Welcome to the RAWSimO CLI >>>
The time is: 04/08/2019 04:23:18
Starting RAWSimO wrapper with the following arguments:
Instance: 1-1-3-18-0.85-6.xlayo
Setting: Letter-Fixed-30000-500.xsett
ControlConfig: PPFAR-TAFCFS-SAConstantRatio-ISEmptiest-PSFixed-RPDummy-OBDefault-RBSamePod-MMNoChange.xconf
StatisticsDir: fcfs-500\3-18\6
Seed: 5
Adding handler for unhandled exceptions ...
Initializing ... 
LayoutConfiguration recognized!
Parsing setting config ...
Parsing control config ...
Parsing layout config ...
Generating instance...
Info about all directions within the generated instance:
# # # # e p e e e e e p p p p p p p p p e p p p p p p p p p e p p p p p p p p p e p p p p p e e e e e s # # # # 
# # # # n q w w w w ^ + + + + v + + + + ^ + + + + v + + + + ^ + + + + v + + + + ^ + + + + q w w w w d q # # # # 
# # # # b p e e e e b + + + + v + + + + ^ + + + + v + + + + ^ + + + + v + + + + ^ + + + + v e e e e b s # # # # 
# # # # n q w w w w d < < < < q < < < < d < < < < q < < < < d < < < < q < < < < d < < < < q w w w w d q w w w w 
# # # # b p e e e e b + + + + v + + + + ^ + + + + v + + + + ^ + + + + v + + + + ^ + + + + v e e e e b p e e e n 
# # # # n q w w w w ^ + + + + v + + + + ^ + + + + v + + + + ^ + + + + v + + + + ^ + + + + q w w w w d q n w w d 
# # # # b p e e e e b > > > > p > > > > b > > > > p > > > > b > > > > p > > > > b > > > > p e e e e b p e e e n 
# # # # n q w w w w ^ + + + + v + + + + ^ + + + + v + + + + ^ + + + + v + + + + ^ + + + + q w w w w d q # # # # 
# # # # b p e e e e b + + + + v + + + + ^ + + + + v + + + + ^ + + + + v + + + + ^ + + + + v e e e e b s # # # # 
s w w w d q w w w w d < < < < q < < < < d < < < < q < < < < d < < < < q < < < < d < < < < q w w w w d q w w w w 
p e e s b p e e e e b + + + + v + + + + ^ + + + + v + + + + ^ + + + + v + + + + ^ + + + + v e e e e b p e e e n 
s w w w d q w w w w ^ + + + + v + + + + ^ + + + + v + + + + ^ + + + + v + + + + ^ + + + + q w w w w d q n w w d 
e e e e b p e e e e b > > > > p > > > > b > > > > p > > > > b > > > > p > > > > b > > > > p e e e e b p e e e n 
# # # # n q w w w w ^ + + + + v + + + + ^ + + + + v + + + + ^ + + + + v + + + + ^ + + + + q w w w w d q # # # # 
# # # # b p e e e e b + + + + v + + + + ^ + + + + v + + + + ^ + + + + v + + + + ^ + + + + v e e e e b s # # # # 
# # # # n q w w w w d < < < < q < < < < d < < < < q < < < < d < < < < q < < < < d < < < < q w w w w d q w w w w 
# # # # b p e e e e b + + + + v + + + + ^ + + + + v + + + + ^ + + + + v + + + + ^ + + + + v e e e e b p e e e n 
# # # # n q w w w w ^ + + + + v + + + + ^ + + + + v + + + + ^ + + + + v + + + + ^ + + + + q w w w w d q n w w d 
# # # # b p e e e e b > > > > p > > > > b > > > > p > > > > b > > > > p > > > > b > > > > p e e e e b p e e e n 
# # # # n q w w w w ^ + + + + v + + + + ^ + + + + v + + + + ^ + + + + v + + + + ^ + + + + q w w w w d q # # # # 
# # # # b p e e e e b + + + + v + + + + ^ + + + + v + + + + ^ + + + + v + + + + ^ + + + + v e e e e b s # # # # 
# # # # n w w w w w d d d d d w d d d d d d d d d w d d d d d d d d d w d d d d d d d d d w w w w w d w # # # # 


Info about all types within the generated instance:
# # # # r r r r r r r r r r r r r r r r r r r r r r r r r r r r r r r r r r r r r r r r r r r r r r r r # # # # 
# # # # r r r r r r r s s s s r s s s s r s s s s r s s s s r s s s s r s s s s r s s s s r r r r r r r # # # # 
# # # # r r r r r r r s s s s r s s s s r s s s s r s s s s r s s s s r s s s s r s s s s r r r r r r r # # # # 
# # # # r r r r r r r r r r r r r r r r r r r r r r r r r r r r r r r r r r r r r r r r r r r r r r r r b b b o 
# # # # r r r r r r r s s s s r s s s s r s s s s r s s s s r s s s s r s s s s r s s s s r r r r r r r b b b b 
# # # # r r r r r r r s s s s r s s s s r s s s s r s s s s r s s s s r s s s s r s s s s r r r r r r r b b b b 
# # # # r r r r r r r r r r r r r r r r r r r r r r r r r r r r r r r r r r r r r r r r r r r r r r r r b b b b 
# # # # r r r r r r r s s s s r s s s s r s s s s r s s s s r s s s s r s s s s r s s s s r r r r r r r # # # # 
# # # # r r r r r r r s s s s r s s s s r s s s s r s s s s r s s s s r s s s s r s s s s r r r r r r r # # # # 
b b b b r r r r r r r r r r r r r r r r r r r r r r r r r r r r r r r r r r r r r r r r r r r r r r r r b b b o 
b b b b r r r r r r r s s s s r s s s s r s s s s r s s s s r s s s s r s s s s r s s s s r r r r r r r b b b b 
b b b b r r r r r r r s s s s r s s s s r s s s s r s s s s r s s s s r s s s s r s s s s r r r r r r r b b b b 
i b b b r r r r r r r r r r r r r r r r r r r r r r r r r r r r r r r r r r r r r r r r r r r r r r r r b b b b 
# # # # r r r r r r r s s s s r s s s s r s s s s r s s s s r s s s s r s s s s r s s s s r r r r r r r # # # # 
# # # # r r r r r r r s s s s r s s s s r s s s s r s s s s r s s s s r s s s s r s s s s r r r r r r r # # # # 
# # # # r r r r r r r r r r r r r r r r r r r r r r r r r r r r r r r r r r r r r r r r r r r r r r r r b b b o 
# # # # r r r r r r r s s s s r s s s s r s s s s r s s s s r s s s s r s s s s r s s s s r r r r r r r b b b b 
# # # # r r r r r r r s s s s r s s s s r s s s s r s s s s r s s s s r s s s s r s s s s r r r r r r r b b b b 
# # # # r r r r r r r r r r r r r r r r r r r r r r r r r r r r r r r r r r r r r r r r r r r r r r r r b b b b 
# # # # r r r r r r r s s s s r s s s s r s s s s r s s s s r s s s s r s s s s r s s s s r r r r r r r # # # # 
# # # # r r r r r r r s s s s r s s s s r s s s s r s s s s r s s s s r s s s s r s s s s r r r r r r r # # # # 
# # # # r r r r r r r r r r r r r r r r r r r r r r r r r r r r r r r r r r r r r r r r r r r r r r r r # # # # 


StatisticsFolder: 1-1-2-6-0.85-Letter-Fixed-30000-PPFAR-TAFCFS-SAConstantRatio-ISEmptiest-PSFixed-RPDummy-OBDefault-RBSamePod-MMNoChange-5
Done!
Executing ... 
 04:23:20 | >>> Warming up ...
 00:00:00 | >>> Warmup finished - starting simulation ...
 Realtime |   ETA    |  Sim.Time  | Progress | #Orders | #Bundles | Inv. | Distance | #Coll. |   Memory    
 00:00:00 |   n/a    | 0.00:00:00 |  0.00%   |    0    |    0     | 100% |    0     |   0    |  38.48MB  
 00:00:05 | 00:01:00 | 0.00:38:17 |  7.66%   |   173   |    0     | 98%  |  14199   |   0    |  45.01MB  
 00:00:10 | 00:00:47 | 0.01:27:35 |  17.52%  |   409   |    0     | 96%  |  31316   |   0    |  47.34MB  
 00:00:15 | 00:00:47 | 0.02:00:27 |  24.09%  |   500   |    0     | 95%  |  38451   |   0    |  47.80MB  
 00:00:20 | 00:00:49 | 0.02:23:02 |  28.61%  |   500   |    0     | 95%  |  38451   |   0    |  48.07MB  
 00:00:25 | 00:00:50 | 0.02:45:46 |  33.16%  |   500   |    0     | 95%  |  38451   |   0    |  48.02MB  
 00:00:30 | 00:00:49 | 0.03:08:41 |  37.74%  |   500   |    0     | 95%  |  38451   |   0    |  48.03MB  
 00:00:35 | 00:00:47 | 0.03:31:25 |  42.29%  |   500   |    0     | 95%  |  38451   |   0    |  48.31MB  
 00:00:40 | 00:00:45 | 0.03:54:04 |  46.81%  |   500   |    0     | 95%  |  38451   |   0    |  48.20MB  
 00:00:45 | 00:00:42 | 0.04:16:43 |  51.35%  |   500   |    0     | 95%  |  38451   |   0    |  48.25MB  
 00:00:50 | 00:00:39 | 0.04:39:53 |  55.98%  |   500   |    0     | 95%  |  38451   |   0    |  48.40MB  
 00:00:55 | 00:00:35 | 0.05:02:47 |  60.56%  |   500   |    0     | 95%  |  38451   |   0    |  48.57MB  
 00:01:00 | 00:00:32 | 0.05:25:52 |  65.17%  |   500   |    0     | 95%  |  38451   |   0    |  48.60MB  
 00:01:05 | 00:00:28 | 0.05:48:46 |  69.76%  |   500   |    0     | 95%  |  38451   |   0    |  48.63MB  
 00:01:10 | 00:00:24 | 0.06:11:41 |  74.34%  |   500   |    0     | 95%  |  38451   |   0    |  48.87MB  
 00:01:15 | 00:00:20 | 0.06:34:04 |  78.82%  |   500   |    0     | 95%  |  38451   |   0    |  48.77MB  
 00:01:20 | 00:00:15 | 0.06:56:44 |  83.35%  |   500   |    0     | 95%  |  38451   |   0    |  48.75MB  
 00:01:25 | 00:00:11 | 0.07:20:03 |  88.01%  |   500   |    0     | 95%  |  38451   |   0    |  48.90MB  
 00:01:30 | 00:00:07 | 0.07:43:03 |  92.61%  |   500   |    0     | 95%  |  38451   |   0    |  49.03MB  
 00:01:35 | 00:00:02 | 0.08:06:08 |  97.23%  |   500   |    0     | 95%  |  38451   |   0    |  49.18MB  
 00:01:38 | 00:00:00 | 0.08:20:00 | 100.00%  |   500   |    0     | 95%  |  38451   |   0    |  49.21MB  
 00:01:38 | >>> Simulation finished - writing results ...
 00:01:38 | >>> Results written
Simulation finished.
>>> Timings
StatTimingPathPlanningAverage: 0.00037885587217586
StatTimingPathPlanningOverall: 1.8613189
StatTimingPathPlanningCount: 4913
StatTimingTaskAllocationAverage: 0.000963903288642341
StatTimingTaskAllocationOverall: 82.3905974999928
StatTimingTaskAllocationCount: 85476
StatTimingItemStorageAverage: 0.00093333837209302
StatTimingItemStorageOverall: 1.6856091
StatTimingItemStorageCount: 1806
StatTimingPodStorageAverage: 8.62327586206897E-06
StatTimingPodStorageOverall: 0.0010003
StatTimingPodStorageCount: 116
StatTimingReplenishmentBatchingAverage: 2.77607142857143E-05
StatTimingReplenishmentBatchingOverall: 0.0069957
StatTimingReplenishmentBatchingCount: 252
StatTimingOrderBatchingAverage: 0.000135051402805611
StatTimingOrderBatchingOverall: 0.1347813
StatTimingOrderBatchingCount: 998
>>> Overall
StatOverallBundlesPlaced: 148
StatOverallItemsOrdered: 1676
StatOverallOrdersPlaced: 500
StatOverallBundlesRejected: 0
StatOverallOrdersRejected: 0
StatOverallBundlesHandled: 0
StatOverallItemsHandled: 1676
StatOverallLinesHandled: 1604
StatOverallOrdersHandled: 500
StatOverallCollisions: 0
StatOverallDistanceEstimated: 29667
StatOverallAssignedTasks: 85476
StatMaxMemoryUsed: 49.3359375
StatRealTimeUsed: 98.0314522
StatMedianTurnoverTime: 3101.2449131581
StatLowerQuartileTurnoverTime: 1596.12681430863
StatUpperQuartileTurnoverTime: 4556.26829184482
StatAverageThroughputTime: 441.22690977561
StatMedianThroughputTime: 436.497792163652
StatLowerQuartileThroughputTime: 381.888528109102
StatUpperQuartileThroughputTime: 507.067330399515
StatOverallTotalTimeQueueing: 63573.1577263702
StatAverageTurnoverTime: 3063.88475177017
StatAverageThroughputTime: 441.22690977561
StatOverallDistanceTraveled: 38451.0000000004

Marked tag finished after 1 tries!
.Fin. - SUCCESS
