<<< Welcome to the RAWSimO CLI >>>
The time is: 04/08/2019 09:23:24
Starting RAWSimO wrapper with the following arguments:
Instance: 1-1-3-18-0.85-10.xlayo
Setting: Letter-Fixed-30000-1000.xsett
ControlConfig: PPFAR-TAShortestDistance-SAConstantRatio-ISEmptiest-PSFixed-RPDummy-OBDefault-RBSamePod-MMNoChange.xconf
StatisticsDir: ShortestDistance\ShortestDistance-1000\3-18\10
Seed: 5
Adding handler for unhandled exceptions ...
Initializing ... 
LayoutConfiguration recognized!
Parsing setting config ...
Parsing control config ...
Parsing layout config ...
Generating instance...
Info about all directions within the generated instance:
# # # # e p e e e e e p p p p p p p p p e p p p p p p p p p e p p p p p e e e e e s # # # # 
# # # # n q w w w w ^ + + + + v + + + + ^ + + + + v + + + + ^ + + + + q w w w w d q # # # # 
# # # # b p e e e e b + + + + v + + + + ^ + + + + v + + + + ^ + + + + v e e e e b s # # # # 
# # # # n q w w w w d < < < < q < < < < d < < < < q < < < < d < < < < q w w w w d q w w w w 
# # # # b p e e e e b + + + + v + + + + ^ + + + + v + + + + ^ + + + + v e e e e b p e e e n 
# # # # n q w w w w ^ + + + + v + + + + ^ + + + + v + + + + ^ + + + + q w w w w d q n w w d 
# # # # b p e e e e b > > > > p > > > > b > > > > p > > > > b > > > > p e e e e b p e e e n 
# # # # n q w w w w ^ + + + + v + + + + ^ + + + + v + + + + ^ + + + + q w w w w d q # # # # 
# # # # b p e e e e b + + + + v + + + + ^ + + + + v + + + + ^ + + + + v e e e e b s # # # # 
s w w w d q w w w w d < < < < q < < < < d < < < < q < < < < d < < < < q w w w w d q w w w w 
p e e s b p e e e e b + + + + v + + + + ^ + + + + v + + + + ^ + + + + v e e e e b p e e e n 
s w w w d q w w w w ^ + + + + v + + + + ^ + + + + v + + + + ^ + + + + q w w w w d q n w w d 
e e e e b p e e e e b > > > > p > > > > b > > > > p > > > > b > > > > p e e e e b p e e e n 
# # # # n q w w w w ^ + + + + v + + + + ^ + + + + v + + + + ^ + + + + q w w w w d q # # # # 
# # # # b p e e e e b + + + + v + + + + ^ + + + + v + + + + ^ + + + + v e e e e b s # # # # 
# # # # n q w w w w d < < < < q < < < < d < < < < q < < < < d < < < < q w w w w d q w w w w 
# # # # b p e e e e b + + + + v + + + + ^ + + + + v + + + + ^ + + + + v e e e e b p e e e n 
# # # # n q w w w w ^ + + + + v + + + + ^ + + + + v + + + + ^ + + + + q w w w w d q n w w d 
# # # # b p e e e e b > > > > p > > > > b > > > > p > > > > b > > > > p e e e e b p e e e n 
# # # # n q w w w w ^ + + + + v + + + + ^ + + + + v + + + + ^ + + + + q w w w w d q # # # # 
# # # # b p e e e e b + + + + v + + + + ^ + + + + v + + + + ^ + + + + v e e e e b s # # # # 
# # # # n q w w w w d < < < < q < < < < d < < < < q < < < < d < < < < q w w w w d q # # # # 
# # # # b p e e e e b + + + + v + + + + ^ + + + + v + + + + ^ + + + + v e e e e b s # # # # 
# # # # n q w w w w ^ + + + + v + + + + ^ + + + + v + + + + ^ + + + + q w w w w d q # # # # 
# # # # b p e e e e b > > > > p > > > > b > > > > p > > > > b > > > > p e e e e b s # # # # 
# # # # n q w w w w ^ + + + + v + + + + ^ + + + + v + + + + ^ + + + + q w w w w d q # # # # 
# # # # b p e e e e b + + + + v + + + + ^ + + + + v + + + + ^ + + + + v e e e e b s # # # # 
# # # # n w w w w w d d d d d w d d d d d d d d d w d d d d d d d d d w w w w w d w # # # # 


Info about all types within the generated instance:
# # # # r r r r r r r r r r r r r r r r r r r r r r r r r r r r r r r r r r r r r r # # # # 
# # # # r r r r r r r s s s s r s s s s r s s s s r s s s s r s s s s r r r r r r r # # # # 
# # # # r r r r r r r s s s s r s s s s r s s s s r s s s s r s s s s r r r r r r r # # # # 
# # # # r r r r r r r r r r r r r r r r r r r r r r r r r r r r r r r r r r r r r r b b b o 
# # # # r r r r r r r s s s s r s s s s r s s s s r s s s s r s s s s r r r r r r r b b b b 
# # # # r r r r r r r s s s s r s s s s r s s s s r s s s s r s s s s r r r r r r r b b b b 
# # # # r r r r r r r r r r r r r r r r r r r r r r r r r r r r r r r r r r r r r r b b b b 
# # # # r r r r r r r s s s s r s s s s r s s s s r s s s s r s s s s r r r r r r r # # # # 
# # # # r r r r r r r s s s s r s s s s r s s s s r s s s s r s s s s r r r r r r r # # # # 
b b b b r r r r r r r r r r r r r r r r r r r r r r r r r r r r r r r r r r r r r r b b b o 
b b b b r r r r r r r s s s s r s s s s r s s s s r s s s s r s s s s r r r r r r r b b b b 
b b b b r r r r r r r s s s s r s s s s r s s s s r s s s s r s s s s r r r r r r r b b b b 
i b b b r r r r r r r r r r r r r r r r r r r r r r r r r r r r r r r r r r r r r r b b b b 
# # # # r r r r r r r s s s s r s s s s r s s s s r s s s s r s s s s r r r r r r r # # # # 
# # # # r r r r r r r s s s s r s s s s r s s s s r s s s s r s s s s r r r r r r r # # # # 
# # # # r r r r r r r r r r r r r r r r r r r r r r r r r r r r r r r r r r r r r r b b b o 
# # # # r r r r r r r s s s s r s s s s r s s s s r s s s s r s s s s r r r r r r r b b b b 
# # # # r r r r r r r s s s s r s s s s r s s s s r s s s s r s s s s r r r r r r r b b b b 
# # # # r r r r r r r r r r r r r r r r r r r r r r r r r r r r r r r r r r r r r r b b b b 
# # # # r r r r r r r s s s s r s s s s r s s s s r s s s s r s s s s r r r r r r r # # # # 
# # # # r r r r r r r s s s s r s s s s r s s s s r s s s s r s s s s r r r r r r r # # # # 
# # # # r r r r r r r r r r r r r r r r r r r r r r r r r r r r r r r r r r r r r r # # # # 
# # # # r r r r r r r s s s s r s s s s r s s s s r s s s s r s s s s r r r r r r r # # # # 
# # # # r r r r r r r s s s s r s s s s r s s s s r s s s s r s s s s r r r r r r r # # # # 
# # # # r r r r r r r r r r r r r r r r r r r r r r r r r r r r r r r r r r r r r r # # # # 
# # # # r r r r r r r s s s s r s s s s r s s s s r s s s s r s s s s r r r r r r r # # # # 
# # # # r r r r r r r s s s s r s s s s r s s s s r s s s s r s s s s r r r r r r r # # # # 
# # # # r r r r r r r r r r r r r r r r r r r r r r r r r r r r r r r r r r r r r r # # # # 


StatisticsFolder: 1-1-2-6-0.85-Letter-Fixed-30000-PPFAR-TAShortestDistance-SAConstantRatio-ISEmptiest-PSFixed-RPDummy-OBDefault-RBSamePod-MMNoChange-5
Done!
Executing ... 
 09:23:25 | >>> Warming up ...
 00:00:00 | >>> Warmup finished - starting simulation ...
 Realtime |   ETA    |  Sim.Time  | Progress | #Orders | #Bundles | Inv. | Distance | #Coll. |   Memory    
 00:00:00 |   n/a    | 0.00:00:00 |  0.00%   |    0    |    0     | 100% |    0     |   0    |  38.68MB  
 00:00:05 | 00:02:59 | 0.00:09:17 |  2.72%   |   30    |    0     | 100% |   764    |   0    |  42.72MB  
 00:00:10 | 00:02:59 | 0.00:18:03 |  5.28%   |   77    |    0     | 99%  |   951    |   0    |  43.04MB  
 00:00:15 | 00:02:53 | 0.00:27:18 |  7.99%   |   123   |    0     | 98%  |   1184   |   0    |  43.27MB  
 00:00:20 | 00:02:41 | 0.00:37:45 |  11.05%  |   172   |    0     | 98%  |   1520   |   0    |  43.70MB  
 00:00:25 | 00:02:30 | 0.00:48:43 |  14.26%  |   227   |    0     | 97%  |   1906   |   0    |  43.90MB  
 00:00:30 | 00:02:23 | 0.00:59:05 |  17.30%  |   280   |    0     | 97%  |   2479   |   0    |  44.32MB  
 00:00:35 | 00:02:15 | 0.01:10:23 |  20.60%  |   330   |    0     | 96%  |   3811   |   0    |  44.91MB  
 00:00:40 | 00:02:06 | 0.01:22:09 |  24.05%  |   387   |    0     | 96%  |   4765   |   0    |  45.30MB  
 00:00:45 | 00:01:59 | 0.01:33:30 |  27.37%  |   452   |    0     | 95%  |   6064   |   0    |  45.45MB  
 00:00:50 | 00:01:48 | 0.01:47:40 |  31.52%  |   518   |    0     | 94%  |   7090   |   0    |  46.21MB  
 00:00:55 | 00:01:36 | 0.02:04:01 |  36.30%  |   586   |    0     | 93%  |   8574   |   0    |  46.57MB  
 00:01:00 | 00:01:21 | 0.02:25:27 |  42.57%  |   658   |    0     | 93%  |  10431   |   0    |  47.43MB  
 00:01:05 | 00:01:07 | 0.02:47:19 |  48.97%  |   733   |    0     | 92%  |  12838   |   0    |  48.22MB  
 00:01:10 | 00:00:55 | 0.03:10:47 |  55.84%  |   822   |    0     | 91%  |  14782   |   0    |  48.91MB  
 00:01:15 | 00:00:43 | 0.03:37:12 |  63.57%  |   922   |    0     | 90%  |  18070   |   0    |  49.63MB  
 00:01:18 | 00:00:00 | 0.05:41:40 | 100.00%  |  1000   |    0     | 89%  |  20681   |   0    |  49.73MB  
 00:01:18 | >>> Simulation finished - writing results ...
 00:01:19 | >>> Results written
Simulation finished.
>>> Timings
StatTimingPathPlanningAverage: 0.000386433975409836
StatTimingPathPlanningOverall: 2.8286967
StatTimingPathPlanningCount: 7320
StatTimingTaskAllocationAverage: 0.00250498865069357
StatTimingTaskAllocationOverall: 63.5665919999999
StatTimingTaskAllocationCount: 25376
StatTimingItemStorageAverage: 0.00142351030756442
StatTimingItemStorageOverall: 5.1374487
StatTimingItemStorageCount: 3609
StatTimingPodStorageAverage: 0
StatTimingPodStorageOverall: 0
StatTimingPodStorageCount: 0
StatTimingReplenishmentBatchingAverage: 2.87832103321033E-05
StatTimingReplenishmentBatchingOverall: 0.0156005
StatTimingReplenishmentBatchingCount: 542
StatTimingOrderBatchingAverage: 0.000364326575895108
StatTimingOrderBatchingOverall: 0.7224596
StatTimingOrderBatchingCount: 1983
>>> Overall
StatOverallBundlesPlaced: 298
StatOverallItemsOrdered: 3368
StatOverallOrdersPlaced: 1000
StatOverallBundlesRejected: 0
StatOverallOrdersRejected: 0
StatOverallBundlesHandled: 0
StatOverallItemsHandled: 3368
StatOverallLinesHandled: 3212
StatOverallOrdersHandled: 1000
StatOverallCollisions: 0
StatOverallDistanceEstimated: 14801
StatOverallAssignedTasks: 25376
StatMaxMemoryUsed: 50.52734375
StatRealTimeUsed: 78.9644104
StatMedianTurnoverTime: 6088.46630165778
StatLowerQuartileTurnoverTime: 3102.03355485985
StatUpperQuartileTurnoverTime: 10219.9891689764
StatAverageThroughputTime: 495.603342743856
StatMedianThroughputTime: 373.39231601365
StatLowerQuartileThroughputTime: 191.570093791407
StatUpperQuartileThroughputTime: 614.932835275228
StatOverallTotalTimeQueueing: 190796.656835638
StatAverageTurnoverTime: 6520.11728985235
StatAverageThroughputTime: 495.603342743856
StatOverallDistanceTraveled: 20681

Marked tag finished after 1 tries!
.Fin. - SUCCESS
