<<< Welcome to the RAWSimO CLI >>>
The time is: 04/08/2019 05:26:29
Starting RAWSimO wrapper with the following arguments:
Instance: 1-1-3-18-0.85-10.xlayo
Setting: Letter-Fixed-30000-1000.xsett
ControlConfig: PPFAR-TAFCFS-SAConstantRatio-ISEmptiest-PSFixed-RPDummy-OBDefault-RBSamePod-MMNoChange.xconf
StatisticsDir: fcfs-1000\3-18\10
Seed: 5
Adding handler for unhandled exceptions ...
Initializing ... 
LayoutConfiguration recognized!
Parsing setting config ...
Parsing control config ...
Parsing layout config ...
Generating instance...
Info about all directions within the generated instance:
# # # # e p e e e e e p p p p p p p p p e p p p p p p p p p e p p p p p e e e e e s # # # # 
# # # # n q w w w w ^ + + + + v + + + + ^ + + + + v + + + + ^ + + + + q w w w w d q # # # # 
# # # # b p e e e e b + + + + v + + + + ^ + + + + v + + + + ^ + + + + v e e e e b s # # # # 
# # # # n q w w w w d < < < < q < < < < d < < < < q < < < < d < < < < q w w w w d q w w w w 
# # # # b p e e e e b + + + + v + + + + ^ + + + + v + + + + ^ + + + + v e e e e b p e e e n 
# # # # n q w w w w ^ + + + + v + + + + ^ + + + + v + + + + ^ + + + + q w w w w d q n w w d 
# # # # b p e e e e b > > > > p > > > > b > > > > p > > > > b > > > > p e e e e b p e e e n 
# # # # n q w w w w ^ + + + + v + + + + ^ + + + + v + + + + ^ + + + + q w w w w d q # # # # 
# # # # b p e e e e b + + + + v + + + + ^ + + + + v + + + + ^ + + + + v e e e e b s # # # # 
s w w w d q w w w w d < < < < q < < < < d < < < < q < < < < d < < < < q w w w w d q w w w w 
p e e s b p e e e e b + + + + v + + + + ^ + + + + v + + + + ^ + + + + v e e e e b p e e e n 
s w w w d q w w w w ^ + + + + v + + + + ^ + + + + v + + + + ^ + + + + q w w w w d q n w w d 
e e e e b p e e e e b > > > > p > > > > b > > > > p > > > > b > > > > p e e e e b p e e e n 
# # # # n q w w w w ^ + + + + v + + + + ^ + + + + v + + + + ^ + + + + q w w w w d q # # # # 
# # # # b p e e e e b + + + + v + + + + ^ + + + + v + + + + ^ + + + + v e e e e b s # # # # 
# # # # n q w w w w d < < < < q < < < < d < < < < q < < < < d < < < < q w w w w d q w w w w 
# # # # b p e e e e b + + + + v + + + + ^ + + + + v + + + + ^ + + + + v e e e e b p e e e n 
# # # # n q w w w w ^ + + + + v + + + + ^ + + + + v + + + + ^ + + + + q w w w w d q n w w d 
# # # # b p e e e e b > > > > p > > > > b > > > > p > > > > b > > > > p e e e e b p e e e n 
# # # # n q w w w w ^ + + + + v + + + + ^ + + + + v + + + + ^ + + + + q w w w w d q # # # # 
# # # # b p e e e e b + + + + v + + + + ^ + + + + v + + + + ^ + + + + v e e e e b s # # # # 
# # # # n q w w w w d < < < < q < < < < d < < < < q < < < < d < < < < q w w w w d q # # # # 
# # # # b p e e e e b + + + + v + + + + ^ + + + + v + + + + ^ + + + + v e e e e b s # # # # 
# # # # n q w w w w ^ + + + + v + + + + ^ + + + + v + + + + ^ + + + + q w w w w d q # # # # 
# # # # b p e e e e b > > > > p > > > > b > > > > p > > > > b > > > > p e e e e b s # # # # 
# # # # n q w w w w ^ + + + + v + + + + ^ + + + + v + + + + ^ + + + + q w w w w d q # # # # 
# # # # b p e e e e b + + + + v + + + + ^ + + + + v + + + + ^ + + + + v e e e e b s # # # # 
# # # # n w w w w w d d d d d w d d d d d d d d d w d d d d d d d d d w w w w w d w # # # # 


Info about all types within the generated instance:
# # # # r r r r r r r r r r r r r r r r r r r r r r r r r r r r r r r r r r r r r r # # # # 
# # # # r r r r r r r s s s s r s s s s r s s s s r s s s s r s s s s r r r r r r r # # # # 
# # # # r r r r r r r s s s s r s s s s r s s s s r s s s s r s s s s r r r r r r r # # # # 
# # # # r r r r r r r r r r r r r r r r r r r r r r r r r r r r r r r r r r r r r r b b b o 
# # # # r r r r r r r s s s s r s s s s r s s s s r s s s s r s s s s r r r r r r r b b b b 
# # # # r r r r r r r s s s s r s s s s r s s s s r s s s s r s s s s r r r r r r r b b b b 
# # # # r r r r r r r r r r r r r r r r r r r r r r r r r r r r r r r r r r r r r r b b b b 
# # # # r r r r r r r s s s s r s s s s r s s s s r s s s s r s s s s r r r r r r r # # # # 
# # # # r r r r r r r s s s s r s s s s r s s s s r s s s s r s s s s r r r r r r r # # # # 
b b b b r r r r r r r r r r r r r r r r r r r r r r r r r r r r r r r r r r r r r r b b b o 
b b b b r r r r r r r s s s s r s s s s r s s s s r s s s s r s s s s r r r r r r r b b b b 
b b b b r r r r r r r s s s s r s s s s r s s s s r s s s s r s s s s r r r r r r r b b b b 
i b b b r r r r r r r r r r r r r r r r r r r r r r r r r r r r r r r r r r r r r r b b b b 
# # # # r r r r r r r s s s s r s s s s r s s s s r s s s s r s s s s r r r r r r r # # # # 
# # # # r r r r r r r s s s s r s s s s r s s s s r s s s s r s s s s r r r r r r r # # # # 
# # # # r r r r r r r r r r r r r r r r r r r r r r r r r r r r r r r r r r r r r r b b b o 
# # # # r r r r r r r s s s s r s s s s r s s s s r s s s s r s s s s r r r r r r r b b b b 
# # # # r r r r r r r s s s s r s s s s r s s s s r s s s s r s s s s r r r r r r r b b b b 
# # # # r r r r r r r r r r r r r r r r r r r r r r r r r r r r r r r r r r r r r r b b b b 
# # # # r r r r r r r s s s s r s s s s r s s s s r s s s s r s s s s r r r r r r r # # # # 
# # # # r r r r r r r s s s s r s s s s r s s s s r s s s s r s s s s r r r r r r r # # # # 
# # # # r r r r r r r r r r r r r r r r r r r r r r r r r r r r r r r r r r r r r r # # # # 
# # # # r r r r r r r s s s s r s s s s r s s s s r s s s s r s s s s r r r r r r r # # # # 
# # # # r r r r r r r s s s s r s s s s r s s s s r s s s s r s s s s r r r r r r r # # # # 
# # # # r r r r r r r r r r r r r r r r r r r r r r r r r r r r r r r r r r r r r r # # # # 
# # # # r r r r r r r s s s s r s s s s r s s s s r s s s s r s s s s r r r r r r r # # # # 
# # # # r r r r r r r s s s s r s s s s r s s s s r s s s s r s s s s r r r r r r r # # # # 
# # # # r r r r r r r r r r r r r r r r r r r r r r r r r r r r r r r r r r r r r r # # # # 


StatisticsFolder: 1-1-2-6-0.85-Letter-Fixed-30000-PPFAR-TAFCFS-SAConstantRatio-ISEmptiest-PSFixed-RPDummy-OBDefault-RBSamePod-MMNoChange-5
Done!
Executing ... 
 05:26:30 | >>> Warming up ...
 00:00:00 | >>> Warmup finished - starting simulation ...
 Realtime |   ETA    |  Sim.Time  | Progress | #Orders | #Bundles | Inv. | Distance | #Coll. |   Memory    
 00:00:00 |   n/a    | 0.00:00:00 |  0.00%   |    0    |    0     | 100% |    0     |   0    |  38.67MB  
 00:00:05 | 00:01:24 | 0.00:27:50 |  5.57%   |   127   |    0     | 99%  |  10722   |   0    |  44.88MB  
 00:00:10 | 00:01:04 | 0.01:06:42 |  13.34%  |   316   |    0     | 96%  |  25136   |   0    |  47.86MB  
 00:00:15 | 00:00:53 | 0.01:49:11 |  21.84%  |   530   |    0     | 94%  |  40533   |   0    |  49.59MB  
 00:00:20 | 00:00:42 | 0.02:39:57 |  31.99%  |   778   |    0     | 91%  |  56829   |   0    |  52.34MB  
 00:00:25 | 00:00:34 | 0.03:28:51 |  41.77%  |  1000   |    0     | 89%  |  72018   |   0    |  53.57MB  
 00:00:30 | 00:00:33 | 0.03:55:09 |  47.03%  |  1000   |    0     | 89%  |  72018   |   0    |  53.14MB  
 00:00:35 | 00:00:31 | 0.04:21:31 |  52.30%  |  1000   |    0     | 89%  |  72018   |   0    |  53.09MB  
 00:00:40 | 00:00:29 | 0.04:47:46 |  57.55%  |  1000   |    0     | 89%  |  72018   |   0    |  53.09MB  
 00:00:45 | 00:00:26 | 0.05:15:19 |  63.06%  |  1000   |    0     | 89%  |  72018   |   0    |  53.29MB  
 00:00:50 | 00:00:22 | 0.05:42:46 |  68.56%  |  1000   |    0     | 89%  |  72018   |   0    |  53.24MB  
 00:00:55 | 00:00:19 | 0.06:10:18 |  74.06%  |  1000   |    0     | 89%  |  72018   |   0    |  53.34MB  
 00:01:00 | 00:00:15 | 0.06:37:51 |  79.57%  |  1000   |    0     | 89%  |  72018   |   0    |  53.39MB  
 00:01:05 | 00:00:11 | 0.07:05:12 |  85.04%  |  1000   |    0     | 89%  |  72018   |   0    |  53.56MB  
 00:01:10 | 00:00:07 | 0.07:32:54 |  90.58%  |  1000   |    0     | 89%  |  72018   |   0    |  53.55MB  
 00:01:15 | 00:00:03 | 0.08:00:07 |  96.02%  |  1000   |    0     | 89%  |  72018   |   0    |  53.45MB  
 00:01:18 | 00:00:00 | 0.08:20:00 | 100.00%  |  1000   |    0     | 89%  |  72018   |   0    |  53.66MB  
 00:01:18 | >>> Simulation finished - writing results ...
 00:01:19 | >>> Results written
Simulation finished.
>>> Timings
StatTimingPathPlanningAverage: 0.000349514407049581
StatTimingPathPlanningOverall: 3.2920762
StatTimingPathPlanningCount: 9419
StatTimingTaskAllocationAverage: 0.000850057292754768
StatTimingTaskAllocationOverall: 54.5218246999981
StatTimingTaskAllocationCount: 64139
StatTimingItemStorageAverage: 0.00167056473177442
StatTimingItemStorageOverall: 6.07250280000001
StatTimingItemStorageCount: 3635
StatTimingPodStorageAverage: 4.74170616113744E-06
StatTimingPodStorageOverall: 0.0010005
StatTimingPodStorageCount: 211
StatTimingReplenishmentBatchingAverage: 1.53976878612717E-05
StatTimingReplenishmentBatchingOverall: 0.0079914
StatTimingReplenishmentBatchingCount: 519
StatTimingOrderBatchingAverage: 0.000302343037974683
StatTimingOrderBatchingOverall: 0.5971275
StatTimingOrderBatchingCount: 1975
>>> Overall
StatOverallBundlesPlaced: 298
StatOverallItemsOrdered: 3368
StatOverallOrdersPlaced: 1000
StatOverallBundlesRejected: 0
StatOverallOrdersRejected: 0
StatOverallBundlesHandled: 0
StatOverallItemsHandled: 3368
StatOverallLinesHandled: 3212
StatOverallOrdersHandled: 1000
StatOverallCollisions: 0
StatOverallDistanceEstimated: 55002
StatOverallAssignedTasks: 64139
StatMaxMemoryUsed: 54.10546875
StatRealTimeUsed: 78.6915377
StatMedianTurnoverTime: 6046.23823676329
StatLowerQuartileTurnoverTime: 3099.10088468412
StatUpperQuartileTurnoverTime: 8971.17106318638
StatAverageThroughputTime: 433.82608192926
StatMedianThroughputTime: 429.259531043008
StatLowerQuartileThroughputTime: 382.287207836406
StatUpperQuartileThroughputTime: 483.85405489324
StatOverallTotalTimeQueueing: 124641.199643204
StatAverageTurnoverTime: 6015.82917992822
StatAverageThroughputTime: 433.82608192926
StatOverallDistanceTraveled: 72017.9999999995

Marked tag finished after 1 tries!
.Fin. - SUCCESS
