<<< Welcome to the RAWSimO CLI >>>
The time is: 04/08/2019 04:26:57
Starting RAWSimO wrapper with the following arguments:
Instance: 1-1-3-18-0.85-10.xlayo
Setting: Letter-Fixed-30000-500.xsett
ControlConfig: PPFAR-TAFCFS-SAConstantRatio-ISEmptiest-PSFixed-RPDummy-OBDefault-RBSamePod-MMNoChange.xconf
StatisticsDir: fcfs-500\3-18\10
Seed: 5
Adding handler for unhandled exceptions ...
Initializing ... 
LayoutConfiguration recognized!
Parsing setting config ...
Parsing control config ...
Parsing layout config ...
Generating instance...
Info about all directions within the generated instance:
# # # # e p e e e e e p p p p p p p p p e p p p p p p p p p e p p p p p e e e e e s # # # # 
# # # # n q w w w w ^ + + + + v + + + + ^ + + + + v + + + + ^ + + + + q w w w w d q # # # # 
# # # # b p e e e e b + + + + v + + + + ^ + + + + v + + + + ^ + + + + v e e e e b s # # # # 
# # # # n q w w w w d < < < < q < < < < d < < < < q < < < < d < < < < q w w w w d q w w w w 
# # # # b p e e e e b + + + + v + + + + ^ + + + + v + + + + ^ + + + + v e e e e b p e e e n 
# # # # n q w w w w ^ + + + + v + + + + ^ + + + + v + + + + ^ + + + + q w w w w d q n w w d 
# # # # b p e e e e b > > > > p > > > > b > > > > p > > > > b > > > > p e e e e b p e e e n 
# # # # n q w w w w ^ + + + + v + + + + ^ + + + + v + + + + ^ + + + + q w w w w d q # # # # 
# # # # b p e e e e b + + + + v + + + + ^ + + + + v + + + + ^ + + + + v e e e e b s # # # # 
s w w w d q w w w w d < < < < q < < < < d < < < < q < < < < d < < < < q w w w w d q w w w w 
p e e s b p e e e e b + + + + v + + + + ^ + + + + v + + + + ^ + + + + v e e e e b p e e e n 
s w w w d q w w w w ^ + + + + v + + + + ^ + + + + v + + + + ^ + + + + q w w w w d q n w w d 
e e e e b p e e e e b > > > > p > > > > b > > > > p > > > > b > > > > p e e e e b p e e e n 
# # # # n q w w w w ^ + + + + v + + + + ^ + + + + v + + + + ^ + + + + q w w w w d q # # # # 
# # # # b p e e e e b + + + + v + + + + ^ + + + + v + + + + ^ + + + + v e e e e b s # # # # 
# # # # n q w w w w d < < < < q < < < < d < < < < q < < < < d < < < < q w w w w d q w w w w 
# # # # b p e e e e b + + + + v + + + + ^ + + + + v + + + + ^ + + + + v e e e e b p e e e n 
# # # # n q w w w w ^ + + + + v + + + + ^ + + + + v + + + + ^ + + + + q w w w w d q n w w d 
# # # # b p e e e e b > > > > p > > > > b > > > > p > > > > b > > > > p e e e e b p e e e n 
# # # # n q w w w w ^ + + + + v + + + + ^ + + + + v + + + + ^ + + + + q w w w w d q # # # # 
# # # # b p e e e e b + + + + v + + + + ^ + + + + v + + + + ^ + + + + v e e e e b s # # # # 
# # # # n q w w w w d < < < < q < < < < d < < < < q < < < < d < < < < q w w w w d q # # # # 
# # # # b p e e e e b + + + + v + + + + ^ + + + + v + + + + ^ + + + + v e e e e b s # # # # 
# # # # n q w w w w ^ + + + + v + + + + ^ + + + + v + + + + ^ + + + + q w w w w d q # # # # 
# # # # b p e e e e b > > > > p > > > > b > > > > p > > > > b > > > > p e e e e b s # # # # 
# # # # n q w w w w ^ + + + + v + + + + ^ + + + + v + + + + ^ + + + + q w w w w d q # # # # 
# # # # b p e e e e b + + + + v + + + + ^ + + + + v + + + + ^ + + + + v e e e e b s # # # # 
# # # # n w w w w w d d d d d w d d d d d d d d d w d d d d d d d d d w w w w w d w # # # # 


Info about all types within the generated instance:
# # # # r r r r r r r r r r r r r r r r r r r r r r r r r r r r r r r r r r r r r r # # # # 
# # # # r r r r r r r s s s s r s s s s r s s s s r s s s s r s s s s r r r r r r r # # # # 
# # # # r r r r r r r s s s s r s s s s r s s s s r s s s s r s s s s r r r r r r r # # # # 
# # # # r r r r r r r r r r r r r r r r r r r r r r r r r r r r r r r r r r r r r r b b b o 
# # # # r r r r r r r s s s s r s s s s r s s s s r s s s s r s s s s r r r r r r r b b b b 
# # # # r r r r r r r s s s s r s s s s r s s s s r s s s s r s s s s r r r r r r r b b b b 
# # # # r r r r r r r r r r r r r r r r r r r r r r r r r r r r r r r r r r r r r r b b b b 
# # # # r r r r r r r s s s s r s s s s r s s s s r s s s s r s s s s r r r r r r r # # # # 
# # # # r r r r r r r s s s s r s s s s r s s s s r s s s s r s s s s r r r r r r r # # # # 
b b b b r r r r r r r r r r r r r r r r r r r r r r r r r r r r r r r r r r r r r r b b b o 
b b b b r r r r r r r s s s s r s s s s r s s s s r s s s s r s s s s r r r r r r r b b b b 
b b b b r r r r r r r s s s s r s s s s r s s s s r s s s s r s s s s r r r r r r r b b b b 
i b b b r r r r r r r r r r r r r r r r r r r r r r r r r r r r r r r r r r r r r r b b b b 
# # # # r r r r r r r s s s s r s s s s r s s s s r s s s s r s s s s r r r r r r r # # # # 
# # # # r r r r r r r s s s s r s s s s r s s s s r s s s s r s s s s r r r r r r r # # # # 
# # # # r r r r r r r r r r r r r r r r r r r r r r r r r r r r r r r r r r r r r r b b b o 
# # # # r r r r r r r s s s s r s s s s r s s s s r s s s s r s s s s r r r r r r r b b b b 
# # # # r r r r r r r s s s s r s s s s r s s s s r s s s s r s s s s r r r r r r r b b b b 
# # # # r r r r r r r r r r r r r r r r r r r r r r r r r r r r r r r r r r r r r r b b b b 
# # # # r r r r r r r s s s s r s s s s r s s s s r s s s s r s s s s r r r r r r r # # # # 
# # # # r r r r r r r s s s s r s s s s r s s s s r s s s s r s s s s r r r r r r r # # # # 
# # # # r r r r r r r r r r r r r r r r r r r r r r r r r r r r r r r r r r r r r r # # # # 
# # # # r r r r r r r s s s s r s s s s r s s s s r s s s s r s s s s r r r r r r r # # # # 
# # # # r r r r r r r s s s s r s s s s r s s s s r s s s s r s s s s r r r r r r r # # # # 
# # # # r r r r r r r r r r r r r r r r r r r r r r r r r r r r r r r r r r r r r r # # # # 
# # # # r r r r r r r s s s s r s s s s r s s s s r s s s s r s s s s r r r r r r r # # # # 
# # # # r r r r r r r s s s s r s s s s r s s s s r s s s s r s s s s r r r r r r r # # # # 
# # # # r r r r r r r r r r r r r r r r r r r r r r r r r r r r r r r r r r r r r r # # # # 


StatisticsFolder: 1-1-2-6-0.85-Letter-Fixed-30000-PPFAR-TAFCFS-SAConstantRatio-ISEmptiest-PSFixed-RPDummy-OBDefault-RBSamePod-MMNoChange-5
Done!
Executing ... 
 04:26:58 | >>> Warming up ...
 00:00:00 | >>> Warmup finished - starting simulation ...
 Realtime |   ETA    |  Sim.Time  | Progress | #Orders | #Bundles | Inv. | Distance | #Coll. |   Memory    
 00:00:00 |   n/a    | 0.00:00:00 |  0.00%   |    0    |    0     | 100% |    0     |   0    |  38.33MB  
 00:00:05 | 00:00:58 | 0.00:39:20 |  7.87%   |   178   |    0     | 98%  |  14699   |   0    |  45.24MB  
 00:00:10 | 00:00:41 | 0.01:37:01 |  19.41%  |   467   |    0     | 95%  |  33451   |   0    |  48.04MB  
 00:00:15 | 00:00:44 | 0.02:06:17 |  25.26%  |   500   |    0     | 95%  |  35936   |   0    |  47.24MB  
 00:00:20 | 00:00:45 | 0.02:32:47 |  30.56%  |   500   |    0     | 95%  |  35936   |   0    |  47.33MB  
 00:00:25 | 00:00:44 | 0.02:59:31 |  35.91%  |   500   |    0     | 95%  |  35936   |   0    |  47.29MB  
 00:00:30 | 00:00:42 | 0.03:25:56 |  41.19%  |   500   |    0     | 95%  |  35936   |   0    |  47.37MB  
 00:00:35 | 00:00:40 | 0.03:52:31 |  46.50%  |   500   |    0     | 95%  |  35936   |   0    |  47.53MB  
 00:00:40 | 00:00:37 | 0.04:19:15 |  51.85%  |   500   |    0     | 95%  |  35936   |   0    |  47.64MB  
 00:00:45 | 00:00:33 | 0.04:45:20 |  57.07%  |   500   |    0     | 95%  |  35936   |   0    |  47.63MB  
 00:00:50 | 00:00:30 | 0.05:11:55 |  62.38%  |   500   |    0     | 95%  |  35936   |   0    |  47.70MB  
 00:00:55 | 00:00:26 | 0.05:38:50 |  67.77%  |   500   |    0     | 95%  |  35936   |   0    |  48.05MB  
 00:01:00 | 00:00:22 | 0.06:05:20 |  73.07%  |   500   |    0     | 95%  |  35936   |   0    |  48.05MB  
 00:01:05 | 00:00:18 | 0.06:30:42 |  78.14%  |   500   |    0     | 95%  |  35936   |   0    |  47.97MB  
 00:01:10 | 00:00:13 | 0.06:57:18 |  83.46%  |   500   |    0     | 95%  |  35936   |   0    |  48.01MB  
 00:01:15 | 00:00:09 | 0.07:23:36 |  88.72%  |   500   |    0     | 95%  |  35936   |   0    |  48.30MB  
 00:01:20 | 00:00:05 | 0.07:50:17 |  94.06%  |   500   |    0     | 95%  |  35936   |   0    |  48.14MB  
 00:01:25 | 00:00:00 | 0.08:17:03 |  99.41%  |   500   |    0     | 95%  |  35936   |   0    |  48.47MB  
 00:01:25 | 00:00:00 | 0.08:20:00 | 100.00%  |   500   |    0     | 95%  |  35936   |   0    |  48.41MB  
 00:01:25 | >>> Simulation finished - writing results ...
 00:01:26 | >>> Results written
Simulation finished.
>>> Timings
StatTimingPathPlanningAverage: 0.000348087559217301
StatTimingPathPlanningOverall: 1.6899651
StatTimingPathPlanningCount: 4855
StatTimingTaskAllocationAverage: 0.000843713073551225
StatTimingTaskAllocationOverall: 71.6025536999983
StatTimingTaskAllocationCount: 84866
StatTimingItemStorageAverage: 0.000865661437191443
StatTimingItemStorageOverall: 1.5781008
StatTimingItemStorageCount: 1823
StatTimingPodStorageAverage: 9.20648148148148E-06
StatTimingPodStorageOverall: 0.0009943
StatTimingPodStorageCount: 108
StatTimingReplenishmentBatchingAverage: 2.7519140625E-05
StatTimingReplenishmentBatchingOverall: 0.0070449
StatTimingReplenishmentBatchingCount: 256
StatTimingOrderBatchingAverage: 0.000160474397590361
StatTimingOrderBatchingOverall: 0.1598325
StatTimingOrderBatchingCount: 996
>>> Overall
StatOverallBundlesPlaced: 148
StatOverallItemsOrdered: 1676
StatOverallOrdersPlaced: 500
StatOverallBundlesRejected: 0
StatOverallOrdersRejected: 0
StatOverallBundlesHandled: 0
StatOverallItemsHandled: 1676
StatOverallLinesHandled: 1604
StatOverallOrdersHandled: 500
StatOverallCollisions: 0
StatOverallDistanceEstimated: 27324
StatOverallAssignedTasks: 84866
StatMaxMemoryUsed: 48.4375
StatRealTimeUsed: 85.6070187
StatMedianTurnoverTime: 3004.95743538614
StatLowerQuartileTurnoverTime: 1580.17551976499
StatUpperQuartileTurnoverTime: 4462.83515404402
StatAverageThroughputTime: 431.229097645056
StatMedianThroughputTime: 433.688520916147
StatLowerQuartileThroughputTime: 381.23035358685
StatUpperQuartileThroughputTime: 482.088968294476
StatOverallTotalTimeQueueing: 62921.5978232715
StatAverageTurnoverTime: 3000.56219641127
StatAverageThroughputTime: 431.229097645056
StatOverallDistanceTraveled: 35936.0000000003

Marked tag finished after 1 tries!
.Fin. - SUCCESS
