<<< Welcome to the RAWSimO CLI >>>
The time is: 04/08/2019 09:19:58
Starting RAWSimO wrapper with the following arguments:
Instance: 1-1-3-18-0.85-6.xlayo
Setting: Letter-Fixed-30000-1000.xsett
ControlConfig: PPFAR-TAShortestDistance-SAConstantRatio-ISEmptiest-PSFixed-RPDummy-OBDefault-RBSamePod-MMNoChange.xconf
StatisticsDir: ShortestDistance\ShortestDistance-1000\3-18\6
Seed: 5
Adding handler for unhandled exceptions ...
Initializing ... 
LayoutConfiguration recognized!
Parsing setting config ...
Parsing control config ...
Parsing layout config ...
Generating instance...
Info about all directions within the generated instance:
# # # # e p e e e e e p p p p p p p p p e p p p p p p p p p e p p p p p p p p p e p p p p p e e e e e s # # # # 
# # # # n q w w w w ^ + + + + v + + + + ^ + + + + v + + + + ^ + + + + v + + + + ^ + + + + q w w w w d q # # # # 
# # # # b p e e e e b + + + + v + + + + ^ + + + + v + + + + ^ + + + + v + + + + ^ + + + + v e e e e b s # # # # 
# # # # n q w w w w d < < < < q < < < < d < < < < q < < < < d < < < < q < < < < d < < < < q w w w w d q w w w w 
# # # # b p e e e e b + + + + v + + + + ^ + + + + v + + + + ^ + + + + v + + + + ^ + + + + v e e e e b p e e e n 
# # # # n q w w w w ^ + + + + v + + + + ^ + + + + v + + + + ^ + + + + v + + + + ^ + + + + q w w w w d q n w w d 
# # # # b p e e e e b > > > > p > > > > b > > > > p > > > > b > > > > p > > > > b > > > > p e e e e b p e e e n 
# # # # n q w w w w ^ + + + + v + + + + ^ + + + + v + + + + ^ + + + + v + + + + ^ + + + + q w w w w d q # # # # 
# # # # b p e e e e b + + + + v + + + + ^ + + + + v + + + + ^ + + + + v + + + + ^ + + + + v e e e e b s # # # # 
s w w w d q w w w w d < < < < q < < < < d < < < < q < < < < d < < < < q < < < < d < < < < q w w w w d q w w w w 
p e e s b p e e e e b + + + + v + + + + ^ + + + + v + + + + ^ + + + + v + + + + ^ + + + + v e e e e b p e e e n 
s w w w d q w w w w ^ + + + + v + + + + ^ + + + + v + + + + ^ + + + + v + + + + ^ + + + + q w w w w d q n w w d 
e e e e b p e e e e b > > > > p > > > > b > > > > p > > > > b > > > > p > > > > b > > > > p e e e e b p e e e n 
# # # # n q w w w w ^ + + + + v + + + + ^ + + + + v + + + + ^ + + + + v + + + + ^ + + + + q w w w w d q # # # # 
# # # # b p e e e e b + + + + v + + + + ^ + + + + v + + + + ^ + + + + v + + + + ^ + + + + v e e e e b s # # # # 
# # # # n q w w w w d < < < < q < < < < d < < < < q < < < < d < < < < q < < < < d < < < < q w w w w d q w w w w 
# # # # b p e e e e b + + + + v + + + + ^ + + + + v + + + + ^ + + + + v + + + + ^ + + + + v e e e e b p e e e n 
# # # # n q w w w w ^ + + + + v + + + + ^ + + + + v + + + + ^ + + + + v + + + + ^ + + + + q w w w w d q n w w d 
# # # # b p e e e e b > > > > p > > > > b > > > > p > > > > b > > > > p > > > > b > > > > p e e e e b p e e e n 
# # # # n q w w w w ^ + + + + v + + + + ^ + + + + v + + + + ^ + + + + v + + + + ^ + + + + q w w w w d q # # # # 
# # # # b p e e e e b + + + + v + + + + ^ + + + + v + + + + ^ + + + + v + + + + ^ + + + + v e e e e b s # # # # 
# # # # n w w w w w d d d d d w d d d d d d d d d w d d d d d d d d d w d d d d d d d d d w w w w w d w # # # # 


Info about all types within the generated instance:
# # # # r r r r r r r r r r r r r r r r r r r r r r r r r r r r r r r r r r r r r r r r r r r r r r r r # # # # 
# # # # r r r r r r r s s s s r s s s s r s s s s r s s s s r s s s s r s s s s r s s s s r r r r r r r # # # # 
# # # # r r r r r r r s s s s r s s s s r s s s s r s s s s r s s s s r s s s s r s s s s r r r r r r r # # # # 
# # # # r r r r r r r r r r r r r r r r r r r r r r r r r r r r r r r r r r r r r r r r r r r r r r r r b b b o 
# # # # r r r r r r r s s s s r s s s s r s s s s r s s s s r s s s s r s s s s r s s s s r r r r r r r b b b b 
# # # # r r r r r r r s s s s r s s s s r s s s s r s s s s r s s s s r s s s s r s s s s r r r r r r r b b b b 
# # # # r r r r r r r r r r r r r r r r r r r r r r r r r r r r r r r r r r r r r r r r r r r r r r r r b b b b 
# # # # r r r r r r r s s s s r s s s s r s s s s r s s s s r s s s s r s s s s r s s s s r r r r r r r # # # # 
# # # # r r r r r r r s s s s r s s s s r s s s s r s s s s r s s s s r s s s s r s s s s r r r r r r r # # # # 
b b b b r r r r r r r r r r r r r r r r r r r r r r r r r r r r r r r r r r r r r r r r r r r r r r r r b b b o 
b b b b r r r r r r r s s s s r s s s s r s s s s r s s s s r s s s s r s s s s r s s s s r r r r r r r b b b b 
b b b b r r r r r r r s s s s r s s s s r s s s s r s s s s r s s s s r s s s s r s s s s r r r r r r r b b b b 
i b b b r r r r r r r r r r r r r r r r r r r r r r r r r r r r r r r r r r r r r r r r r r r r r r r r b b b b 
# # # # r r r r r r r s s s s r s s s s r s s s s r s s s s r s s s s r s s s s r s s s s r r r r r r r # # # # 
# # # # r r r r r r r s s s s r s s s s r s s s s r s s s s r s s s s r s s s s r s s s s r r r r r r r # # # # 
# # # # r r r r r r r r r r r r r r r r r r r r r r r r r r r r r r r r r r r r r r r r r r r r r r r r b b b o 
# # # # r r r r r r r s s s s r s s s s r s s s s r s s s s r s s s s r s s s s r s s s s r r r r r r r b b b b 
# # # # r r r r r r r s s s s r s s s s r s s s s r s s s s r s s s s r s s s s r s s s s r r r r r r r b b b b 
# # # # r r r r r r r r r r r r r r r r r r r r r r r r r r r r r r r r r r r r r r r r r r r r r r r r b b b b 
# # # # r r r r r r r s s s s r s s s s r s s s s r s s s s r s s s s r s s s s r s s s s r r r r r r r # # # # 
# # # # r r r r r r r s s s s r s s s s r s s s s r s s s s r s s s s r s s s s r s s s s r r r r r r r # # # # 
# # # # r r r r r r r r r r r r r r r r r r r r r r r r r r r r r r r r r r r r r r r r r r r r r r r r # # # # 


StatisticsFolder: 1-1-2-6-0.85-Letter-Fixed-30000-PPFAR-TAShortestDistance-SAConstantRatio-ISEmptiest-PSFixed-RPDummy-OBDefault-RBSamePod-MMNoChange-5
Done!
Executing ... 
 09:19:59 | >>> Warming up ...
 00:00:00 | >>> Warmup finished - starting simulation ...
 Realtime |   ETA    |  Sim.Time  | Progress | #Orders | #Bundles | Inv. | Distance | #Coll. |   Memory    
 00:00:00 |   n/a    | 0.00:00:00 |  0.00%   |    0    |    0     | 100% |    0     |   0    |  38.80MB  
 00:00:05 | 00:03:21 | 0.00:08:18 |  2.43%   |   21    |    0     | 100% |   909    |   0    |  42.75MB  
 00:00:10 | 00:03:19 | 0.00:16:22 |  4.79%   |   65    |    0     | 99%  |   1016   |   0    |  43.11MB  
 00:00:15 | 00:03:09 | 0.00:25:08 |  7.36%   |   107   |    0     | 99%  |   1200   |   0    |  43.35MB  
 00:00:20 | 00:03:02 | 0.00:33:53 |  9.92%   |   155   |    0     | 98%  |   1449   |   0    |  43.66MB  
 00:00:25 | 00:02:54 | 0.00:42:48 |  12.53%  |   204   |    0     | 98%  |   1742   |   0    |  43.72MB  
 00:00:30 | 00:02:48 | 0.00:51:42 |  15.14%  |   245   |    0     | 97%  |   2205   |   0    |  44.03MB  
 00:00:35 | 00:02:36 | 0.01:02:25 |  18.27%  |   295   |    0     | 97%  |   2967   |   0    |  44.49MB  
 00:00:40 | 00:02:30 | 0.01:11:44 |  21.00%  |   351   |    0     | 96%  |   3914   |   0    |  44.80MB  
 00:00:45 | 00:02:18 | 0.01:23:43 |  24.50%  |   398   |    0     | 96%  |   4195   |   0    |  45.15MB  
 00:00:50 | 00:02:09 | 0.01:35:22 |  27.92%  |   456   |    0     | 95%  |   4713   |   0    |  45.45MB  
 00:00:55 | 00:01:56 | 0.01:49:56 |  32.18%  |   516   |    0     | 95%  |   6022   |   0    |  46.28MB  
 00:01:00 | 00:01:43 | 0.02:05:33 |  36.75%  |   579   |    0     | 94%  |   7451   |   0    |  46.70MB  
 00:01:05 | 00:01:33 | 0.02:20:11 |  41.03%  |   638   |    0     | 93%  |   9017   |   0    |  47.22MB  
 00:01:10 | 00:01:23 | 0.02:35:30 |  45.51%  |   720   |    0     | 93%  |  10336   |   0    |  47.76MB  
 00:01:15 | 00:01:14 | 0.02:52:01 |  50.35%  |   804   |    0     | 92%  |  12490   |   0    |  48.75MB  
 00:01:20 | 00:01:01 | 0.03:13:28 |  56.63%  |   896   |    0     | 91%  |  14189   |   0    |  49.55MB  
 00:01:25 | 00:00:14 | 0.04:52:31 |  85.62%  |  1000   |    0     | 90%  |  16943   |   0    |  49.67MB  
 00:01:25 | 00:00:00 | 0.05:41:40 | 100.00%  |  1000   |    0     | 90%  |  16943   |   0    |  49.88MB  
 00:01:25 | >>> Simulation finished - writing results ...
 00:01:26 | >>> Results written
Simulation finished.
>>> Timings
StatTimingPathPlanningAverage: 0.000220409357422874
StatTimingPathPlanningOverall: 1.2931417
StatTimingPathPlanningCount: 5867
StatTimingTaskAllocationAverage: 0.00233827337146593
StatTimingTaskAllocationOverall: 71.5394738
StatTimingTaskAllocationCount: 30595
StatTimingItemStorageAverage: 0.00163535505400166
StatTimingItemStorageOverall: 5.9052671
StatTimingItemStorageCount: 3611
StatTimingPodStorageAverage: 0
StatTimingPodStorageOverall: 0
StatTimingPodStorageCount: 0
StatTimingReplenishmentBatchingAverage: 0
StatTimingReplenishmentBatchingOverall: 0
StatTimingReplenishmentBatchingCount: 546
StatTimingOrderBatchingAverage: 0.000331503638201112
StatTimingOrderBatchingOverall: 0.6560457
StatTimingOrderBatchingCount: 1979
>>> Overall
StatOverallBundlesPlaced: 298
StatOverallItemsOrdered: 3368
StatOverallOrdersPlaced: 1000
StatOverallBundlesRejected: 0
StatOverallOrdersRejected: 0
StatOverallBundlesHandled: 0
StatOverallItemsHandled: 3368
StatOverallLinesHandled: 3212
StatOverallOrdersHandled: 1000
StatOverallCollisions: 0
StatOverallDistanceEstimated: 12875
StatOverallAssignedTasks: 30595
StatMaxMemoryUsed: 50.421875
StatRealTimeUsed: 85.9136405
StatMedianTurnoverTime: 6069.2087118491
StatLowerQuartileTurnoverTime: 3067.44376789639
StatUpperQuartileTurnoverTime: 9419.38195592177
StatAverageThroughputTime: 454.432683396658
StatMedianThroughputTime: 360.911479083848
StatLowerQuartileThroughputTime: 160.466666666667
StatUpperQuartileThroughputTime: 615.77666666669
StatOverallTotalTimeQueueing: 178243.125282595
StatAverageTurnoverTime: 6251.21638734033
StatAverageThroughputTime: 454.432683396658
StatOverallDistanceTraveled: 16943

Marked tag finished after 1 tries!
.Fin. - SUCCESS
