<<< Welcome to the RAWSimO CLI >>>
The time is: 04/04/2019 05:30:30
Starting RAWSimO wrapper with the following arguments:
Instance: 1-1-2-6-0.85.xlayo
Setting: Letter-Fixed-30000-1000.xsett
ControlConfig: PPFAR-TAShortestDistance-SAConstantRatio-ISEmptiest-PSFixed-RPDummy-OBDefault-RBSamePod-MMNoChange.xconf
StatisticsDir: ShortestDistance_1000
Seed: 2
Adding handler for unhandled exceptions ...
Initializing ... 
LayoutConfiguration recognized!
Parsing setting config ...
Parsing control config ...
Parsing layout config ...
Generating instance...
Info about all directions within the generated instance:
# # # # e p e e e e e p p p p p p p p p e p p p p p p p p p e p p p p p e e e e e s # # # # 
# # # # n q w w w w ^ + + + + v + + + + ^ + + + + v + + + + ^ + + + + q w w w w d q # # # # 
# # # # b p e e e e b + + + + v + + + + ^ + + + + v + + + + ^ + + + + v e e e e b s # # # # 
s w w w d q w w w w d < < < < q < < < < d < < < < q < < < < d < < < < q w w w w d q w w w w 
p e e s b p e e e e b + + + + v + + + + ^ + + + + v + + + + ^ + + + + v e e e e b p e e e n 
s w w w d q w w w w ^ + + + + v + + + + ^ + + + + v + + + + ^ + + + + q w w w w d q n w w d 
e e e e b p e e e e b > > > > p > > > > b > > > > p > > > > b > > > > p e e e e b p e e e n 
# # # # n q w w w w ^ + + + + v + + + + ^ + + + + v + + + + ^ + + + + q w w w w d q # # # # 
# # # # b p e e e e b + + + + v + + + + ^ + + + + v + + + + ^ + + + + v e e e e b s # # # # 
# # # # n q w w w w d < < < < q < < < < d < < < < q < < < < d < < < < q w w w w d q w w w w 
# # # # b p e e e e b + + + + v + + + + ^ + + + + v + + + + ^ + + + + v e e e e b p e e e n 
# # # # n q w w w w ^ + + + + v + + + + ^ + + + + v + + + + ^ + + + + q w w w w d q n w w d 
# # # # b p e e e e b > > > > p > > > > b > > > > p > > > > b > > > > p e e e e b p e e e n 
# # # # n q w w w w ^ + + + + v + + + + ^ + + + + v + + + + ^ + + + + q w w w w d q # # # # 
# # # # b p e e e e b + + + + v + + + + ^ + + + + v + + + + ^ + + + + v e e e e b s # # # # 
# # # # n w w w w w d d d d d w d d d d d d d d d w d d d d d d d d d w w w w w d w # # # # 


Info about all types within the generated instance:
# # # # r r r r r r r r r r r r r r r r r r r r r r r r r r r r r r r r r r r r r r # # # # 
# # # # r r r r r r r s s s s r s s s s r s s s s r s s s s r s s s s r r r r r r r # # # # 
# # # # r r r r r r r s s s s r s s s s r s s s s r s s s s r s s s s r r r r r r r # # # # 
b b b b r r r r r r r r r r r r r r r r r r r r r r r r r r r r r r r r r r r r r r b b b o 
b b b b r r r r r r r s s s s r s s s s r s s s s r s s s s r s s s s r r r r r r r b b b b 
b b b b r r r r r r r s s s s r s s s s r s s s s r s s s s r s s s s r r r r r r r b b b b 
i b b b r r r r r r r r r r r r r r r r r r r r r r r r r r r r r r r r r r r r r r b b b b 
# # # # r r r r r r r s s s s r s s s s r s s s s r s s s s r s s s s r r r r r r r # # # # 
# # # # r r r r r r r s s s s r s s s s r s s s s r s s s s r s s s s r r r r r r r # # # # 
# # # # r r r r r r r r r r r r r r r r r r r r r r r r r r r r r r r r r r r r r r b b b o 
# # # # r r r r r r r s s s s r s s s s r s s s s r s s s s r s s s s r r r r r r r b b b b 
# # # # r r r r r r r s s s s r s s s s r s s s s r s s s s r s s s s r r r r r r r b b b b 
# # # # r r r r r r r r r r r r r r r r r r r r r r r r r r r r r r r r r r r r r r b b b b 
# # # # r r r r r r r s s s s r s s s s r s s s s r s s s s r s s s s r r r r r r r # # # # 
# # # # r r r r r r r s s s s r s s s s r s s s s r s s s s r s s s s r r r r r r r # # # # 
# # # # r r r r r r r r r r r r r r r r r r r r r r r r r r r r r r r r r r r r r r # # # # 


StatisticsFolder: 1-1-2-6-0.85-Letter-Fixed-30000-PPFAR-TAShortestDistance-SAConstantRatio-ISEmptiest-PSFixed-RPDummy-OBDefault-RBSamePod-MMNoChange-2
Done!
Executing ... 
 05:30:31 | >>> Warming up ...
 00:00:00 | >>> Warmup finished - starting simulation ...
 Realtime |   ETA    |  Sim.Time  | Progress | #Orders | #Bundles | Inv. | Distance | #Coll. |   Memory    
 00:00:00 |   n/a    | 0.00:00:00 |  0.00%   |    0    |    0     | 70%  |    0     |   0    |  36.72MB  
 00:00:05 | 00:01:18 | 0.00:30:01 |  6.00%   |   81    |    0     | 68%  |   921    |   0    |  40.88MB  
 00:00:10 | 00:01:08 | 0.01:03:42 |  12.74%  |   183   |    0     | 66%  |   2025   |   0    |  41.63MB  
 00:00:15 | 00:00:55 | 0.01:46:23 |  21.28%  |   298   |    0     | 64%  |   3631   |   0    |  41.46MB  
 00:00:20 | 00:00:49 | 0.02:24:22 |  28.88%  |   410   |    0     | 62%  |   5637   |   0    |  42.29MB  
 00:00:25 | 00:00:40 | 0.03:11:22 |  38.27%  |   542   |    0     | 59%  |   8642   |   0    |  41.94MB  
 00:00:30 | 00:00:29 | 0.04:10:14 |  50.05%  |   710   |    0     | 56%  |  11731   |   0    |  42.53MB  
 00:00:35 | 00:00:17 | 0.05:30:24 |  66.08%  |   932   |    0     | 51%  |  16754   |   0    |  43.17MB  
 00:00:36 | 00:00:00 | 0.08:20:00 | 100.00%  |  1000   |    0     | 50%  |  18594   |   0    |  44.05MB  
 00:00:36 | >>> Simulation finished - writing results ...
 00:00:37 | >>> Results written
Simulation finished.
>>> Timings
StatTimingPathPlanningAverage: 0.000119652117685095
StatTimingPathPlanningOverall: 0.740168
StatTimingPathPlanningCount: 6186
StatTimingTaskAllocationAverage: 0.00233839216250092
StatTimingTaskAllocationOverall: 31.7156129
StatTimingTaskAllocationCount: 13563
StatTimingItemStorageAverage: 4.2728813559322E-06
StatTimingItemStorageOverall: 0.0156302
StatTimingItemStorageCount: 3658
StatTimingPodStorageAverage: 0
StatTimingPodStorageOverall: 0
StatTimingPodStorageCount: 0
StatTimingReplenishmentBatchingAverage: 3.46869179600887E-05
StatTimingReplenishmentBatchingOverall: 0.0156438
StatTimingReplenishmentBatchingCount: 451
StatTimingOrderBatchingAverage: 0.000255291503267974
StatTimingOrderBatchingOverall: 0.5077748
StatTimingOrderBatchingCount: 1989
>>> Overall
StatOverallBundlesPlaced: 298
StatOverallItemsOrdered: 3368
StatOverallOrdersPlaced: 1000
StatOverallBundlesRejected: 0
StatOverallOrdersRejected: 0
StatOverallBundlesHandled: 0
StatOverallItemsHandled: 3368
StatOverallLinesHandled: 3212
StatOverallOrdersHandled: 1000
StatOverallCollisions: 0
StatAverageTurnoverTime: 10474.9235556819
StatOverallDistanceTraveled: 18593.9999999999
StatOverallDistanceEstimated: 15168
StatOverallAssignedTasks: 13563
StatMaxMemoryUsed: 44.08203125
StatRealTimeUsed: 36.6313385
StatMedianTurnoverTime: 10515.6791061444
StatLowerQuartileTurnoverTime: 5372.19754589719
StatUpperQuartileTurnoverTime: 15669.336586061
StatAverageThroughputTime: 501.279188309814
StatMedianThroughputTime: 409.499357845878
StatLowerQuartileThroughputTime: 222.365555555549
StatUpperQuartileThroughputTime: 690.504724415807
StatOverallTotalTimeQueueing: 74103.9640898454

Marked tag finished after 1 tries!
.Fin. - SUCCESS
