<<< Welcome to the RAWSimO CLI >>>
The time is: 04/08/2019 05:21:27
Starting RAWSimO wrapper with the following arguments:
Instance: 1-1-2-12-0.85-12.xlayo
Setting: Letter-Fixed-30000-1000.xsett
ControlConfig: PPFAR-TAFCFS-SAConstantRatio-ISEmptiest-PSFixed-RPDummy-OBDefault-RBSamePod-MMNoChange.xconf
StatisticsDir: fcfs-1000\2_12\12
Seed: 5
Adding handler for unhandled exceptions ...
Initializing ... 
LayoutConfiguration recognized!
Parsing setting config ...
Parsing control config ...
Parsing layout config ...
Generating instance...
Info about all directions within the generated instance:
# # # # e p e e e e e p p p p p p p p p e p p p p p p p p p e p p p p p p p p p e p p p p p e e e e e s # # # # 
# # # # n q w w w w ^ + + + + v + + + + ^ + + + + v + + + + ^ + + + + v + + + + ^ + + + + q w w w w d q # # # # 
# # # # b p e e e e b + + + + v + + + + ^ + + + + v + + + + ^ + + + + v + + + + ^ + + + + v e e e e b s # # # # 
# # # # n q w w w w d < < < < q < < < < d < < < < q < < < < d < < < < q < < < < d < < < < q w w w w d q w w w w 
# # # # b p e e e e b + + + + v + + + + ^ + + + + v + + + + ^ + + + + v + + + + ^ + + + + v e e e e b p e e e n 
# # # # n q w w w w ^ + + + + v + + + + ^ + + + + v + + + + ^ + + + + v + + + + ^ + + + + q w w w w d q n w w d 
# # # # b p e e e e b > > > > p > > > > b > > > > p > > > > b > > > > p > > > > b > > > > p e e e e b p e e e n 
# # # # n q w w w w ^ + + + + v + + + + ^ + + + + v + + + + ^ + + + + v + + + + ^ + + + + q w w w w d q # # # # 
# # # # b p e e e e b + + + + v + + + + ^ + + + + v + + + + ^ + + + + v + + + + ^ + + + + v e e e e b s # # # # 
s w w w d q w w w w d < < < < q < < < < d < < < < q < < < < d < < < < q < < < < d < < < < q w w w w d q w w w w 
p e e s b p e e e e b + + + + v + + + + ^ + + + + v + + + + ^ + + + + v + + + + ^ + + + + v e e e e b p e e e n 
s w w w d q w w w w ^ + + + + v + + + + ^ + + + + v + + + + ^ + + + + v + + + + ^ + + + + q w w w w d q n w w d 
e e e e b p e e e e b > > > > p > > > > b > > > > p > > > > b > > > > p > > > > b > > > > p e e e e b p e e e n 
# # # # n q w w w w ^ + + + + v + + + + ^ + + + + v + + + + ^ + + + + v + + + + ^ + + + + q w w w w d q # # # # 
# # # # b p e e e e b + + + + v + + + + ^ + + + + v + + + + ^ + + + + v + + + + ^ + + + + v e e e e b s # # # # 
# # # # n q w w w w d < < < < q < < < < d < < < < q < < < < d < < < < q < < < < d < < < < q w w w w d q # # # # 
# # # # b p e e e e b + + + + v + + + + ^ + + + + v + + + + ^ + + + + v + + + + ^ + + + + v e e e e b s # # # # 
# # # # n q w w w w ^ + + + + v + + + + ^ + + + + v + + + + ^ + + + + v + + + + ^ + + + + q w w w w d q # # # # 
# # # # b p e e e e b > > > > p > > > > b > > > > p > > > > b > > > > p > > > > b > > > > p e e e e b s # # # # 
# # # # n q w w w w ^ + + + + v + + + + ^ + + + + v + + + + ^ + + + + v + + + + ^ + + + + q w w w w d q # # # # 
# # # # b p e e e e b + + + + v + + + + ^ + + + + v + + + + ^ + + + + v + + + + ^ + + + + v e e e e b s # # # # 
# # # # n w w w w w d d d d d w d d d d d d d d d w d d d d d d d d d w d d d d d d d d d w w w w w d w # # # # 


Info about all types within the generated instance:
# # # # r r r r r r r r r r r r r r r r r r r r r r r r r r r r r r r r r r r r r r r r r r r r r r r r # # # # 
# # # # r r r r r r r s s s s r s s s s r s s s s r s s s s r s s s s r s s s s r s s s s r r r r r r r # # # # 
# # # # r r r r r r r s s s s r s s s s r s s s s r s s s s r s s s s r s s s s r s s s s r r r r r r r # # # # 
# # # # r r r r r r r r r r r r r r r r r r r r r r r r r r r r r r r r r r r r r r r r r r r r r r r r b b b o 
# # # # r r r r r r r s s s s r s s s s r s s s s r s s s s r s s s s r s s s s r s s s s r r r r r r r b b b b 
# # # # r r r r r r r s s s s r s s s s r s s s s r s s s s r s s s s r s s s s r s s s s r r r r r r r b b b b 
# # # # r r r r r r r r r r r r r r r r r r r r r r r r r r r r r r r r r r r r r r r r r r r r r r r r b b b b 
# # # # r r r r r r r s s s s r s s s s r s s s s r s s s s r s s s s r s s s s r s s s s r r r r r r r # # # # 
# # # # r r r r r r r s s s s r s s s s r s s s s r s s s s r s s s s r s s s s r s s s s r r r r r r r # # # # 
b b b b r r r r r r r r r r r r r r r r r r r r r r r r r r r r r r r r r r r r r r r r r r r r r r r r b b b o 
b b b b r r r r r r r s s s s r s s s s r s s s s r s s s s r s s s s r s s s s r s s s s r r r r r r r b b b b 
b b b b r r r r r r r s s s s r s s s s r s s s s r s s s s r s s s s r s s s s r s s s s r r r r r r r b b b b 
i b b b r r r r r r r r r r r r r r r r r r r r r r r r r r r r r r r r r r r r r r r r r r r r r r r r b b b b 
# # # # r r r r r r r s s s s r s s s s r s s s s r s s s s r s s s s r s s s s r s s s s r r r r r r r # # # # 
# # # # r r r r r r r s s s s r s s s s r s s s s r s s s s r s s s s r s s s s r s s s s r r r r r r r # # # # 
# # # # r r r r r r r r r r r r r r r r r r r r r r r r r r r r r r r r r r r r r r r r r r r r r r r r # # # # 
# # # # r r r r r r r s s s s r s s s s r s s s s r s s s s r s s s s r s s s s r s s s s r r r r r r r # # # # 
# # # # r r r r r r r s s s s r s s s s r s s s s r s s s s r s s s s r s s s s r s s s s r r r r r r r # # # # 
# # # # r r r r r r r r r r r r r r r r r r r r r r r r r r r r r r r r r r r r r r r r r r r r r r r r # # # # 
# # # # r r r r r r r s s s s r s s s s r s s s s r s s s s r s s s s r s s s s r s s s s r r r r r r r # # # # 
# # # # r r r r r r r s s s s r s s s s r s s s s r s s s s r s s s s r s s s s r s s s s r r r r r r r # # # # 
# # # # r r r r r r r r r r r r r r r r r r r r r r r r r r r r r r r r r r r r r r r r r r r r r r r r # # # # 


StatisticsFolder: 1-1-2-6-0.85-Letter-Fixed-30000-PPFAR-TAFCFS-SAConstantRatio-ISEmptiest-PSFixed-RPDummy-OBDefault-RBSamePod-MMNoChange-5
Done!
Executing ... 
 05:21:29 | >>> Warming up ...
 00:00:00 | >>> Warmup finished - starting simulation ...
 Realtime |   ETA    |  Sim.Time  | Progress | #Orders | #Bundles | Inv. | Distance | #Coll. |   Memory    
 00:00:00 |   n/a    | 0.00:00:00 |  0.00%   |    0    |    0     | 100% |    0     |   0    |  38.89MB  
 00:00:05 | 00:00:42 | 0.00:52:19 |  10.47%  |   176   |    0     | 98%  |   9941   |   0    |  45.16MB  
 00:00:10 | 00:00:29 | 0.02:08:10 |  25.64%  |   431   |    0     | 96%  |  23024   |   0    |  46.08MB  
 00:00:15 | 00:00:20 | 0.03:29:52 |  41.98%  |   714   |    0     | 93%  |  38261   |   0    |  48.29MB  
 00:00:20 | 00:00:13 | 0.05:02:50 |  60.57%  |  1000   |    0     | 90%  |  53217   |   0    |  49.19MB  
 00:00:25 | 00:00:10 | 0.05:54:42 |  70.94%  |  1000   |    0     | 90%  |  53217   |   0    |  49.13MB  
 00:00:30 | 00:00:06 | 0.06:45:57 |  81.19%  |  1000   |    0     | 90%  |  53217   |   0    |  49.24MB  
 00:00:35 | 00:00:03 | 0.07:35:17 |  91.06%  |  1000   |    0     | 90%  |  53217   |   0    |  49.72MB  
 00:00:39 | 00:00:00 | 0.08:20:00 | 100.00%  |  1000   |    0     | 90%  |  53217   |   0    |  49.75MB  
 00:00:39 | >>> Simulation finished - writing results ...
 00:00:39 | >>> Results written
Simulation finished.
>>> Timings
StatTimingPathPlanningAverage: 0.000241176021154495
StatTimingPathPlanningOverall: 2.1433313
StatTimingPathPlanningCount: 8887
StatTimingTaskAllocationAverage: 0.000667446736600559
StatTimingTaskAllocationOverall: 20.3604627
StatTimingTaskAllocationCount: 30505
StatTimingItemStorageAverage: 0.00174633588267544
StatTimingItemStorageOverall: 6.37063330000002
StatTimingItemStorageCount: 3648
StatTimingPodStorageAverage: 0
StatTimingPodStorageOverall: 0
StatTimingPodStorageCount: 177
StatTimingReplenishmentBatchingAverage: 1.51728652751423E-05
StatTimingReplenishmentBatchingOverall: 0.0079961
StatTimingReplenishmentBatchingCount: 527
StatTimingOrderBatchingAverage: 0.000281952501263264
StatTimingOrderBatchingOverall: 0.557984
StatTimingOrderBatchingCount: 1979
>>> Overall
StatOverallBundlesPlaced: 298
StatOverallItemsOrdered: 3368
StatOverallOrdersPlaced: 1000
StatOverallBundlesRejected: 0
StatOverallOrdersRejected: 0
StatOverallBundlesHandled: 0
StatOverallItemsHandled: 3368
StatOverallLinesHandled: 3212
StatOverallOrdersHandled: 1000
StatOverallCollisions: 0
StatOverallDistanceEstimated: 41173
StatOverallAssignedTasks: 30505
StatMaxMemoryUsed: 49.83984375
StatRealTimeUsed: 39.3272518
StatMedianTurnoverTime: 8749.43626660923
StatLowerQuartileTurnoverTime: 4350.47793082083
StatUpperQuartileTurnoverTime: 13060.4593965197
StatAverageThroughputTime: 421.986649351763
StatMedianThroughputTime: 421.879632027267
StatLowerQuartileThroughputTime: 372.002409805005
StatUpperQuartileThroughputTime: 473.16129869394
StatOverallTotalTimeQueueing: 138054.951158618
StatAverageTurnoverTime: 8711.56498884917
StatAverageThroughputTime: 421.986649351763
StatOverallDistanceTraveled: 53216.9999999994

Marked tag finished after 1 tries!
.Fin. - SUCCESS
