<<< Welcome to the RAWSimO CLI >>>
The time is: 04/08/2019 05:24:43
Starting RAWSimO wrapper with the following arguments:
Instance: 1-1-3-18-0.85-8.xlayo
Setting: Letter-Fixed-30000-1000.xsett
ControlConfig: PPFAR-TAFCFS-SAConstantRatio-ISEmptiest-PSFixed-RPDummy-OBDefault-RBSamePod-MMNoChange.xconf
StatisticsDir: fcfs-1000\3-18\8
Seed: 5
Adding handler for unhandled exceptions ...
Initializing ... 
LayoutConfiguration recognized!
Parsing setting config ...
Parsing control config ...
Parsing layout config ...
Generating instance...
Info about all directions within the generated instance:
# # # # e p e e e e e p p p p p p p p p e p p p p p p p p p e p p p p p p p p p e p p p p p p p p p e p p p p p e e e e e s # # # # 
# # # # n q w w w w ^ + + + + v + + + + ^ + + + + v + + + + ^ + + + + v + + + + ^ + + + + v + + + + ^ + + + + q w w w w d q # # # # 
# # # # b p e e e e b + + + + v + + + + ^ + + + + v + + + + ^ + + + + v + + + + ^ + + + + v + + + + ^ + + + + v e e e e b s # # # # 
# # # # n q w w w w d < < < < q < < < < d < < < < q < < < < d < < < < q < < < < d < < < < q < < < < d < < < < q w w w w d q w w w w 
# # # # b p e e e e b + + + + v + + + + ^ + + + + v + + + + ^ + + + + v + + + + ^ + + + + v + + + + ^ + + + + v e e e e b p e e e n 
# # # # n q w w w w ^ + + + + v + + + + ^ + + + + v + + + + ^ + + + + v + + + + ^ + + + + v + + + + ^ + + + + q w w w w d q n w w d 
# # # # b p e e e e b > > > > p > > > > b > > > > p > > > > b > > > > p > > > > b > > > > p > > > > b > > > > p e e e e b p e e e n 
# # # # n q w w w w ^ + + + + v + + + + ^ + + + + v + + + + ^ + + + + v + + + + ^ + + + + v + + + + ^ + + + + q w w w w d q # # # # 
# # # # b p e e e e b + + + + v + + + + ^ + + + + v + + + + ^ + + + + v + + + + ^ + + + + v + + + + ^ + + + + v e e e e b s # # # # 
s w w w d q w w w w d < < < < q < < < < d < < < < q < < < < d < < < < q < < < < d < < < < q < < < < d < < < < q w w w w d q w w w w 
p e e s b p e e e e b + + + + v + + + + ^ + + + + v + + + + ^ + + + + v + + + + ^ + + + + v + + + + ^ + + + + v e e e e b p e e e n 
s w w w d q w w w w ^ + + + + v + + + + ^ + + + + v + + + + ^ + + + + v + + + + ^ + + + + v + + + + ^ + + + + q w w w w d q n w w d 
e e e e b p e e e e b > > > > p > > > > b > > > > p > > > > b > > > > p > > > > b > > > > p > > > > b > > > > p e e e e b p e e e n 
# # # # n q w w w w ^ + + + + v + + + + ^ + + + + v + + + + ^ + + + + v + + + + ^ + + + + v + + + + ^ + + + + q w w w w d q # # # # 
# # # # b p e e e e b + + + + v + + + + ^ + + + + v + + + + ^ + + + + v + + + + ^ + + + + v + + + + ^ + + + + v e e e e b s # # # # 
# # # # n q w w w w d < < < < q < < < < d < < < < q < < < < d < < < < q < < < < d < < < < q < < < < d < < < < q w w w w d q w w w w 
# # # # b p e e e e b + + + + v + + + + ^ + + + + v + + + + ^ + + + + v + + + + ^ + + + + v + + + + ^ + + + + v e e e e b p e e e n 
# # # # n q w w w w ^ + + + + v + + + + ^ + + + + v + + + + ^ + + + + v + + + + ^ + + + + v + + + + ^ + + + + q w w w w d q n w w d 
# # # # b p e e e e b > > > > p > > > > b > > > > p > > > > b > > > > p > > > > b > > > > p > > > > b > > > > p e e e e b p e e e n 
# # # # n q w w w w ^ + + + + v + + + + ^ + + + + v + + + + ^ + + + + v + + + + ^ + + + + v + + + + ^ + + + + q w w w w d q # # # # 
# # # # b p e e e e b + + + + v + + + + ^ + + + + v + + + + ^ + + + + v + + + + ^ + + + + v + + + + ^ + + + + v e e e e b s # # # # 
# # # # n w w w w w d d d d d w d d d d d d d d d w d d d d d d d d d w d d d d d d d d d w d d d d d d d d d w w w w w d w # # # # 


Info about all types within the generated instance:
# # # # r r r r r r r r r r r r r r r r r r r r r r r r r r r r r r r r r r r r r r r r r r r r r r r r r r r r r r r r r r # # # # 
# # # # r r r r r r r s s s s r s s s s r s s s s r s s s s r s s s s r s s s s r s s s s r s s s s r s s s s r r r r r r r # # # # 
# # # # r r r r r r r s s s s r s s s s r s s s s r s s s s r s s s s r s s s s r s s s s r s s s s r s s s s r r r r r r r # # # # 
# # # # r r r r r r r r r r r r r r r r r r r r r r r r r r r r r r r r r r r r r r r r r r r r r r r r r r r r r r r r r r b b b o 
# # # # r r r r r r r s s s s r s s s s r s s s s r s s s s r s s s s r s s s s r s s s s r s s s s r s s s s r r r r r r r b b b b 
# # # # r r r r r r r s s s s r s s s s r s s s s r s s s s r s s s s r s s s s r s s s s r s s s s r s s s s r r r r r r r b b b b 
# # # # r r r r r r r r r r r r r r r r r r r r r r r r r r r r r r r r r r r r r r r r r r r r r r r r r r r r r r r r r r b b b b 
# # # # r r r r r r r s s s s r s s s s r s s s s r s s s s r s s s s r s s s s r s s s s r s s s s r s s s s r r r r r r r # # # # 
# # # # r r r r r r r s s s s r s s s s r s s s s r s s s s r s s s s r s s s s r s s s s r s s s s r s s s s r r r r r r r # # # # 
b b b b r r r r r r r r r r r r r r r r r r r r r r r r r r r r r r r r r r r r r r r r r r r r r r r r r r r r r r r r r r b b b o 
b b b b r r r r r r r s s s s r s s s s r s s s s r s s s s r s s s s r s s s s r s s s s r s s s s r s s s s r r r r r r r b b b b 
b b b b r r r r r r r s s s s r s s s s r s s s s r s s s s r s s s s r s s s s r s s s s r s s s s r s s s s r r r r r r r b b b b 
i b b b r r r r r r r r r r r r r r r r r r r r r r r r r r r r r r r r r r r r r r r r r r r r r r r r r r r r r r r r r r b b b b 
# # # # r r r r r r r s s s s r s s s s r s s s s r s s s s r s s s s r s s s s r s s s s r s s s s r s s s s r r r r r r r # # # # 
# # # # r r r r r r r s s s s r s s s s r s s s s r s s s s r s s s s r s s s s r s s s s r s s s s r s s s s r r r r r r r # # # # 
# # # # r r r r r r r r r r r r r r r r r r r r r r r r r r r r r r r r r r r r r r r r r r r r r r r r r r r r r r r r r r b b b o 
# # # # r r r r r r r s s s s r s s s s r s s s s r s s s s r s s s s r s s s s r s s s s r s s s s r s s s s r r r r r r r b b b b 
# # # # r r r r r r r s s s s r s s s s r s s s s r s s s s r s s s s r s s s s r s s s s r s s s s r s s s s r r r r r r r b b b b 
# # # # r r r r r r r r r r r r r r r r r r r r r r r r r r r r r r r r r r r r r r r r r r r r r r r r r r r r r r r r r r b b b b 
# # # # r r r r r r r s s s s r s s s s r s s s s r s s s s r s s s s r s s s s r s s s s r s s s s r s s s s r r r r r r r # # # # 
# # # # r r r r r r r s s s s r s s s s r s s s s r s s s s r s s s s r s s s s r s s s s r s s s s r s s s s r r r r r r r # # # # 
# # # # r r r r r r r r r r r r r r r r r r r r r r r r r r r r r r r r r r r r r r r r r r r r r r r r r r r r r r r r r r # # # # 


StatisticsFolder: 1-1-2-6-0.85-Letter-Fixed-30000-PPFAR-TAFCFS-SAConstantRatio-ISEmptiest-PSFixed-RPDummy-OBDefault-RBSamePod-MMNoChange-5
Done!
Executing ... 
 05:24:45 | >>> Warming up ...
 00:00:00 | >>> Warmup finished - starting simulation ...
 Realtime |   ETA    |  Sim.Time  | Progress | #Orders | #Bundles | Inv. | Distance | #Coll. |   Memory    
 00:00:00 |   n/a    | 0.00:00:00 |  0.00%   |    0    |    0     | 100% |    0     |   0    |  39.60MB  
 00:00:05 | 00:01:45 | 0.00:22:42 |  4.54%   |   104   |    0     | 99%  |   8587   |   0    |  45.61MB  
 00:00:10 | 00:01:17 | 0.00:57:22 |  11.47%  |   272   |    0     | 98%  |  20497   |   0    |  48.51MB  
 00:00:15 | 00:01:05 | 0.01:33:39 |  18.73%  |   444   |    0     | 96%  |  33278   |   0    |  50.55MB  
 00:00:20 | 00:00:55 | 0.02:12:44 |  26.55%  |   634   |    0     | 95%  |  47346   |   0    |  52.74MB  
 00:00:25 | 00:00:47 | 0.02:51:37 |  34.32%  |   831   |    0     | 93%  |  62286   |   0    |  54.88MB  
 00:00:30 | 00:00:41 | 0.03:29:17 |  41.86%  |  1000   |    0     | 92%  |  75694   |   0    |  56.16MB  
 00:00:35 | 00:00:41 | 0.03:49:13 |  45.84%  |  1000   |    0     | 92%  |  75694   |   0    |  55.01MB  
 00:00:40 | 00:00:40 | 0.04:09:04 |  49.81%  |  1000   |    0     | 92%  |  75694   |   0    |  55.11MB  
 00:00:45 | 00:00:38 | 0.04:29:00 |  53.80%  |  1000   |    0     | 92%  |  75694   |   0    |  55.07MB  
 00:00:50 | 00:00:36 | 0.04:48:59 |  57.80%  |  1000   |    0     | 92%  |  75694   |   0    |  55.38MB  
 00:00:55 | 00:00:33 | 0.05:09:15 |  61.85%  |  1000   |    0     | 92%  |  75694   |   0    |  55.73MB  
 00:01:00 | 00:00:31 | 0.05:29:30 |  65.90%  |  1000   |    0     | 92%  |  75694   |   0    |  55.70MB  
 00:01:05 | 00:00:27 | 0.05:49:39 |  69.93%  |  1000   |    0     | 92%  |  75694   |   0    |  55.77MB  
 00:01:10 | 00:00:24 | 0.06:09:46 |  73.95%  |  1000   |    0     | 92%  |  75694   |   0    |  55.89MB  
 00:01:15 | 00:00:21 | 0.06:29:19 |  77.86%  |  1000   |    0     | 92%  |  75694   |   0    |  55.74MB  
 00:01:20 | 00:00:17 | 0.06:48:44 |  81.75%  |  1000   |    0     | 92%  |  75694   |   0    |  55.85MB  
 00:01:25 | 00:00:14 | 0.07:08:44 |  85.75%  |  1000   |    0     | 92%  |  75694   |   0    |  56.02MB  
 00:01:30 | 00:00:10 | 0.07:29:00 |  89.80%  |  1000   |    0     | 92%  |  75694   |   0    |  56.10MB  
 00:01:35 | 00:00:06 | 0.07:49:10 |  93.84%  |  1000   |    0     | 92%  |  75694   |   0    |  56.01MB  
 00:01:40 | 00:00:02 | 0.08:09:08 |  97.83%  |  1000   |    0     | 92%  |  75694   |   0    |  56.05MB  
 00:01:42 | 00:00:00 | 0.08:20:00 | 100.00%  |  1000   |    0     | 92%  |  75694   |   0    |  56.36MB  
 00:01:42 | >>> Simulation finished - writing results ...
 00:01:43 | >>> Results written
Simulation finished.
>>> Timings
StatTimingPathPlanningAverage: 0.00040907726426799
StatTimingPathPlanningOverall: 3.9565953
StatTimingPathPlanningCount: 9672
StatTimingTaskAllocationAverage: 0.00117843457882812
StatTimingTaskAllocationOverall: 73.8949186999963
StatTimingTaskAllocationCount: 62706
StatTimingItemStorageAverage: 0.00230292233305625
StatTimingItemStorageOverall: 8.31124670000002
StatTimingItemStorageCount: 3609
StatTimingPodStorageAverage: 0
StatTimingPodStorageOverall: 0
StatTimingPodStorageCount: 182
StatTimingReplenishmentBatchingAverage: 1.15438461538462E-05
StatTimingReplenishmentBatchingOverall: 0.0060028
StatTimingReplenishmentBatchingCount: 520
StatTimingOrderBatchingAverage: 0.000313721063291139
StatTimingOrderBatchingOverall: 0.6195991
StatTimingOrderBatchingCount: 1975
>>> Overall
StatOverallBundlesPlaced: 298
StatOverallItemsOrdered: 3368
StatOverallOrdersPlaced: 1000
StatOverallBundlesRejected: 0
StatOverallOrdersRejected: 0
StatOverallBundlesHandled: 0
StatOverallItemsHandled: 3368
StatOverallLinesHandled: 3212
StatOverallOrdersHandled: 1000
StatOverallCollisions: 0
StatOverallDistanceEstimated: 57222
StatOverallAssignedTasks: 62706
StatMaxMemoryUsed: 56.34765625
StatRealTimeUsed: 102.7489133
StatMedianTurnoverTime: 6187.07523527229
StatLowerQuartileTurnoverTime: 3091.30017554998
StatUpperQuartileTurnoverTime: 9064.14614343717
StatAverageThroughputTime: 436.080286110259
StatMedianThroughputTime: 432.099617641512
StatLowerQuartileThroughputTime: 383.018253927788
StatUpperQuartileThroughputTime: 484.365750331328
StatOverallTotalTimeQueueing: 122694.166168528
StatAverageTurnoverTime: 6070.44938252348
StatAverageThroughputTime: 436.080286110259
StatOverallDistanceTraveled: 75693.9999999996

Marked tag finished after 1 tries!
.Fin. - SUCCESS
