<<< Welcome to the RAWSimO CLI >>>
The time is: 04/08/2019 05:23:13
Starting RAWSimO wrapper with the following arguments:
Instance: 1-1-3-18-0.85-6.xlayo
Setting: Letter-Fixed-30000-1000.xsett
ControlConfig: PPFAR-TAFCFS-SAConstantRatio-ISEmptiest-PSFixed-RPDummy-OBDefault-RBSamePod-MMNoChange.xconf
StatisticsDir: fcfs-1000\3-18\6
Seed: 5
Adding handler for unhandled exceptions ...
Initializing ... 
LayoutConfiguration recognized!
Parsing setting config ...
Parsing control config ...
Parsing layout config ...
Generating instance...
Info about all directions within the generated instance:
# # # # e p e e e e e p p p p p p p p p e p p p p p p p p p e p p p p p p p p p e p p p p p e e e e e s # # # # 
# # # # n q w w w w ^ + + + + v + + + + ^ + + + + v + + + + ^ + + + + v + + + + ^ + + + + q w w w w d q # # # # 
# # # # b p e e e e b + + + + v + + + + ^ + + + + v + + + + ^ + + + + v + + + + ^ + + + + v e e e e b s # # # # 
# # # # n q w w w w d < < < < q < < < < d < < < < q < < < < d < < < < q < < < < d < < < < q w w w w d q w w w w 
# # # # b p e e e e b + + + + v + + + + ^ + + + + v + + + + ^ + + + + v + + + + ^ + + + + v e e e e b p e e e n 
# # # # n q w w w w ^ + + + + v + + + + ^ + + + + v + + + + ^ + + + + v + + + + ^ + + + + q w w w w d q n w w d 
# # # # b p e e e e b > > > > p > > > > b > > > > p > > > > b > > > > p > > > > b > > > > p e e e e b p e e e n 
# # # # n q w w w w ^ + + + + v + + + + ^ + + + + v + + + + ^ + + + + v + + + + ^ + + + + q w w w w d q # # # # 
# # # # b p e e e e b + + + + v + + + + ^ + + + + v + + + + ^ + + + + v + + + + ^ + + + + v e e e e b s # # # # 
s w w w d q w w w w d < < < < q < < < < d < < < < q < < < < d < < < < q < < < < d < < < < q w w w w d q w w w w 
p e e s b p e e e e b + + + + v + + + + ^ + + + + v + + + + ^ + + + + v + + + + ^ + + + + v e e e e b p e e e n 
s w w w d q w w w w ^ + + + + v + + + + ^ + + + + v + + + + ^ + + + + v + + + + ^ + + + + q w w w w d q n w w d 
e e e e b p e e e e b > > > > p > > > > b > > > > p > > > > b > > > > p > > > > b > > > > p e e e e b p e e e n 
# # # # n q w w w w ^ + + + + v + + + + ^ + + + + v + + + + ^ + + + + v + + + + ^ + + + + q w w w w d q # # # # 
# # # # b p e e e e b + + + + v + + + + ^ + + + + v + + + + ^ + + + + v + + + + ^ + + + + v e e e e b s # # # # 
# # # # n q w w w w d < < < < q < < < < d < < < < q < < < < d < < < < q < < < < d < < < < q w w w w d q w w w w 
# # # # b p e e e e b + + + + v + + + + ^ + + + + v + + + + ^ + + + + v + + + + ^ + + + + v e e e e b p e e e n 
# # # # n q w w w w ^ + + + + v + + + + ^ + + + + v + + + + ^ + + + + v + + + + ^ + + + + q w w w w d q n w w d 
# # # # b p e e e e b > > > > p > > > > b > > > > p > > > > b > > > > p > > > > b > > > > p e e e e b p e e e n 
# # # # n q w w w w ^ + + + + v + + + + ^ + + + + v + + + + ^ + + + + v + + + + ^ + + + + q w w w w d q # # # # 
# # # # b p e e e e b + + + + v + + + + ^ + + + + v + + + + ^ + + + + v + + + + ^ + + + + v e e e e b s # # # # 
# # # # n w w w w w d d d d d w d d d d d d d d d w d d d d d d d d d w d d d d d d d d d w w w w w d w # # # # 


Info about all types within the generated instance:
# # # # r r r r r r r r r r r r r r r r r r r r r r r r r r r r r r r r r r r r r r r r r r r r r r r r # # # # 
# # # # r r r r r r r s s s s r s s s s r s s s s r s s s s r s s s s r s s s s r s s s s r r r r r r r # # # # 
# # # # r r r r r r r s s s s r s s s s r s s s s r s s s s r s s s s r s s s s r s s s s r r r r r r r # # # # 
# # # # r r r r r r r r r r r r r r r r r r r r r r r r r r r r r r r r r r r r r r r r r r r r r r r r b b b o 
# # # # r r r r r r r s s s s r s s s s r s s s s r s s s s r s s s s r s s s s r s s s s r r r r r r r b b b b 
# # # # r r r r r r r s s s s r s s s s r s s s s r s s s s r s s s s r s s s s r s s s s r r r r r r r b b b b 
# # # # r r r r r r r r r r r r r r r r r r r r r r r r r r r r r r r r r r r r r r r r r r r r r r r r b b b b 
# # # # r r r r r r r s s s s r s s s s r s s s s r s s s s r s s s s r s s s s r s s s s r r r r r r r # # # # 
# # # # r r r r r r r s s s s r s s s s r s s s s r s s s s r s s s s r s s s s r s s s s r r r r r r r # # # # 
b b b b r r r r r r r r r r r r r r r r r r r r r r r r r r r r r r r r r r r r r r r r r r r r r r r r b b b o 
b b b b r r r r r r r s s s s r s s s s r s s s s r s s s s r s s s s r s s s s r s s s s r r r r r r r b b b b 
b b b b r r r r r r r s s s s r s s s s r s s s s r s s s s r s s s s r s s s s r s s s s r r r r r r r b b b b 
i b b b r r r r r r r r r r r r r r r r r r r r r r r r r r r r r r r r r r r r r r r r r r r r r r r r b b b b 
# # # # r r r r r r r s s s s r s s s s r s s s s r s s s s r s s s s r s s s s r s s s s r r r r r r r # # # # 
# # # # r r r r r r r s s s s r s s s s r s s s s r s s s s r s s s s r s s s s r s s s s r r r r r r r # # # # 
# # # # r r r r r r r r r r r r r r r r r r r r r r r r r r r r r r r r r r r r r r r r r r r r r r r r b b b o 
# # # # r r r r r r r s s s s r s s s s r s s s s r s s s s r s s s s r s s s s r s s s s r r r r r r r b b b b 
# # # # r r r r r r r s s s s r s s s s r s s s s r s s s s r s s s s r s s s s r s s s s r r r r r r r b b b b 
# # # # r r r r r r r r r r r r r r r r r r r r r r r r r r r r r r r r r r r r r r r r r r r r r r r r b b b b 
# # # # r r r r r r r s s s s r s s s s r s s s s r s s s s r s s s s r s s s s r s s s s r r r r r r r # # # # 
# # # # r r r r r r r s s s s r s s s s r s s s s r s s s s r s s s s r s s s s r s s s s r r r r r r r # # # # 
# # # # r r r r r r r r r r r r r r r r r r r r r r r r r r r r r r r r r r r r r r r r r r r r r r r r # # # # 


StatisticsFolder: 1-1-2-6-0.85-Letter-Fixed-30000-PPFAR-TAFCFS-SAConstantRatio-ISEmptiest-PSFixed-RPDummy-OBDefault-RBSamePod-MMNoChange-5
Done!
Executing ... 
 05:23:15 | >>> Warming up ...
 00:00:00 | >>> Warmup finished - starting simulation ...
 Realtime |   ETA    |  Sim.Time  | Progress | #Orders | #Bundles | Inv. | Distance | #Coll. |   Memory    
 00:00:00 |   n/a    | 0.00:00:00 |  0.00%   |    0    |    0     | 100% |    0     |   0    |  38.85MB  
 00:00:05 | 00:01:28 | 0.00:26:52 |  5.38%   |   125   |    0     | 99%  |  10495   |   0    |  45.36MB  
 00:00:10 | 00:01:04 | 0.01:06:56 |  13.39%  |   322   |    0     | 97%  |  24429   |   0    |  46.92MB  
 00:00:15 | 00:00:53 | 0.01:50:17 |  22.06%  |   538   |    0     | 94%  |  39766   |   0    |  49.65MB  
 00:00:20 | 00:00:42 | 0.02:39:03 |  31.81%  |   765   |    0     | 92%  |  55030   |   0    |  50.82MB  
 00:00:25 | 00:00:35 | 0.03:27:10 |  41.44%  |  1000   |    0     | 90%  |  72341   |   0    |  54.42MB  
 00:00:30 | 00:00:35 | 0.03:48:47 |  45.76%  |  1000   |    0     | 90%  |  72342   |   0    |  54.47MB  
 00:00:35 | 00:00:34 | 0.04:10:20 |  50.07%  |  1000   |    0     | 90%  |  72342   |   0    |  54.20MB  
 00:00:40 | 00:00:32 | 0.04:34:05 |  54.82%  |  1000   |    0     | 90%  |  72342   |   0    |  54.65MB  
 00:00:45 | 00:00:30 | 0.04:56:34 |  59.31%  |  1000   |    0     | 90%  |  72342   |   0    |  54.42MB  
 00:00:50 | 00:00:28 | 0.05:19:13 |  63.84%  |  1000   |    0     | 90%  |  72342   |   0    |  54.89MB  
 00:00:55 | 00:00:25 | 0.05:42:01 |  68.41%  |  1000   |    0     | 90%  |  72342   |   0    |  54.75MB  
 00:01:00 | 00:00:21 | 0.06:06:07 |  73.22%  |  1000   |    0     | 90%  |  72342   |   0    |  53.86MB  
 00:01:05 | 00:00:18 | 0.06:29:52 |  77.97%  |  1000   |    0     | 90%  |  72342   |   0    |  53.68MB  
 00:01:10 | 00:00:14 | 0.06:53:56 |  82.79%  |  1000   |    0     | 90%  |  72342   |   0    |  53.81MB  
 00:01:15 | 00:00:10 | 0.07:18:07 |  87.63%  |  1000   |    0     | 90%  |  72342   |   0    |  53.84MB  
 00:01:20 | 00:00:06 | 0.07:41:32 |  92.31%  |  1000   |    0     | 90%  |  72342   |   0    |  54.17MB  
 00:01:25 | 00:00:02 | 0.08:04:56 |  96.99%  |  1000   |    0     | 90%  |  72342   |   0    |  54.32MB  
 00:01:28 | 00:00:00 | 0.08:20:00 | 100.00%  |  1000   |    0     | 90%  |  72342   |   0    |  54.18MB  
 00:01:28 | >>> Simulation finished - writing results ...
 00:01:28 | >>> Results written
Simulation finished.
>>> Timings
StatTimingPathPlanningAverage: 0.000357728104508197
StatTimingPathPlanningOverall: 3.4914263
StatTimingPathPlanningCount: 9760
StatTimingTaskAllocationAverage: 0.000947387462256246
StatTimingTaskAllocationOverall: 62.4375706999979
StatTimingTaskAllocationCount: 65905
StatTimingItemStorageAverage: 0.00176748201498751
StatTimingItemStorageOverall: 6.3682377
StatTimingItemStorageCount: 3603
StatTimingPodStorageAverage: 0
StatTimingPodStorageOverall: 0
StatTimingPodStorageCount: 184
StatTimingReplenishmentBatchingAverage: 1.91674329501916E-05
StatTimingReplenishmentBatchingOverall: 0.0100054
StatTimingReplenishmentBatchingCount: 522
StatTimingOrderBatchingAverage: 0.000284277192093259
StatTimingOrderBatchingOverall: 0.5608789
StatTimingOrderBatchingCount: 1973
>>> Overall
StatOverallBundlesPlaced: 298
StatOverallItemsOrdered: 3368
StatOverallOrdersPlaced: 1000
StatOverallBundlesRejected: 0
StatOverallOrdersRejected: 0
StatOverallBundlesHandled: 0
StatOverallItemsHandled: 3368
StatOverallLinesHandled: 3212
StatOverallOrdersHandled: 1000
StatOverallCollisions: 0
StatOverallDistanceEstimated: 54644
StatOverallAssignedTasks: 65905
StatMaxMemoryUsed: 55.015625
StatRealTimeUsed: 88.1390704
StatMedianTurnoverTime: 5970.7141353059
StatLowerQuartileTurnoverTime: 3006.89934439674
StatUpperQuartileTurnoverTime: 9072.22864131346
StatAverageThroughputTime: 438.511498458447
StatMedianThroughputTime: 431.48598854803
StatLowerQuartileThroughputTime: 383.605194775751
StatUpperQuartileThroughputTime: 489.325281374218
StatOverallTotalTimeQueueing: 125200.82602149
StatAverageTurnoverTime: 6025.2283884757
StatAverageThroughputTime: 438.511498458447
StatOverallDistanceTraveled: 72341.9999999995

Marked tag finished after 1 tries!
.Fin. - SUCCESS
