<<< Welcome to the RAWSimO CLI >>>
The time is: 04/08/2019 06:45:37
Starting RAWSimO wrapper with the following arguments:
Instance: 1-1-3-18-0.85-4.xlayo
Setting: Letter-Fixed-30000-1000.xsett
ControlConfig: PPFAR-TARandom-SAConstantRatio-ISEmptiest-PSFixed-RPDummy-OBDefault-RBSamePod-MMNoChange.xconf
StatisticsDir: Random\Random-1000\3-18\4
Seed: 5
Adding handler for unhandled exceptions ...
Initializing ... 
LayoutConfiguration recognized!
Parsing setting config ...
Parsing control config ...
Parsing layout config ...
Generating instance...
Info about all directions within the generated instance:
# # # # e p e e e e e p p p p p p p p p e p p p p p p p p p e p p p p p e e e e e s # # # # 
# # # # n q w w w w ^ + + + + v + + + + ^ + + + + v + + + + ^ + + + + q w w w w d q # # # # 
# # # # b p e e e e b + + + + v + + + + ^ + + + + v + + + + ^ + + + + v e e e e b s # # # # 
# # # # n q w w w w d < < < < q < < < < d < < < < q < < < < d < < < < q w w w w d q w w w w 
# # # # b p e e e e b + + + + v + + + + ^ + + + + v + + + + ^ + + + + v e e e e b p e e e n 
# # # # n q w w w w ^ + + + + v + + + + ^ + + + + v + + + + ^ + + + + q w w w w d q n w w d 
# # # # b p e e e e b > > > > p > > > > b > > > > p > > > > b > > > > p e e e e b p e e e n 
# # # # n q w w w w ^ + + + + v + + + + ^ + + + + v + + + + ^ + + + + q w w w w d q # # # # 
# # # # b p e e e e b + + + + v + + + + ^ + + + + v + + + + ^ + + + + v e e e e b s # # # # 
s w w w d q w w w w d < < < < q < < < < d < < < < q < < < < d < < < < q w w w w d q w w w w 
p e e s b p e e e e b + + + + v + + + + ^ + + + + v + + + + ^ + + + + v e e e e b p e e e n 
s w w w d q w w w w ^ + + + + v + + + + ^ + + + + v + + + + ^ + + + + q w w w w d q n w w d 
e e e e b p e e e e b > > > > p > > > > b > > > > p > > > > b > > > > p e e e e b p e e e n 
# # # # n q w w w w ^ + + + + v + + + + ^ + + + + v + + + + ^ + + + + q w w w w d q # # # # 
# # # # b p e e e e b + + + + v + + + + ^ + + + + v + + + + ^ + + + + v e e e e b s # # # # 
# # # # n q w w w w d < < < < q < < < < d < < < < q < < < < d < < < < q w w w w d q w w w w 
# # # # b p e e e e b + + + + v + + + + ^ + + + + v + + + + ^ + + + + v e e e e b p e e e n 
# # # # n q w w w w ^ + + + + v + + + + ^ + + + + v + + + + ^ + + + + q w w w w d q n w w d 
# # # # b p e e e e b > > > > p > > > > b > > > > p > > > > b > > > > p e e e e b p e e e n 
# # # # n q w w w w ^ + + + + v + + + + ^ + + + + v + + + + ^ + + + + q w w w w d q # # # # 
# # # # b p e e e e b + + + + v + + + + ^ + + + + v + + + + ^ + + + + v e e e e b s # # # # 
# # # # n w w w w w d d d d d w d d d d d d d d d w d d d d d d d d d w w w w w d w # # # # 


Info about all types within the generated instance:
# # # # r r r r r r r r r r r r r r r r r r r r r r r r r r r r r r r r r r r r r r # # # # 
# # # # r r r r r r r s s s s r s s s s r s s s s r s s s s r s s s s r r r r r r r # # # # 
# # # # r r r r r r r s s s s r s s s s r s s s s r s s s s r s s s s r r r r r r r # # # # 
# # # # r r r r r r r r r r r r r r r r r r r r r r r r r r r r r r r r r r r r r r b b b o 
# # # # r r r r r r r s s s s r s s s s r s s s s r s s s s r s s s s r r r r r r r b b b b 
# # # # r r r r r r r s s s s r s s s s r s s s s r s s s s r s s s s r r r r r r r b b b b 
# # # # r r r r r r r r r r r r r r r r r r r r r r r r r r r r r r r r r r r r r r b b b b 
# # # # r r r r r r r s s s s r s s s s r s s s s r s s s s r s s s s r r r r r r r # # # # 
# # # # r r r r r r r s s s s r s s s s r s s s s r s s s s r s s s s r r r r r r r # # # # 
b b b b r r r r r r r r r r r r r r r r r r r r r r r r r r r r r r r r r r r r r r b b b o 
b b b b r r r r r r r s s s s r s s s s r s s s s r s s s s r s s s s r r r r r r r b b b b 
b b b b r r r r r r r s s s s r s s s s r s s s s r s s s s r s s s s r r r r r r r b b b b 
i b b b r r r r r r r r r r r r r r r r r r r r r r r r r r r r r r r r r r r r r r b b b b 
# # # # r r r r r r r s s s s r s s s s r s s s s r s s s s r s s s s r r r r r r r # # # # 
# # # # r r r r r r r s s s s r s s s s r s s s s r s s s s r s s s s r r r r r r r # # # # 
# # # # r r r r r r r r r r r r r r r r r r r r r r r r r r r r r r r r r r r r r r b b b o 
# # # # r r r r r r r s s s s r s s s s r s s s s r s s s s r s s s s r r r r r r r b b b b 
# # # # r r r r r r r s s s s r s s s s r s s s s r s s s s r s s s s r r r r r r r b b b b 
# # # # r r r r r r r r r r r r r r r r r r r r r r r r r r r r r r r r r r r r r r b b b b 
# # # # r r r r r r r s s s s r s s s s r s s s s r s s s s r s s s s r r r r r r r # # # # 
# # # # r r r r r r r s s s s r s s s s r s s s s r s s s s r s s s s r r r r r r r # # # # 
# # # # r r r r r r r r r r r r r r r r r r r r r r r r r r r r r r r r r r r r r r # # # # 


StatisticsFolder: 1-1-2-6-0.85-Letter-Fixed-30000-PPFAR-TARandom-SAConstantRatio-ISEmptiest-PSFixed-RPDummy-OBDefault-RBSamePod-MMNoChange-5
Done!
Executing ... 
 06:45:38 | >>> Warming up ...
 00:00:00 | >>> Warmup finished - starting simulation ...
 Realtime |   ETA    |  Sim.Time  | Progress | #Orders | #Bundles | Inv. | Distance | #Coll. |   Memory    
 00:00:00 |   n/a    | 0.00:00:00 |  0.00%   |    0    |    0     | 100% |    0     |   0    |  37.71MB  
 00:00:05 | 00:00:58 | 0.00:39:29 |  7.90%   |   177   |    0     | 97%  |  13891   |   0    |  42.96MB  
 00:00:10 | 00:00:44 | 0.01:32:07 |  18.43%  |   423   |    0     | 94%  |  31002   |   0    |  45.32MB  
 00:00:15 | 00:00:35 | 0.02:29:48 |  29.96%  |   707   |    0     | 90%  |  50216   |   0    |  45.59MB  
 00:00:20 | 00:00:27 | 0.03:28:37 |  41.72%  |  1000   |    0     | 86%  |  71966   |   0    |  49.09MB  
 00:00:25 | 00:00:25 | 0.04:07:36 |  49.52%  |  1000   |    0     | 86%  |  96128   |   0    |  49.95MB  
 00:00:30 | 00:00:21 | 0.04:50:54 |  58.18%  |  1000   |    0     | 86%  |  122412  |   0    |  51.05MB  
 00:00:35 | 00:00:17 | 0.05:34:11 |  66.84%  |  1000   |    0     | 86%  |  148925  |   0    |  50.98MB  
 00:00:40 | 00:00:12 | 0.06:18:32 |  75.71%  |  1000   |    0     | 86%  |  176008  |   0    |  51.38MB  
 00:00:45 | 00:00:08 | 0.07:02:52 |  84.58%  |  1000   |    0     | 86%  |  202665  |   0    |  51.23MB  
 00:00:50 | 00:00:03 | 0.07:46:43 |  93.35%  |  1000   |    0     | 86%  |  229815  |   0    |  51.67MB  
 00:00:53 | 00:00:00 | 0.08:20:00 | 100.00%  |  1000   |    0     | 86%  |  250217  |   0    |  51.95MB  
 00:00:53 | >>> Simulation finished - writing results ...
 00:00:54 | >>> Results written
Simulation finished.
>>> Timings
StatTimingPathPlanningAverage: 0.000498834913612268
StatTimingPathPlanningOverall: 13.0789526000001
StatTimingPathPlanningCount: 26219
StatTimingTaskAllocationAverage: 0.00069628650973593
StatTimingTaskAllocationOverall: 10.4415125
StatTimingTaskAllocationCount: 14996
StatTimingItemStorageAverage: 0.00131500444015444
StatTimingItemStorageOverall: 4.76820610000002
StatTimingItemStorageCount: 3626
StatTimingPodStorageAverage: 0
StatTimingPodStorageOverall: 0
StatTimingPodStorageCount: 191
StatTimingReplenishmentBatchingAverage: 2.06429378531073E-05
StatTimingReplenishmentBatchingOverall: 0.0109614
StatTimingReplenishmentBatchingCount: 531
StatTimingOrderBatchingAverage: 0.000302043370445344
StatTimingOrderBatchingOverall: 0.596837700000001
StatTimingOrderBatchingCount: 1976
>>> Overall
StatOverallBundlesPlaced: 298
StatOverallItemsOrdered: 3368
StatOverallOrdersPlaced: 1000
StatOverallBundlesRejected: 0
StatOverallOrdersRejected: 0
StatOverallBundlesHandled: 0
StatOverallItemsHandled: 3368
StatOverallLinesHandled: 3212
StatOverallOrdersHandled: 1000
StatOverallCollisions: 0
StatOverallDistanceEstimated: 220779
StatOverallAssignedTasks: 14996
StatMaxMemoryUsed: 51.93359375
StatRealTimeUsed: 53.8340715
StatMedianTurnoverTime: 6304.88078277468
StatLowerQuartileTurnoverTime: 3229.48373937151
StatUpperQuartileTurnoverTime: 9229.28372878186
StatAverageThroughputTime: 441.269524777718
StatMedianThroughputTime: 392.479451637384
StatLowerQuartileThroughputTime: 276.012402612159
StatUpperQuartileThroughputTime: 545.254350653036
StatOverallTotalTimeQueueing: 127107.703981862
StatAverageTurnoverTime: 6225.08730227794
StatAverageThroughputTime: 441.269524777718
StatOverallDistanceTraveled: 250217.365357909

Marked tag finished after 1 tries!
.Fin. - SUCCESS
