<<< Welcome to the RAWSimO CLI >>>
The time is: 04/08/2019 04:22:06
Starting RAWSimO wrapper with the following arguments:
Instance: 1-1-3-18-0.85-4.xlayo
Setting: Letter-Fixed-30000-500.xsett
ControlConfig: PPFAR-TAFCFS-SAConstantRatio-ISEmptiest-PSFixed-RPDummy-OBDefault-RBSamePod-MMNoChange.xconf
StatisticsDir: fcfs-500\3-18\4
Seed: 5
Adding handler for unhandled exceptions ...
Initializing ... 
LayoutConfiguration recognized!
Parsing setting config ...
Parsing control config ...
Parsing layout config ...
Generating instance...
Info about all directions within the generated instance:
# # # # e p e e e e e p p p p p p p p p e p p p p p p p p p e p p p p p e e e e e s # # # # 
# # # # n q w w w w ^ + + + + v + + + + ^ + + + + v + + + + ^ + + + + q w w w w d q # # # # 
# # # # b p e e e e b + + + + v + + + + ^ + + + + v + + + + ^ + + + + v e e e e b s # # # # 
# # # # n q w w w w d < < < < q < < < < d < < < < q < < < < d < < < < q w w w w d q w w w w 
# # # # b p e e e e b + + + + v + + + + ^ + + + + v + + + + ^ + + + + v e e e e b p e e e n 
# # # # n q w w w w ^ + + + + v + + + + ^ + + + + v + + + + ^ + + + + q w w w w d q n w w d 
# # # # b p e e e e b > > > > p > > > > b > > > > p > > > > b > > > > p e e e e b p e e e n 
# # # # n q w w w w ^ + + + + v + + + + ^ + + + + v + + + + ^ + + + + q w w w w d q # # # # 
# # # # b p e e e e b + + + + v + + + + ^ + + + + v + + + + ^ + + + + v e e e e b s # # # # 
s w w w d q w w w w d < < < < q < < < < d < < < < q < < < < d < < < < q w w w w d q w w w w 
p e e s b p e e e e b + + + + v + + + + ^ + + + + v + + + + ^ + + + + v e e e e b p e e e n 
s w w w d q w w w w ^ + + + + v + + + + ^ + + + + v + + + + ^ + + + + q w w w w d q n w w d 
e e e e b p e e e e b > > > > p > > > > b > > > > p > > > > b > > > > p e e e e b p e e e n 
# # # # n q w w w w ^ + + + + v + + + + ^ + + + + v + + + + ^ + + + + q w w w w d q # # # # 
# # # # b p e e e e b + + + + v + + + + ^ + + + + v + + + + ^ + + + + v e e e e b s # # # # 
# # # # n q w w w w d < < < < q < < < < d < < < < q < < < < d < < < < q w w w w d q w w w w 
# # # # b p e e e e b + + + + v + + + + ^ + + + + v + + + + ^ + + + + v e e e e b p e e e n 
# # # # n q w w w w ^ + + + + v + + + + ^ + + + + v + + + + ^ + + + + q w w w w d q n w w d 
# # # # b p e e e e b > > > > p > > > > b > > > > p > > > > b > > > > p e e e e b p e e e n 
# # # # n q w w w w ^ + + + + v + + + + ^ + + + + v + + + + ^ + + + + q w w w w d q # # # # 
# # # # b p e e e e b + + + + v + + + + ^ + + + + v + + + + ^ + + + + v e e e e b s # # # # 
# # # # n w w w w w d d d d d w d d d d d d d d d w d d d d d d d d d w w w w w d w # # # # 


Info about all types within the generated instance:
# # # # r r r r r r r r r r r r r r r r r r r r r r r r r r r r r r r r r r r r r r # # # # 
# # # # r r r r r r r s s s s r s s s s r s s s s r s s s s r s s s s r r r r r r r # # # # 
# # # # r r r r r r r s s s s r s s s s r s s s s r s s s s r s s s s r r r r r r r # # # # 
# # # # r r r r r r r r r r r r r r r r r r r r r r r r r r r r r r r r r r r r r r b b b o 
# # # # r r r r r r r s s s s r s s s s r s s s s r s s s s r s s s s r r r r r r r b b b b 
# # # # r r r r r r r s s s s r s s s s r s s s s r s s s s r s s s s r r r r r r r b b b b 
# # # # r r r r r r r r r r r r r r r r r r r r r r r r r r r r r r r r r r r r r r b b b b 
# # # # r r r r r r r s s s s r s s s s r s s s s r s s s s r s s s s r r r r r r r # # # # 
# # # # r r r r r r r s s s s r s s s s r s s s s r s s s s r s s s s r r r r r r r # # # # 
b b b b r r r r r r r r r r r r r r r r r r r r r r r r r r r r r r r r r r r r r r b b b o 
b b b b r r r r r r r s s s s r s s s s r s s s s r s s s s r s s s s r r r r r r r b b b b 
b b b b r r r r r r r s s s s r s s s s r s s s s r s s s s r s s s s r r r r r r r b b b b 
i b b b r r r r r r r r r r r r r r r r r r r r r r r r r r r r r r r r r r r r r r b b b b 
# # # # r r r r r r r s s s s r s s s s r s s s s r s s s s r s s s s r r r r r r r # # # # 
# # # # r r r r r r r s s s s r s s s s r s s s s r s s s s r s s s s r r r r r r r # # # # 
# # # # r r r r r r r r r r r r r r r r r r r r r r r r r r r r r r r r r r r r r r b b b o 
# # # # r r r r r r r s s s s r s s s s r s s s s r s s s s r s s s s r r r r r r r b b b b 
# # # # r r r r r r r s s s s r s s s s r s s s s r s s s s r s s s s r r r r r r r b b b b 
# # # # r r r r r r r r r r r r r r r r r r r r r r r r r r r r r r r r r r r r r r b b b b 
# # # # r r r r r r r s s s s r s s s s r s s s s r s s s s r s s s s r r r r r r r # # # # 
# # # # r r r r r r r s s s s r s s s s r s s s s r s s s s r s s s s r r r r r r r # # # # 
# # # # r r r r r r r r r r r r r r r r r r r r r r r r r r r r r r r r r r r r r r # # # # 


StatisticsFolder: 1-1-2-6-0.85-Letter-Fixed-30000-PPFAR-TAFCFS-SAConstantRatio-ISEmptiest-PSFixed-RPDummy-OBDefault-RBSamePod-MMNoChange-5
Done!
Executing ... 
 04:22:07 | >>> Warming up ...
 00:00:00 | >>> Warmup finished - starting simulation ...
 Realtime |   ETA    |  Sim.Time  | Progress | #Orders | #Bundles | Inv. | Distance | #Coll. |   Memory    
 00:00:00 |   n/a    | 0.00:00:00 |  0.00%   |    0    |    0     | 100% |    0     |   0    |  37.28MB  
 00:00:05 | 00:00:48 | 0.00:46:32 |  9.31%   |   224   |    0     | 97%  |  16464   |   0    |  43.42MB  
 00:00:10 | 00:00:39 | 0.01:40:53 |  20.18%  |   492   |    0     | 93%  |  35911   |   0    |  44.69MB  
 00:00:15 | 00:00:40 | 0.02:14:20 |  26.87%  |   500   |    0     | 93%  |  36609   |   0    |  45.09MB  
 00:00:20 | 00:00:39 | 0.02:46:42 |  33.34%  |   500   |    0     | 93%  |  36609   |   0    |  45.35MB  
 00:00:25 | 00:00:37 | 0.03:19:51 |  39.97%  |   500   |    0     | 93%  |  36609   |   0    |  45.66MB  
 00:00:30 | 00:00:34 | 0.03:52:50 |  46.57%  |   500   |    0     | 93%  |  36609   |   0    |  46.00MB  
 00:00:35 | 00:00:30 | 0.04:26:00 |  53.20%  |   500   |    0     | 93%  |  36609   |   0    |  46.07MB  
 00:00:40 | 00:00:26 | 0.04:59:20 |  59.87%  |   500   |    0     | 93%  |  36609   |   0    |  46.51MB  
 00:00:45 | 00:00:22 | 0.05:32:03 |  66.41%  |   500   |    0     | 93%  |  36609   |   0    |  46.75MB  
 00:00:50 | 00:00:18 | 0.06:04:39 |  72.93%  |   500   |    0     | 93%  |  36609   |   0    |  46.86MB  
 00:00:55 | 00:00:14 | 0.06:36:32 |  79.31%  |   500   |    0     | 93%  |  36609   |   0    |  46.79MB  
 00:01:00 | 00:00:09 | 0.07:08:59 |  85.80%  |   500   |    0     | 93%  |  36609   |   0    |  46.84MB  
 00:01:05 | 00:00:05 | 0.07:42:26 |  92.49%  |   500   |    0     | 93%  |  36609   |   0    |  47.19MB  
 00:01:10 | 00:00:00 | 0.08:15:39 |  99.13%  |   500   |    0     | 93%  |  36609   |   0    |  47.07MB  
 00:01:10 | 00:00:00 | 0.08:20:00 | 100.00%  |   500   |    0     | 93%  |  36609   |   0    |  47.31MB  
 00:01:10 | >>> Simulation finished - writing results ...
 00:01:11 | >>> Results written
Simulation finished.
>>> Timings
StatTimingPathPlanningAverage: 0.000326990530612245
StatTimingPathPlanningOverall: 1.6022536
StatTimingPathPlanningCount: 4900
StatTimingTaskAllocationAverage: 0.000691347583754738
StatTimingTaskAllocationOverall: 57.5539949999982
StatTimingTaskAllocationCount: 83249
StatTimingItemStorageAverage: 0.000701230224719101
StatTimingItemStorageOverall: 1.2481898
StatTimingItemStorageCount: 1780
StatTimingPodStorageAverage: 0
StatTimingPodStorageOverall: 0
StatTimingPodStorageCount: 112
StatTimingReplenishmentBatchingAverage: 2.41080321285141E-05
StatTimingReplenishmentBatchingOverall: 0.0060029
StatTimingReplenishmentBatchingCount: 249
StatTimingOrderBatchingAverage: 0.000145346875
StatTimingOrderBatchingOverall: 0.1441841
StatTimingOrderBatchingCount: 992
>>> Overall
StatOverallBundlesPlaced: 148
StatOverallItemsOrdered: 1676
StatOverallOrdersPlaced: 500
StatOverallBundlesRejected: 0
StatOverallOrdersRejected: 0
StatOverallBundlesHandled: 0
StatOverallItemsHandled: 1676
StatOverallLinesHandled: 1604
StatOverallOrdersHandled: 500
StatOverallCollisions: 0
StatOverallDistanceEstimated: 27651
StatOverallAssignedTasks: 83249
StatMaxMemoryUsed: 47.296875
StatRealTimeUsed: 70.6670146
StatMedianTurnoverTime: 2918.79817837163
StatLowerQuartileTurnoverTime: 1493.7075230355
StatUpperQuartileTurnoverTime: 4289.38117006299
StatAverageThroughputTime: 427.50330839689
StatMedianThroughputTime: 422.000375165643
StatLowerQuartileThroughputTime: 379.313791906142
StatUpperQuartileThroughputTime: 472.473340526263
StatOverallTotalTimeQueueing: 60821.603580212
StatAverageTurnoverTime: 2914.25147449286
StatAverageThroughputTime: 427.50330839689
StatOverallDistanceTraveled: 36609.0000000004

Marked tag finished after 1 tries!
.Fin. - SUCCESS
