<<< Welcome to the RAWSimO CLI >>>
The time is: 04/08/2019 06:18:22
Starting RAWSimO wrapper with the following arguments:
Instance: 1-1-2-12-0.85-4.xlayo
Setting: Letter-Fixed-7200-100.xsett
ControlConfig: PPFAR-TARandom-SAConstantRatio-ISEmptiest-PSFixed-RPDummy-OBDefault-RBSamePod-MMNoChange.xconf
StatisticsDir: Random\Random-100\2_12\4
Seed: 5
Adding handler for unhandled exceptions ...
Initializing ... 
LayoutConfiguration recognized!
Parsing setting config ...
Parsing control config ...
Parsing layout config ...
Generating instance...
Info about all directions within the generated instance:
# # # # e p e e e e e p p p p p p p p p e p p p p p p p p p e p p p p p e e e e e s # # # # 
# # # # n q w w w w ^ + + + + v + + + + ^ + + + + v + + + + ^ + + + + q w w w w d q # # # # 
# # # # b p e e e e b + + + + v + + + + ^ + + + + v + + + + ^ + + + + v e e e e b s # # # # 
# # # # n q w w w w d < < < < q < < < < d < < < < q < < < < d < < < < q w w w w d q w w w w 
# # # # b p e e e e b + + + + v + + + + ^ + + + + v + + + + ^ + + + + v e e e e b p e e e n 
# # # # n q w w w w ^ + + + + v + + + + ^ + + + + v + + + + ^ + + + + q w w w w d q n w w d 
# # # # b p e e e e b > > > > p > > > > b > > > > p > > > > b > > > > p e e e e b p e e e n 
# # # # n q w w w w ^ + + + + v + + + + ^ + + + + v + + + + ^ + + + + q w w w w d q # # # # 
# # # # b p e e e e b + + + + v + + + + ^ + + + + v + + + + ^ + + + + v e e e e b s # # # # 
s w w w d q w w w w d < < < < q < < < < d < < < < q < < < < d < < < < q w w w w d q w w w w 
p e e s b p e e e e b + + + + v + + + + ^ + + + + v + + + + ^ + + + + v e e e e b p e e e n 
s w w w d q w w w w ^ + + + + v + + + + ^ + + + + v + + + + ^ + + + + q w w w w d q n w w d 
e e e e b p e e e e b > > > > p > > > > b > > > > p > > > > b > > > > p e e e e b p e e e n 
# # # # n q w w w w ^ + + + + v + + + + ^ + + + + v + + + + ^ + + + + q w w w w d q # # # # 
# # # # b p e e e e b + + + + v + + + + ^ + + + + v + + + + ^ + + + + v e e e e b s # # # # 
# # # # n q w w w w d < < < < q < < < < d < < < < q < < < < d < < < < q w w w w d q # # # # 
# # # # b p e e e e b + + + + v + + + + ^ + + + + v + + + + ^ + + + + v e e e e b s # # # # 
# # # # n q w w w w ^ + + + + v + + + + ^ + + + + v + + + + ^ + + + + q w w w w d q # # # # 
# # # # b p e e e e b > > > > p > > > > b > > > > p > > > > b > > > > p e e e e b s # # # # 
# # # # n q w w w w ^ + + + + v + + + + ^ + + + + v + + + + ^ + + + + q w w w w d q # # # # 
# # # # b p e e e e b + + + + v + + + + ^ + + + + v + + + + ^ + + + + v e e e e b s # # # # 
# # # # n w w w w w d d d d d w d d d d d d d d d w d d d d d d d d d w w w w w d w # # # # 


Info about all types within the generated instance:
# # # # r r r r r r r r r r r r r r r r r r r r r r r r r r r r r r r r r r r r r r # # # # 
# # # # r r r r r r r s s s s r s s s s r s s s s r s s s s r s s s s r r r r r r r # # # # 
# # # # r r r r r r r s s s s r s s s s r s s s s r s s s s r s s s s r r r r r r r # # # # 
# # # # r r r r r r r r r r r r r r r r r r r r r r r r r r r r r r r r r r r r r r b b b o 
# # # # r r r r r r r s s s s r s s s s r s s s s r s s s s r s s s s r r r r r r r b b b b 
# # # # r r r r r r r s s s s r s s s s r s s s s r s s s s r s s s s r r r r r r r b b b b 
# # # # r r r r r r r r r r r r r r r r r r r r r r r r r r r r r r r r r r r r r r b b b b 
# # # # r r r r r r r s s s s r s s s s r s s s s r s s s s r s s s s r r r r r r r # # # # 
# # # # r r r r r r r s s s s r s s s s r s s s s r s s s s r s s s s r r r r r r r # # # # 
b b b b r r r r r r r r r r r r r r r r r r r r r r r r r r r r r r r r r r r r r r b b b o 
b b b b r r r r r r r s s s s r s s s s r s s s s r s s s s r s s s s r r r r r r r b b b b 
b b b b r r r r r r r s s s s r s s s s r s s s s r s s s s r s s s s r r r r r r r b b b b 
i b b b r r r r r r r r r r r r r r r r r r r r r r r r r r r r r r r r r r r r r r b b b b 
# # # # r r r r r r r s s s s r s s s s r s s s s r s s s s r s s s s r r r r r r r # # # # 
# # # # r r r r r r r s s s s r s s s s r s s s s r s s s s r s s s s r r r r r r r # # # # 
# # # # r r r r r r r r r r r r r r r r r r r r r r r r r r r r r r r r r r r r r r # # # # 
# # # # r r r r r r r s s s s r s s s s r s s s s r s s s s r s s s s r r r r r r r # # # # 
# # # # r r r r r r r s s s s r s s s s r s s s s r s s s s r s s s s r r r r r r r # # # # 
# # # # r r r r r r r r r r r r r r r r r r r r r r r r r r r r r r r r r r r r r r # # # # 
# # # # r r r r r r r s s s s r s s s s r s s s s r s s s s r s s s s r r r r r r r # # # # 
# # # # r r r r r r r s s s s r s s s s r s s s s r s s s s r s s s s r r r r r r r # # # # 
# # # # r r r r r r r r r r r r r r r r r r r r r r r r r r r r r r r r r r r r r r # # # # 


StatisticsFolder: 1-1-2-6-0.85-Letter-Fixed-7200-PPFAR-TARandom-SAConstantRatio-ISEmptiest-PSFixed-RPDummy-OBDefault-RBSamePod-MMNoChange-5
Done!
Executing ... 
 06:18:23 | >>> Warming up ...
 00:00:00 | >>> Warmup finished - starting simulation ...
 Realtime |   ETA    |  Sim.Time  | Progress | #Orders | #Bundles | Inv. | Distance | #Coll. |   Memory    
 00:00:00 |   n/a    | 0.00:00:00 |  0.00%   |    0    |    0     | 100% |    0     |   0    |  36.94MB  
 00:00:05 | 00:00:02 | 0.01:20:13 |  66.85%  |   100   |    0     | 99%  |  25720   |   0    |  43.30MB  
 00:00:07 | 00:00:00 | 0.02:00:00 | 100.00%  |   100   |    0     | 99%  |  43019   |   0    |  43.87MB  
 00:00:07 | >>> Simulation finished - writing results ...
 00:00:08 | >>> Results written
Simulation finished.
>>> Timings
StatTimingPathPlanningAverage: 0.000381168585043989
StatTimingPathPlanningOverall: 2.0796558
StatTimingPathPlanningCount: 5456
StatTimingTaskAllocationAverage: 0.000613475687103594
StatTimingTaskAllocationOverall: 1.741044
StatTimingTaskAllocationCount: 2838
StatTimingItemStorageAverage: 0.000170471540469974
StatTimingItemStorageOverall: 0.0652906
StatTimingItemStorageCount: 383
StatTimingPodStorageAverage: 0
StatTimingPodStorageOverall: 0
StatTimingPodStorageCount: 22
StatTimingReplenishmentBatchingAverage: 0.000101552542372881
StatTimingReplenishmentBatchingOverall: 0.0059916
StatTimingReplenishmentBatchingCount: 59
StatTimingOrderBatchingAverage: 8.0162E-05
StatTimingOrderBatchingOverall: 0.0160324
StatTimingOrderBatchingCount: 200
>>> Overall
StatOverallBundlesPlaced: 34
StatOverallItemsOrdered: 348
StatOverallOrdersPlaced: 100
StatOverallBundlesRejected: 0
StatOverallOrdersRejected: 0
StatOverallBundlesHandled: 0
StatOverallItemsHandled: 348
StatOverallLinesHandled: 333
StatOverallOrdersHandled: 100
StatOverallCollisions: 0
StatOverallDistanceEstimated: 41054
StatOverallAssignedTasks: 2838
StatMaxMemoryUsed: 43.85546875
StatRealTimeUsed: 7.82749
StatMedianTurnoverTime: 1031.74643019313
StatLowerQuartileTurnoverTime: 682.422399882387
StatUpperQuartileTurnoverTime: 1384.30367693323
StatAverageThroughputTime: 441.017266901971
StatMedianThroughputTime: 393.337212935002
StatLowerQuartileThroughputTime: 282.261760458078
StatUpperQuartileThroughputTime: 525.022222222223
StatOverallTotalTimeQueueing: 15852.4728814772
StatAverageTurnoverTime: 1017.33277851686
StatAverageThroughputTime: 441.017266901971
StatOverallDistanceTraveled: 43019.1998610519

Marked tag finished after 1 tries!
.Fin. - SUCCESS
