<<< Welcome to the RAWSimO CLI >>>
The time is: 04/08/2019 06:49:58
Starting RAWSimO wrapper with the following arguments:
Instance: 1-1-3-18-0.85-12.xlayo
Setting: Letter-Fixed-30000-1000.xsett
ControlConfig: PPFAR-TARandom-SAConstantRatio-ISEmptiest-PSFixed-RPDummy-OBDefault-RBSamePod-MMNoChange.xconf
StatisticsDir: Random\Random-1000\3-18\12
Seed: 5
Adding handler for unhandled exceptions ...
Initializing ... 
LayoutConfiguration recognized!
Parsing setting config ...
Parsing control config ...
Parsing layout config ...
Generating instance...
Info about all directions within the generated instance:
# # # # e p e e e e e p p p p p p p p p e p p p p p p p p p e p p p p p p p p p e p p p p p e e e e e s # # # # 
# # # # n q w w w w ^ + + + + v + + + + ^ + + + + v + + + + ^ + + + + v + + + + ^ + + + + q w w w w d q # # # # 
# # # # b p e e e e b + + + + v + + + + ^ + + + + v + + + + ^ + + + + v + + + + ^ + + + + v e e e e b s # # # # 
# # # # n q w w w w d < < < < q < < < < d < < < < q < < < < d < < < < q < < < < d < < < < q w w w w d q w w w w 
# # # # b p e e e e b + + + + v + + + + ^ + + + + v + + + + ^ + + + + v + + + + ^ + + + + v e e e e b p e e e n 
# # # # n q w w w w ^ + + + + v + + + + ^ + + + + v + + + + ^ + + + + v + + + + ^ + + + + q w w w w d q n w w d 
# # # # b p e e e e b > > > > p > > > > b > > > > p > > > > b > > > > p > > > > b > > > > p e e e e b p e e e n 
# # # # n q w w w w ^ + + + + v + + + + ^ + + + + v + + + + ^ + + + + v + + + + ^ + + + + q w w w w d q # # # # 
# # # # b p e e e e b + + + + v + + + + ^ + + + + v + + + + ^ + + + + v + + + + ^ + + + + v e e e e b s # # # # 
s w w w d q w w w w d < < < < q < < < < d < < < < q < < < < d < < < < q < < < < d < < < < q w w w w d q w w w w 
p e e s b p e e e e b + + + + v + + + + ^ + + + + v + + + + ^ + + + + v + + + + ^ + + + + v e e e e b p e e e n 
s w w w d q w w w w ^ + + + + v + + + + ^ + + + + v + + + + ^ + + + + v + + + + ^ + + + + q w w w w d q n w w d 
e e e e b p e e e e b > > > > p > > > > b > > > > p > > > > b > > > > p > > > > b > > > > p e e e e b p e e e n 
# # # # n q w w w w ^ + + + + v + + + + ^ + + + + v + + + + ^ + + + + v + + + + ^ + + + + q w w w w d q # # # # 
# # # # b p e e e e b + + + + v + + + + ^ + + + + v + + + + ^ + + + + v + + + + ^ + + + + v e e e e b s # # # # 
# # # # n q w w w w d < < < < q < < < < d < < < < q < < < < d < < < < q < < < < d < < < < q w w w w d q w w w w 
# # # # b p e e e e b + + + + v + + + + ^ + + + + v + + + + ^ + + + + v + + + + ^ + + + + v e e e e b p e e e n 
# # # # n q w w w w ^ + + + + v + + + + ^ + + + + v + + + + ^ + + + + v + + + + ^ + + + + q w w w w d q n w w d 
# # # # b p e e e e b > > > > p > > > > b > > > > p > > > > b > > > > p > > > > b > > > > p e e e e b p e e e n 
# # # # n q w w w w ^ + + + + v + + + + ^ + + + + v + + + + ^ + + + + v + + + + ^ + + + + q w w w w d q # # # # 
# # # # b p e e e e b + + + + v + + + + ^ + + + + v + + + + ^ + + + + v + + + + ^ + + + + v e e e e b s # # # # 
# # # # n q w w w w d < < < < q < < < < d < < < < q < < < < d < < < < q < < < < d < < < < q w w w w d q # # # # 
# # # # b p e e e e b + + + + v + + + + ^ + + + + v + + + + ^ + + + + v + + + + ^ + + + + v e e e e b s # # # # 
# # # # n q w w w w ^ + + + + v + + + + ^ + + + + v + + + + ^ + + + + v + + + + ^ + + + + q w w w w d q # # # # 
# # # # b p e e e e b > > > > p > > > > b > > > > p > > > > b > > > > p > > > > b > > > > p e e e e b s # # # # 
# # # # n q w w w w ^ + + + + v + + + + ^ + + + + v + + + + ^ + + + + v + + + + ^ + + + + q w w w w d q # # # # 
# # # # b p e e e e b + + + + v + + + + ^ + + + + v + + + + ^ + + + + v + + + + ^ + + + + v e e e e b s # # # # 
# # # # n w w w w w d d d d d w d d d d d d d d d w d d d d d d d d d w d d d d d d d d d w w w w w d w # # # # 


Info about all types within the generated instance:
# # # # r r r r r r r r r r r r r r r r r r r r r r r r r r r r r r r r r r r r r r r r r r r r r r r r # # # # 
# # # # r r r r r r r s s s s r s s s s r s s s s r s s s s r s s s s r s s s s r s s s s r r r r r r r # # # # 
# # # # r r r r r r r s s s s r s s s s r s s s s r s s s s r s s s s r s s s s r s s s s r r r r r r r # # # # 
# # # # r r r r r r r r r r r r r r r r r r r r r r r r r r r r r r r r r r r r r r r r r r r r r r r r b b b o 
# # # # r r r r r r r s s s s r s s s s r s s s s r s s s s r s s s s r s s s s r s s s s r r r r r r r b b b b 
# # # # r r r r r r r s s s s r s s s s r s s s s r s s s s r s s s s r s s s s r s s s s r r r r r r r b b b b 
# # # # r r r r r r r r r r r r r r r r r r r r r r r r r r r r r r r r r r r r r r r r r r r r r r r r b b b b 
# # # # r r r r r r r s s s s r s s s s r s s s s r s s s s r s s s s r s s s s r s s s s r r r r r r r # # # # 
# # # # r r r r r r r s s s s r s s s s r s s s s r s s s s r s s s s r s s s s r s s s s r r r r r r r # # # # 
b b b b r r r r r r r r r r r r r r r r r r r r r r r r r r r r r r r r r r r r r r r r r r r r r r r r b b b o 
b b b b r r r r r r r s s s s r s s s s r s s s s r s s s s r s s s s r s s s s r s s s s r r r r r r r b b b b 
b b b b r r r r r r r s s s s r s s s s r s s s s r s s s s r s s s s r s s s s r s s s s r r r r r r r b b b b 
i b b b r r r r r r r r r r r r r r r r r r r r r r r r r r r r r r r r r r r r r r r r r r r r r r r r b b b b 
# # # # r r r r r r r s s s s r s s s s r s s s s r s s s s r s s s s r s s s s r s s s s r r r r r r r # # # # 
# # # # r r r r r r r s s s s r s s s s r s s s s r s s s s r s s s s r s s s s r s s s s r r r r r r r # # # # 
# # # # r r r r r r r r r r r r r r r r r r r r r r r r r r r r r r r r r r r r r r r r r r r r r r r r b b b o 
# # # # r r r r r r r s s s s r s s s s r s s s s r s s s s r s s s s r s s s s r s s s s r r r r r r r b b b b 
# # # # r r r r r r r s s s s r s s s s r s s s s r s s s s r s s s s r s s s s r s s s s r r r r r r r b b b b 
# # # # r r r r r r r r r r r r r r r r r r r r r r r r r r r r r r r r r r r r r r r r r r r r r r r r b b b b 
# # # # r r r r r r r s s s s r s s s s r s s s s r s s s s r s s s s r s s s s r s s s s r r r r r r r # # # # 
# # # # r r r r r r r s s s s r s s s s r s s s s r s s s s r s s s s r s s s s r s s s s r r r r r r r # # # # 
# # # # r r r r r r r r r r r r r r r r r r r r r r r r r r r r r r r r r r r r r r r r r r r r r r r r # # # # 
# # # # r r r r r r r s s s s r s s s s r s s s s r s s s s r s s s s r s s s s r s s s s r r r r r r r # # # # 
# # # # r r r r r r r s s s s r s s s s r s s s s r s s s s r s s s s r s s s s r s s s s r r r r r r r # # # # 
# # # # r r r r r r r r r r r r r r r r r r r r r r r r r r r r r r r r r r r r r r r r r r r r r r r r # # # # 
# # # # r r r r r r r s s s s r s s s s r s s s s r s s s s r s s s s r s s s s r s s s s r r r r r r r # # # # 
# # # # r r r r r r r s s s s r s s s s r s s s s r s s s s r s s s s r s s s s r s s s s r r r r r r r # # # # 
# # # # r r r r r r r r r r r r r r r r r r r r r r r r r r r r r r r r r r r r r r r r r r r r r r r r # # # # 


StatisticsFolder: 1-1-2-6-0.85-Letter-Fixed-30000-PPFAR-TARandom-SAConstantRatio-ISEmptiest-PSFixed-RPDummy-OBDefault-RBSamePod-MMNoChange-5
Done!
Executing ... 
 06:49:59 | >>> Warming up ...
 00:00:00 | >>> Warmup finished - starting simulation ...
 Realtime |   ETA    |  Sim.Time  | Progress | #Orders | #Bundles | Inv. | Distance | #Coll. |   Memory    
 00:00:00 |   n/a    | 0.00:00:00 |  0.00%   |    0    |    0     | 100% |    0     |   0    |  39.82MB  
 00:00:05 | 00:01:29 | 0.00:26:34 |  5.32%   |   111   |    0     | 99%  |  10319   |   0    |  45.11MB  
 00:00:10 | 00:01:05 | 0.01:06:32 |  13.31%  |   302   |    0     | 98%  |  23987   |   0    |  46.61MB  
 00:00:15 | 00:00:53 | 0.01:48:50 |  21.77%  |   503   |    0     | 96%  |  38713   |   0    |  49.18MB  
 00:00:20 | 00:00:44 | 0.02:34:20 |  30.87%  |   727   |    0     | 94%  |  54412   |   0    |  49.86MB  
 00:00:25 | 00:00:36 | 0.03:22:43 |  40.54%  |   963   |    0     | 92%  |  72172   |   0    |  50.67MB  
 00:00:30 | 00:00:34 | 0.03:52:17 |  46.46%  |  1000   |    0     | 92%  |  94248   |   0    |  52.41MB  
 00:00:35 | 00:00:31 | 0.04:21:44 |  52.35%  |  1000   |    0     | 92%  |  116820  |   0    |  54.33MB  
 00:00:40 | 00:00:28 | 0.04:51:43 |  58.35%  |  1000   |    0     | 92%  |  139247  |   0    |  54.48MB  
 00:00:45 | 00:00:24 | 0.05:21:50 |  64.37%  |  1000   |    0     | 92%  |  162371  |   0    |  54.46MB  
 00:00:50 | 00:00:20 | 0.05:52:29 |  70.50%  |  1000   |    0     | 92%  |  185734  |   0    |  54.93MB  
 00:00:55 | 00:00:16 | 0.06:23:17 |  76.66%  |  1000   |    0     | 92%  |  209482  |   0    |  55.88MB  
 00:01:00 | 00:00:12 | 0.06:53:06 |  82.62%  |  1000   |    0     | 92%  |  232185  |   0    |  56.14MB  
 00:01:05 | 00:00:08 | 0.07:23:26 |  88.69%  |  1000   |    0     | 92%  |  255269  |   0    |  56.83MB  
 00:01:10 | 00:00:03 | 0.07:54:40 |  94.94%  |  1000   |    0     | 92%  |  279194  |   0    |  57.83MB  
 00:01:14 | 00:00:00 | 0.08:20:00 | 100.00%  |  1000   |    0     | 92%  |  298570  |   0    |  57.76MB  
 00:01:14 | >>> Simulation finished - writing results ...
 00:01:14 | >>> Results written
Simulation finished.
>>> Timings
StatTimingPathPlanningAverage: 0.00067432983282499
StatTimingPathPlanningOverall: 17.4658170000001
StatTimingPathPlanningCount: 25901
StatTimingTaskAllocationAverage: 0.00115353386347132
StatTimingTaskAllocationOverall: 15.8841613
StatTimingTaskAllocationCount: 13770
StatTimingItemStorageAverage: 0.00227380631174535
StatTimingItemStorageOverall: 8.28575020000004
StatTimingItemStorageCount: 3644
StatTimingPodStorageAverage: 0
StatTimingPodStorageOverall: 0
StatTimingPodStorageCount: 181
StatTimingReplenishmentBatchingAverage: 1.89569259962049E-05
StatTimingReplenishmentBatchingOverall: 0.0099903
StatTimingReplenishmentBatchingCount: 527
StatTimingOrderBatchingAverage: 0.000292131443037975
StatTimingOrderBatchingOverall: 0.5769596
StatTimingOrderBatchingCount: 1975
>>> Overall
StatOverallBundlesPlaced: 298
StatOverallItemsOrdered: 3368
StatOverallOrdersPlaced: 1000
StatOverallBundlesRejected: 0
StatOverallOrdersRejected: 0
StatOverallBundlesHandled: 0
StatOverallItemsHandled: 3368
StatOverallLinesHandled: 3212
StatOverallOrdersHandled: 1000
StatOverallCollisions: 0
StatOverallDistanceEstimated: 273913
StatOverallAssignedTasks: 13770
StatMaxMemoryUsed: 58.12890625
StatRealTimeUsed: 74.0593046
StatMedianTurnoverTime: 6307.30799555371
StatLowerQuartileTurnoverTime: 3266.09645390198
StatUpperQuartileTurnoverTime: 9271.88735797385
StatAverageThroughputTime: 443.566259665757
StatMedianThroughputTime: 396.051673859605
StatLowerQuartileThroughputTime: 270.847965360602
StatUpperQuartileThroughputTime: 551.839819610078
StatOverallTotalTimeQueueing: 125292.10817774
StatAverageTurnoverTime: 6245.61607671235
StatAverageThroughputTime: 443.566259665757
StatOverallDistanceTraveled: 298570.476126031

Marked tag finished after 1 tries!
.Fin. - SUCCESS
