<<< Welcome to the RAWSimO CLI >>>
The time is: 04/08/2019 09:18:58
Starting RAWSimO wrapper with the following arguments:
Instance: 1-1-3-18-0.85-4.xlayo
Setting: Letter-Fixed-30000-1000.xsett
ControlConfig: PPFAR-TAShortestDistance-SAConstantRatio-ISEmptiest-PSFixed-RPDummy-OBDefault-RBSamePod-MMNoChange.xconf
StatisticsDir: ShortestDistance\ShortestDistance-1000\3-18\4
Seed: 5
Adding handler for unhandled exceptions ...
Initializing ... 
LayoutConfiguration recognized!
Parsing setting config ...
Parsing control config ...
Parsing layout config ...
Generating instance...
Info about all directions within the generated instance:
# # # # e p e e e e e p p p p p p p p p e p p p p p p p p p e p p p p p e e e e e s # # # # 
# # # # n q w w w w ^ + + + + v + + + + ^ + + + + v + + + + ^ + + + + q w w w w d q # # # # 
# # # # b p e e e e b + + + + v + + + + ^ + + + + v + + + + ^ + + + + v e e e e b s # # # # 
# # # # n q w w w w d < < < < q < < < < d < < < < q < < < < d < < < < q w w w w d q w w w w 
# # # # b p e e e e b + + + + v + + + + ^ + + + + v + + + + ^ + + + + v e e e e b p e e e n 
# # # # n q w w w w ^ + + + + v + + + + ^ + + + + v + + + + ^ + + + + q w w w w d q n w w d 
# # # # b p e e e e b > > > > p > > > > b > > > > p > > > > b > > > > p e e e e b p e e e n 
# # # # n q w w w w ^ + + + + v + + + + ^ + + + + v + + + + ^ + + + + q w w w w d q # # # # 
# # # # b p e e e e b + + + + v + + + + ^ + + + + v + + + + ^ + + + + v e e e e b s # # # # 
s w w w d q w w w w d < < < < q < < < < d < < < < q < < < < d < < < < q w w w w d q w w w w 
p e e s b p e e e e b + + + + v + + + + ^ + + + + v + + + + ^ + + + + v e e e e b p e e e n 
s w w w d q w w w w ^ + + + + v + + + + ^ + + + + v + + + + ^ + + + + q w w w w d q n w w d 
e e e e b p e e e e b > > > > p > > > > b > > > > p > > > > b > > > > p e e e e b p e e e n 
# # # # n q w w w w ^ + + + + v + + + + ^ + + + + v + + + + ^ + + + + q w w w w d q # # # # 
# # # # b p e e e e b + + + + v + + + + ^ + + + + v + + + + ^ + + + + v e e e e b s # # # # 
# # # # n q w w w w d < < < < q < < < < d < < < < q < < < < d < < < < q w w w w d q w w w w 
# # # # b p e e e e b + + + + v + + + + ^ + + + + v + + + + ^ + + + + v e e e e b p e e e n 
# # # # n q w w w w ^ + + + + v + + + + ^ + + + + v + + + + ^ + + + + q w w w w d q n w w d 
# # # # b p e e e e b > > > > p > > > > b > > > > p > > > > b > > > > p e e e e b p e e e n 
# # # # n q w w w w ^ + + + + v + + + + ^ + + + + v + + + + ^ + + + + q w w w w d q # # # # 
# # # # b p e e e e b + + + + v + + + + ^ + + + + v + + + + ^ + + + + v e e e e b s # # # # 
# # # # n w w w w w d d d d d w d d d d d d d d d w d d d d d d d d d w w w w w d w # # # # 


Info about all types within the generated instance:
# # # # r r r r r r r r r r r r r r r r r r r r r r r r r r r r r r r r r r r r r r # # # # 
# # # # r r r r r r r s s s s r s s s s r s s s s r s s s s r s s s s r r r r r r r # # # # 
# # # # r r r r r r r s s s s r s s s s r s s s s r s s s s r s s s s r r r r r r r # # # # 
# # # # r r r r r r r r r r r r r r r r r r r r r r r r r r r r r r r r r r r r r r b b b o 
# # # # r r r r r r r s s s s r s s s s r s s s s r s s s s r s s s s r r r r r r r b b b b 
# # # # r r r r r r r s s s s r s s s s r s s s s r s s s s r s s s s r r r r r r r b b b b 
# # # # r r r r r r r r r r r r r r r r r r r r r r r r r r r r r r r r r r r r r r b b b b 
# # # # r r r r r r r s s s s r s s s s r s s s s r s s s s r s s s s r r r r r r r # # # # 
# # # # r r r r r r r s s s s r s s s s r s s s s r s s s s r s s s s r r r r r r r # # # # 
b b b b r r r r r r r r r r r r r r r r r r r r r r r r r r r r r r r r r r r r r r b b b o 
b b b b r r r r r r r s s s s r s s s s r s s s s r s s s s r s s s s r r r r r r r b b b b 
b b b b r r r r r r r s s s s r s s s s r s s s s r s s s s r s s s s r r r r r r r b b b b 
i b b b r r r r r r r r r r r r r r r r r r r r r r r r r r r r r r r r r r r r r r b b b b 
# # # # r r r r r r r s s s s r s s s s r s s s s r s s s s r s s s s r r r r r r r # # # # 
# # # # r r r r r r r s s s s r s s s s r s s s s r s s s s r s s s s r r r r r r r # # # # 
# # # # r r r r r r r r r r r r r r r r r r r r r r r r r r r r r r r r r r r r r r b b b o 
# # # # r r r r r r r s s s s r s s s s r s s s s r s s s s r s s s s r r r r r r r b b b b 
# # # # r r r r r r r s s s s r s s s s r s s s s r s s s s r s s s s r r r r r r r b b b b 
# # # # r r r r r r r r r r r r r r r r r r r r r r r r r r r r r r r r r r r r r r b b b b 
# # # # r r r r r r r s s s s r s s s s r s s s s r s s s s r s s s s r r r r r r r # # # # 
# # # # r r r r r r r s s s s r s s s s r s s s s r s s s s r s s s s r r r r r r r # # # # 
# # # # r r r r r r r r r r r r r r r r r r r r r r r r r r r r r r r r r r r r r r # # # # 


StatisticsFolder: 1-1-2-6-0.85-Letter-Fixed-30000-PPFAR-TAShortestDistance-SAConstantRatio-ISEmptiest-PSFixed-RPDummy-OBDefault-RBSamePod-MMNoChange-5
Done!
Executing ... 
 09:18:59 | >>> Warming up ...
 00:00:00 | >>> Warmup finished - starting simulation ...
 Realtime |   ETA    |  Sim.Time  | Progress | #Orders | #Bundles | Inv. | Distance | #Coll. |   Memory    
 00:00:00 |   n/a    | 0.00:00:00 |  0.00%   |    0    |    0     | 100% |    0     |   0    |  37.87MB  
 00:00:05 | 00:02:24 | 0.00:11:26 |  3.35%   |   38    |    0     | 99%  |   857    |   0    |  42.26MB  
 00:00:10 | 00:02:17 | 0.00:23:15 |  6.81%   |   99    |    0     | 98%  |   1105   |   0    |  41.96MB  
 00:00:15 | 00:02:07 | 0.00:35:58 |  10.53%  |   168   |    0     | 97%  |   1534   |   0    |  42.33MB  
 00:00:20 | 00:02:00 | 0.00:48:50 |  14.30%  |   238   |    0     | 96%  |   2088   |   0    |  42.76MB  
 00:00:25 | 00:01:51 | 0.01:02:30 |  18.29%  |   309   |    0     | 95%  |   3450   |   0    |  43.17MB  
 00:00:30 | 00:01:41 | 0.01:18:00 |  22.83%  |   381   |    0     | 94%  |   5166   |   0    |  43.61MB  
 00:00:35 | 00:01:30 | 0.01:35:13 |  27.87%  |   459   |    0     | 93%  |   7079   |   0    |  43.84MB  
 00:00:40 | 00:01:15 | 0.01:58:19 |  34.63%  |   545   |    0     | 92%  |   9227   |   0    |  44.50MB  
 00:00:45 | 00:01:05 | 0.02:19:35 |  40.86%  |   645   |    0     | 91%  |  10943   |   0    |  45.14MB  
 00:00:50 | 00:00:53 | 0.02:44:25 |  48.12%  |   763   |    0     | 89%  |  13425   |   0    |  46.12MB  
 00:00:55 | 00:00:39 | 0.03:19:51 |  58.50%  |   909   |    0     | 87%  |  15549   |   0    |  46.67MB  
 00:00:58 | 00:00:00 | 0.05:41:40 | 100.00%  |  1000   |    0     | 86%  |  18887   |   0    |  48.01MB  
 00:00:58 | >>> Simulation finished - writing results ...
 00:00:59 | >>> Results written
Simulation finished.
>>> Timings
StatTimingPathPlanningAverage: 0.000166131894273128
StatTimingPathPlanningOverall: 0.9427985
StatTimingPathPlanningCount: 5675
StatTimingTaskAllocationAverage: 0.00162772477863815
StatTimingTaskAllocationOverall: 46.8768459
StatTimingTaskAllocationCount: 28799
StatTimingItemStorageAverage: 0.00103881043165468
StatTimingItemStorageOverall: 3.7542609
StatTimingItemStorageCount: 3614
StatTimingPodStorageAverage: 0
StatTimingPodStorageOverall: 0
StatTimingPodStorageCount: 0
StatTimingReplenishmentBatchingAverage: 0
StatTimingReplenishmentBatchingOverall: 0
StatTimingReplenishmentBatchingCount: 546
StatTimingOrderBatchingAverage: 0.000317146491670873
StatTimingOrderBatchingOverall: 0.6282672
StatTimingOrderBatchingCount: 1981
>>> Overall
StatOverallBundlesPlaced: 298
StatOverallItemsOrdered: 3368
StatOverallOrdersPlaced: 1000
StatOverallBundlesRejected: 0
StatOverallOrdersRejected: 0
StatOverallBundlesHandled: 0
StatOverallItemsHandled: 3368
StatOverallLinesHandled: 3212
StatOverallOrdersHandled: 1000
StatOverallCollisions: 0
StatOverallDistanceEstimated: 13737
StatOverallAssignedTasks: 28799
StatMaxMemoryUsed: 48.03515625
StatRealTimeUsed: 58.7886429
StatMedianTurnoverTime: 6107.34808458029
StatLowerQuartileTurnoverTime: 2944.47301688035
StatUpperQuartileTurnoverTime: 9435.15950281667
StatAverageThroughputTime: 470.288968153363
StatMedianThroughputTime: 363.31076682731
StatLowerQuartileThroughputTime: 191.391760458018
StatUpperQuartileThroughputTime: 622.60935784592
StatOverallTotalTimeQueueing: 186165.73102768
StatAverageTurnoverTime: 6272.45627149025
StatAverageThroughputTime: 470.288968153363
StatOverallDistanceTraveled: 18887

Marked tag finished after 1 tries!
.Fin. - SUCCESS
