<<< Welcome to the RAWSimO CLI >>>
The time is: 04/08/2019 06:46:33
Starting RAWSimO wrapper with the following arguments:
Instance: 1-1-3-18-0.85-6.xlayo
Setting: Letter-Fixed-30000-1000.xsett
ControlConfig: PPFAR-TARandom-SAConstantRatio-ISEmptiest-PSFixed-RPDummy-OBDefault-RBSamePod-MMNoChange.xconf
StatisticsDir: Random\Random-1000\3-18\6
Seed: 5
Adding handler for unhandled exceptions ...
Initializing ... 
LayoutConfiguration recognized!
Parsing setting config ...
Parsing control config ...
Parsing layout config ...
Generating instance...
Info about all directions within the generated instance:
# # # # e p e e e e e p p p p p p p p p e p p p p p p p p p e p p p p p p p p p e p p p p p e e e e e s # # # # 
# # # # n q w w w w ^ + + + + v + + + + ^ + + + + v + + + + ^ + + + + v + + + + ^ + + + + q w w w w d q # # # # 
# # # # b p e e e e b + + + + v + + + + ^ + + + + v + + + + ^ + + + + v + + + + ^ + + + + v e e e e b s # # # # 
# # # # n q w w w w d < < < < q < < < < d < < < < q < < < < d < < < < q < < < < d < < < < q w w w w d q w w w w 
# # # # b p e e e e b + + + + v + + + + ^ + + + + v + + + + ^ + + + + v + + + + ^ + + + + v e e e e b p e e e n 
# # # # n q w w w w ^ + + + + v + + + + ^ + + + + v + + + + ^ + + + + v + + + + ^ + + + + q w w w w d q n w w d 
# # # # b p e e e e b > > > > p > > > > b > > > > p > > > > b > > > > p > > > > b > > > > p e e e e b p e e e n 
# # # # n q w w w w ^ + + + + v + + + + ^ + + + + v + + + + ^ + + + + v + + + + ^ + + + + q w w w w d q # # # # 
# # # # b p e e e e b + + + + v + + + + ^ + + + + v + + + + ^ + + + + v + + + + ^ + + + + v e e e e b s # # # # 
s w w w d q w w w w d < < < < q < < < < d < < < < q < < < < d < < < < q < < < < d < < < < q w w w w d q w w w w 
p e e s b p e e e e b + + + + v + + + + ^ + + + + v + + + + ^ + + + + v + + + + ^ + + + + v e e e e b p e e e n 
s w w w d q w w w w ^ + + + + v + + + + ^ + + + + v + + + + ^ + + + + v + + + + ^ + + + + q w w w w d q n w w d 
e e e e b p e e e e b > > > > p > > > > b > > > > p > > > > b > > > > p > > > > b > > > > p e e e e b p e e e n 
# # # # n q w w w w ^ + + + + v + + + + ^ + + + + v + + + + ^ + + + + v + + + + ^ + + + + q w w w w d q # # # # 
# # # # b p e e e e b + + + + v + + + + ^ + + + + v + + + + ^ + + + + v + + + + ^ + + + + v e e e e b s # # # # 
# # # # n q w w w w d < < < < q < < < < d < < < < q < < < < d < < < < q < < < < d < < < < q w w w w d q w w w w 
# # # # b p e e e e b + + + + v + + + + ^ + + + + v + + + + ^ + + + + v + + + + ^ + + + + v e e e e b p e e e n 
# # # # n q w w w w ^ + + + + v + + + + ^ + + + + v + + + + ^ + + + + v + + + + ^ + + + + q w w w w d q n w w d 
# # # # b p e e e e b > > > > p > > > > b > > > > p > > > > b > > > > p > > > > b > > > > p e e e e b p e e e n 
# # # # n q w w w w ^ + + + + v + + + + ^ + + + + v + + + + ^ + + + + v + + + + ^ + + + + q w w w w d q # # # # 
# # # # b p e e e e b + + + + v + + + + ^ + + + + v + + + + ^ + + + + v + + + + ^ + + + + v e e e e b s # # # # 
# # # # n w w w w w d d d d d w d d d d d d d d d w d d d d d d d d d w d d d d d d d d d w w w w w d w # # # # 


Info about all types within the generated instance:
# # # # r r r r r r r r r r r r r r r r r r r r r r r r r r r r r r r r r r r r r r r r r r r r r r r r # # # # 
# # # # r r r r r r r s s s s r s s s s r s s s s r s s s s r s s s s r s s s s r s s s s r r r r r r r # # # # 
# # # # r r r r r r r s s s s r s s s s r s s s s r s s s s r s s s s r s s s s r s s s s r r r r r r r # # # # 
# # # # r r r r r r r r r r r r r r r r r r r r r r r r r r r r r r r r r r r r r r r r r r r r r r r r b b b o 
# # # # r r r r r r r s s s s r s s s s r s s s s r s s s s r s s s s r s s s s r s s s s r r r r r r r b b b b 
# # # # r r r r r r r s s s s r s s s s r s s s s r s s s s r s s s s r s s s s r s s s s r r r r r r r b b b b 
# # # # r r r r r r r r r r r r r r r r r r r r r r r r r r r r r r r r r r r r r r r r r r r r r r r r b b b b 
# # # # r r r r r r r s s s s r s s s s r s s s s r s s s s r s s s s r s s s s r s s s s r r r r r r r # # # # 
# # # # r r r r r r r s s s s r s s s s r s s s s r s s s s r s s s s r s s s s r s s s s r r r r r r r # # # # 
b b b b r r r r r r r r r r r r r r r r r r r r r r r r r r r r r r r r r r r r r r r r r r r r r r r r b b b o 
b b b b r r r r r r r s s s s r s s s s r s s s s r s s s s r s s s s r s s s s r s s s s r r r r r r r b b b b 
b b b b r r r r r r r s s s s r s s s s r s s s s r s s s s r s s s s r s s s s r s s s s r r r r r r r b b b b 
i b b b r r r r r r r r r r r r r r r r r r r r r r r r r r r r r r r r r r r r r r r r r r r r r r r r b b b b 
# # # # r r r r r r r s s s s r s s s s r s s s s r s s s s r s s s s r s s s s r s s s s r r r r r r r # # # # 
# # # # r r r r r r r s s s s r s s s s r s s s s r s s s s r s s s s r s s s s r s s s s r r r r r r r # # # # 
# # # # r r r r r r r r r r r r r r r r r r r r r r r r r r r r r r r r r r r r r r r r r r r r r r r r b b b o 
# # # # r r r r r r r s s s s r s s s s r s s s s r s s s s r s s s s r s s s s r s s s s r r r r r r r b b b b 
# # # # r r r r r r r s s s s r s s s s r s s s s r s s s s r s s s s r s s s s r s s s s r r r r r r r b b b b 
# # # # r r r r r r r r r r r r r r r r r r r r r r r r r r r r r r r r r r r r r r r r r r r r r r r r b b b b 
# # # # r r r r r r r s s s s r s s s s r s s s s r s s s s r s s s s r s s s s r s s s s r r r r r r r # # # # 
# # # # r r r r r r r s s s s r s s s s r s s s s r s s s s r s s s s r s s s s r s s s s r r r r r r r # # # # 
# # # # r r r r r r r r r r r r r r r r r r r r r r r r r r r r r r r r r r r r r r r r r r r r r r r r # # # # 


StatisticsFolder: 1-1-2-6-0.85-Letter-Fixed-30000-PPFAR-TARandom-SAConstantRatio-ISEmptiest-PSFixed-RPDummy-OBDefault-RBSamePod-MMNoChange-5
Done!
Executing ... 
 06:46:34 | >>> Warming up ...
 00:00:00 | >>> Warmup finished - starting simulation ...
 Realtime |   ETA    |  Sim.Time  | Progress | #Orders | #Bundles | Inv. | Distance | #Coll. |   Memory    
 00:00:00 |   n/a    | 0.00:00:00 |  0.00%   |    0    |    0     | 100% |    0     |   0    |  38.91MB  
 00:00:05 | 00:01:09 | 0.00:33:25 |  6.68%   |   137   |    0     | 98%  |  12061   |   0    |  44.37MB  
 00:00:10 | 00:00:52 | 0.01:19:27 |  15.89%  |   352   |    0     | 96%  |  26988   |   0    |  45.46MB  
 00:00:15 | 00:00:43 | 0.02:08:29 |  25.70%  |   597   |    0     | 94%  |  43853   |   0    |  46.70MB  
 00:00:20 | 00:00:34 | 0.03:02:18 |  36.46%  |   860   |    0     | 91%  |  61909   |   0    |  48.17MB  
 00:00:25 | 00:00:30 | 0.03:45:13 |  45.05%  |  1000   |    0     | 90%  |  83833   |   0    |  51.87MB  
 00:00:30 | 00:00:28 | 0.04:18:11 |  51.64%  |  1000   |    0     | 90%  |  107017  |   0    |  52.65MB  
 00:00:35 | 00:00:24 | 0.04:52:44 |  58.55%  |  1000   |    0     | 90%  |  131212  |   0    |  52.62MB  
 00:00:40 | 00:00:20 | 0.05:27:55 |  65.58%  |  1000   |    0     | 90%  |  155708  |   0    |  53.32MB  
 00:00:45 | 00:00:16 | 0.06:03:48 |  72.76%  |  1000   |    0     | 90%  |  180597  |   0    |  53.34MB  
 00:00:50 | 00:00:12 | 0.06:38:38 |  79.73%  |  1000   |    0     | 90%  |  204789  |   0    |  53.61MB  
 00:00:55 | 00:00:08 | 0.07:15:21 |  87.07%  |  1000   |    0     | 90%  |  230481  |   0    |  53.91MB  
 00:01:00 | 00:00:03 | 0.07:51:09 |  94.23%  |  1000   |    0     | 90%  |  255549  |   0    |  54.27MB  
 00:01:03 | 00:00:00 | 0.08:20:00 | 100.00%  |  1000   |    0     | 90%  |  275226  |   0    |  54.83MB  
 00:01:03 | >>> Simulation finished - writing results ...
 00:01:04 | >>> Results written
Simulation finished.
>>> Timings
StatTimingPathPlanningAverage: 0.000584053064292321
StatTimingPathPlanningOverall: 15.1526727
StatTimingPathPlanningCount: 25944
StatTimingTaskAllocationAverage: 0.000954563450729278
StatTimingTaskAllocationOverall: 13.4163893
StatTimingTaskAllocationCount: 14055
StatTimingItemStorageAverage: 0.0018312278940028
StatTimingItemStorageOverall: 6.56495200000002
StatTimingItemStorageCount: 3585
StatTimingPodStorageAverage: 0
StatTimingPodStorageOverall: 0
StatTimingPodStorageCount: 175
StatTimingReplenishmentBatchingAverage: 1.53426640926641E-05
StatTimingReplenishmentBatchingOverall: 0.0079475
StatTimingReplenishmentBatchingCount: 518
StatTimingOrderBatchingAverage: 0.000282954614604462
StatTimingOrderBatchingOverall: 0.5579865
StatTimingOrderBatchingCount: 1972
>>> Overall
StatOverallBundlesPlaced: 298
StatOverallItemsOrdered: 3368
StatOverallOrdersPlaced: 1000
StatOverallBundlesRejected: 0
StatOverallOrdersRejected: 0
StatOverallBundlesHandled: 0
StatOverallItemsHandled: 3368
StatOverallLinesHandled: 3212
StatOverallOrdersHandled: 1000
StatOverallCollisions: 0
StatOverallDistanceEstimated: 248742
StatOverallAssignedTasks: 14055
StatMaxMemoryUsed: 54.8203125
StatRealTimeUsed: 63.9166604
StatMedianTurnoverTime: 6374.28034753205
StatLowerQuartileTurnoverTime: 3315.79971114878
StatUpperQuartileTurnoverTime: 9319.62584767723
StatAverageThroughputTime: 441.873344232009
StatMedianThroughputTime: 368.129271247467
StatLowerQuartileThroughputTime: 250.928708498932
StatUpperQuartileThroughputTime: 542.315382358616
StatOverallTotalTimeQueueing: 127621.126479365
StatAverageTurnoverTime: 6285.61892047808
StatAverageThroughputTime: 441.873344232009
StatOverallDistanceTraveled: 275226.086030817

Marked tag finished after 1 tries!
.Fin. - SUCCESS
