<<< Welcome to the RAWSimO CLI >>>
The time is: 04/08/2019 09:04:41
Starting RAWSimO wrapper with the following arguments:
Instance: 1-1-1-6-0.85-4.xlayo
Setting: Letter-Fixed-30000-1000.xsett
ControlConfig: PPFAR-TAShortestDistance-SAConstantRatio-ISEmptiest-PSFixed-RPDummy-OBDefault-RBSamePod-MMNoChange.xconf
StatisticsDir: ShortestDistance\ShortestDistance-1000\1_6\4
Seed: 5
Adding handler for unhandled exceptions ...
Initializing ... 
LayoutConfiguration recognized!
Parsing setting config ...
Parsing control config ...
Parsing layout config ...
Generating instance...
Info about all directions within the generated instance:
# # # # e p e e e e e p p p p p p p p p e p p p p p p p p p e p p p p p e e e e e s # # # # 
# # # # n q w w w w ^ + + + + v + + + + ^ + + + + v + + + + ^ + + + + q w w w w d q # # # # 
# # # # b p e e e e b + + + + v + + + + ^ + + + + v + + + + ^ + + + + v e e e e b s # # # # 
# # # # n q w w w w d < < < < q < < < < d < < < < q < < < < d < < < < q w w w w d q w w w w 
# # # # b p e e e e b + + + + v + + + + ^ + + + + v + + + + ^ + + + + v e e e e b p e e e n 
# # # # n q w w w w ^ + + + + v + + + + ^ + + + + v + + + + ^ + + + + q w w w w d q n w w d 
# # # # b p e e e e b > > > > p > > > > b > > > > p > > > > b > > > > p e e e e b p e e e n 
# # # # n q w w w w ^ + + + + v + + + + ^ + + + + v + + + + ^ + + + + q w w w w d q # # # # 
# # # # b p e e e e b + + + + v + + + + ^ + + + + v + + + + ^ + + + + v e e e e b s # # # # 
s w w w d q w w w w d < < < < q < < < < d < < < < q < < < < d < < < < q w w w w d q w w w w 
p e e s b p e e e e b + + + + v + + + + ^ + + + + v + + + + ^ + + + + v e e e e b p e e e n 
s w w w d q w w w w ^ + + + + v + + + + ^ + + + + v + + + + ^ + + + + q w w w w d q n w w d 
e e e e b p e e e e b > > > > p > > > > b > > > > p > > > > b > > > > p e e e e b p e e e n 
# # # # n q w w w w ^ + + + + v + + + + ^ + + + + v + + + + ^ + + + + q w w w w d q # # # # 
# # # # b p e e e e b + + + + v + + + + ^ + + + + v + + + + ^ + + + + v e e e e b s # # # # 
# # # # n q w w w w d < < < < q < < < < d < < < < q < < < < d < < < < q w w w w d q # # # # 
# # # # b p e e e e b + + + + v + + + + ^ + + + + v + + + + ^ + + + + v e e e e b s # # # # 
# # # # n q w w w w ^ + + + + v + + + + ^ + + + + v + + + + ^ + + + + q w w w w d q # # # # 
# # # # b p e e e e b > > > > p > > > > b > > > > p > > > > b > > > > p e e e e b s # # # # 
# # # # n q w w w w ^ + + + + v + + + + ^ + + + + v + + + + ^ + + + + q w w w w d q # # # # 
# # # # b p e e e e b + + + + v + + + + ^ + + + + v + + + + ^ + + + + v e e e e b s # # # # 
# # # # n w w w w w d d d d d w d d d d d d d d d w d d d d d d d d d w w w w w d w # # # # 


Info about all types within the generated instance:
# # # # r r r r r r r r r r r r r r r r r r r r r r r r r r r r r r r r r r r r r r # # # # 
# # # # r r r r r r r s s s s r s s s s r s s s s r s s s s r s s s s r r r r r r r # # # # 
# # # # r r r r r r r s s s s r s s s s r s s s s r s s s s r s s s s r r r r r r r # # # # 
# # # # r r r r r r r r r r r r r r r r r r r r r r r r r r r r r r r r r r r r r r b b b o 
# # # # r r r r r r r s s s s r s s s s r s s s s r s s s s r s s s s r r r r r r r b b b b 
# # # # r r r r r r r s s s s r s s s s r s s s s r s s s s r s s s s r r r r r r r b b b b 
# # # # r r r r r r r r r r r r r r r r r r r r r r r r r r r r r r r r r r r r r r b b b b 
# # # # r r r r r r r s s s s r s s s s r s s s s r s s s s r s s s s r r r r r r r # # # # 
# # # # r r r r r r r s s s s r s s s s r s s s s r s s s s r s s s s r r r r r r r # # # # 
b b b b r r r r r r r r r r r r r r r r r r r r r r r r r r r r r r r r r r r r r r b b b o 
b b b b r r r r r r r s s s s r s s s s r s s s s r s s s s r s s s s r r r r r r r b b b b 
b b b b r r r r r r r s s s s r s s s s r s s s s r s s s s r s s s s r r r r r r r b b b b 
i b b b r r r r r r r r r r r r r r r r r r r r r r r r r r r r r r r r r r r r r r b b b b 
# # # # r r r r r r r s s s s r s s s s r s s s s r s s s s r s s s s r r r r r r r # # # # 
# # # # r r r r r r r s s s s r s s s s r s s s s r s s s s r s s s s r r r r r r r # # # # 
# # # # r r r r r r r r r r r r r r r r r r r r r r r r r r r r r r r r r r r r r r # # # # 
# # # # r r r r r r r s s s s r s s s s r s s s s r s s s s r s s s s r r r r r r r # # # # 
# # # # r r r r r r r s s s s r s s s s r s s s s r s s s s r s s s s r r r r r r r # # # # 
# # # # r r r r r r r r r r r r r r r r r r r r r r r r r r r r r r r r r r r r r r # # # # 
# # # # r r r r r r r s s s s r s s s s r s s s s r s s s s r s s s s r r r r r r r # # # # 
# # # # r r r r r r r s s s s r s s s s r s s s s r s s s s r s s s s r r r r r r r # # # # 
# # # # r r r r r r r r r r r r r r r r r r r r r r r r r r r r r r r r r r r r r r # # # # 


StatisticsFolder: 1-1-1-6-0.85-Letter-Fixed-30000-PPFAR-TAShortestDistance-SAConstantRatio-ISEmptiest-PSFixed-RPDummy-OBDefault-RBSamePod-MMNoChange-5
Done!
Executing ... 
 09:04:42 | >>> Warming up ...
 00:00:00 | >>> Warmup finished - starting simulation ...
 Realtime |   ETA    |  Sim.Time  | Progress | #Orders | #Bundles | Inv. | Distance | #Coll. |   Memory    
 00:00:00 |   n/a    | 0.00:00:00 |  0.00%   |    0    |    0     | 100% |    0     |   0    |  37.57MB  
 00:00:05 | 00:01:26 | 0.00:18:40 |  5.46%   |   46    |    0     | 99%  |   411    |   0    |  41.82MB  
 00:00:10 | 00:01:25 | 0.00:35:49 |  10.48%  |   102   |    0     | 98%  |   1038   |   0    |  42.11MB  
 00:00:15 | 00:01:20 | 0.00:53:52 |  15.77%  |   169   |    0     | 98%  |   2016   |   0    |  42.46MB  
 00:00:20 | 00:01:14 | 0.01:12:15 |  21.15%  |   222   |    0     | 97%  |   2834   |   0    |  42.05MB  
 00:00:25 | 00:00:59 | 0.01:41:03 |  29.58%  |   289   |    0     | 96%  |   3635   |   0    |  42.45MB  
 00:00:30 | 00:00:51 | 0.02:05:45 |  36.81%  |   363   |    0     | 95%  |   4342   |   0    |  42.66MB  
 00:00:35 | 00:00:38 | 0.02:43:27 |  47.84%  |   435   |    0     | 94%  |   5311   |   0    |  43.25MB  
 00:00:40 | 00:00:29 | 0.03:15:22 |  57.18%  |   522   |    0     | 92%  |   6173   |   0    |  43.38MB  
 00:00:45 | 00:00:22 | 0.03:48:12 |  66.79%  |   617   |    0     | 91%  |   7852   |   0    |  43.92MB  
 00:00:50 | 00:00:14 | 0.04:23:17 |  77.06%  |   734   |    0     | 90%  |   8650   |   0    |  44.20MB  
 00:00:55 | 00:00:04 | 0.05:14:30 |  92.05%  |   865   |    0     | 88%  |  11110   |   0    |  44.86MB  
 00:00:57 | 00:00:00 | 0.05:41:40 | 100.00%  |   939   |    0     | 87%  |  12773   |   0    |  45.05MB  
 00:00:57 | >>> Simulation finished - writing results ...
 00:00:57 | >>> Results written
Simulation finished.
>>> Timings
StatTimingPathPlanningAverage: 0.00016931192819919
StatTimingPathPlanningOverall: 0.877205100000001
StatTimingPathPlanningCount: 5181
StatTimingTaskAllocationAverage: 0.014235529556213
StatTimingTaskAllocationOverall: 48.1160898999999
StatTimingTaskAllocationCount: 3380
StatTimingItemStorageAverage: 0.00120940548815713
StatTimingItemStorageOverall: 4.1869618
StatTimingItemStorageCount: 3462
StatTimingPodStorageAverage: 0
StatTimingPodStorageOverall: 0
StatTimingPodStorageCount: 0
StatTimingReplenishmentBatchingAverage: 1.84040293040293E-05
StatTimingReplenishmentBatchingOverall: 0.0100486
StatTimingReplenishmentBatchingCount: 546
StatTimingOrderBatchingAverage: 0.00029435640625
StatTimingOrderBatchingOverall: 0.5651643
StatTimingOrderBatchingCount: 1920
>>> Overall
StatOverallBundlesPlaced: 298
StatOverallItemsOrdered: 3368
StatOverallOrdersPlaced: 1000
StatOverallBundlesRejected: 0
StatOverallOrdersRejected: 0
StatOverallBundlesHandled: 0
StatOverallItemsHandled: 3206
StatOverallLinesHandled: 3055
StatOverallOrdersHandled: 939
StatOverallCollisions: 0
StatOverallDistanceEstimated: 10377
StatOverallAssignedTasks: 3380
StatMaxMemoryUsed: 45.0390625
StatRealTimeUsed: 57.2402323
StatMedianTurnoverTime: 10219.7787466612
StatLowerQuartileTurnoverTime: 4617.70435666296
StatUpperQuartileTurnoverTime: 14942.3748628571
StatAverageThroughputTime: 509.276440729703
StatMedianThroughputTime: 354.706753265178
StatLowerQuartileThroughputTime: 182.159538235852
StatUpperQuartileThroughputTime: 676.058333333345
StatOverallTotalTimeQueueing: 77870.2088627201
StatAverageTurnoverTime: 10028.4565900444
StatAverageThroughputTime: 509.276440729703
StatOverallDistanceTraveled: 12772.9999999999

Marked tag finished after 1 tries!
.Fin. - SUCCESS
